name       cell flat sibf    T    Wrange  87-sib 87-(T-flat)
R_10_20    Sib    31   47   78     18-30      40          40
R_10_25    Sib    36   47   83     18-35      40          40
R_10_30    Sib    41   47   88     18-40      40          40
R_10_40    Big    47   51   98     45-46      36          36
R_10_40    Sib    51   47   98     18-50      40          40
R_10_50    Big    47   61  108     42-43      26          26
R_10_50    Sib    61   47  108     18-60      40          40
R_10_60    Big    47   71  118     38-41      16          16
R_10_60    Sib    71   47  118     18-70      40          40
R_12_12    Sib    23   55   78     18-22      32          32
R_12_15    Sib    26   55   81     18-25      32          32
R_12_18    Sib    29   55   84     18-28      32          32
R_12_20    Sib    31   55   86     18-30      32          32
R_12_25    Sib    36   55   91     18-35      32          32
R_12_30    Big    55   41   96     53-54      46          46
R_12_30    Sib    41   55   96     18-40      32          32
R_12_40    Big    55   51  106     46-49      36          36
R_12_40    Sib    51   55  106     18-50      32          32
R_12_50    Big    55   61  116     46-49      26          26
R_12_50    Sib    61   55  116     18-60      32          32
R_12_60    Big    55   71  126     42-45      16          16
R_12_60    Sib    71   55  126     18-70      32          32
R_16_10    Big    71   21   92     69-70      66          66
R_16_10    Sib    21   71   92     18-20      16          16
R_16_12    Big    71   23   94     69-70      64          64
R_16_12    Sib    23   71   94     18-22      16          16
R_16_15    Big    71   26   97     66-67      61          61
R_16_15    Sib    26   71   97     18-25      16          16
R_16_18    Big    71   29  100     62-65      58          58
R_16_18    Sib    29   71  100     18-28      16          16
R_16_20    Big    71   31  102     62-65      56          56
R_16_20    Sib    31   71  102     18-30      16          16
R_16_25    Big    71   36  107     58-61      51          51
R_16_25    Sib    36   71  107     18-35      16          16
R_16_30    Big    71   41  112     58-61      46          46
R_16_30    Sib    41   71  112     18-40      16          16
R_16_40    Big    71   51  122     54-57      36          36
R_16_40    Sib    51   71  122     18-50      16          16
R_16_50    Big    71   61  132     50-53      26          26
R_16_50    Sib    61   71  132     18-60      16          16
R_16_60    Big    71   71  142     46-49      16          16
R_16_60    Sib    71   71  142     18-70      16          16
R_20_1     Big    87   12   99     78-81      75          75
R_20_10    Big    87   21  108     70-73      66          66
R_20_10    Sib    21   87  108     18-20       0           0
R_20_12    Big    87   23  110     70-73      64          64
R_20_12    Sib    23   87  110     18-22       0           0
R_20_15    Big    87   26  113     70-73      61          61
R_20_15    Sib    26   87  113     18-25       0           0
R_20_18    Big    87   29  116     66-69      58          58
R_20_18    Sib    29   87  116     18-28       0           0
R_20_20    Big    87   31  118     66-69      56          56
R_20_20    Sib    31   87  118     18-30       0           0
R_20_25    Big    87   36  123     62-65      51          51
R_20_25    Sib    36   87  123     18-35       0           0
R_20_3     Big    87   14  101     74-77      73          73
R_20_30    Big    87   41  128     62-65      46          46
R_20_30    Sib    41   87  128     18-40       0           0
R_20_40    Big    87   51  138     58-61      36          36
R_20_40    Sib    51   87  138     18-50       0           0
R_20_5     Big    87   16  103     74-77      71          71
R_20_50    Big    87   61  148     54-57      26          26
R_20_50    Sib    61   87  148     18-60       0           0
R_20_60    Big    87   71  158     50-53      16          16
R_20_60    Sib    71   87  158     18-70       0           0
R_20_8     Big    87   19  106     74-77      68          68
R_8_30     Sib    41   39   80     18-40      48          48
R_8_40     Sib    51   39   90     18-50      48          48
R_8_50     Big    39   61  100     37-38      26          26
R_8_50     Sib    61   39  100     18-60      48          48
R_8_60     Big    39   71  110     34-35      16          16
R_8_60     Sib    71   39  110     18-70      48          48
