theory Pall

begin

// Function signature and definition of the equational theory E

builtins: diffie-hellman, bilinear-pairing, multiset, natural-numbers,
          xor
functions: adec/2, aenc/2, fst/1, getMessage/1, h/1, pair/2, pk/1,
           revealSign/2, revealVerify/3, sdec/2, senc/2, sign/2, snd/1, true/0,
           verify/3
equations:
    adec(aenc(x.1, pk(x.2)), x.2) = x.1,
    fst(<x.1, x.2>) = x.1,
    getMessage(revealSign(x.1, x.2)) = x.1,
    revealVerify(revealSign(x.1, x.2), x.1, pk(x.2)) = true,
    sdec(senc(x.1, x.2), x.2) = x.1,
    snd(<x.1, x.2>) = x.2,
    verify(sign(x.1, x.2), x.1, pk(x.2)) = true

rule (modulo E) A:
   [ In( x ) ] --> [ Out( x ) ]

  /* has exactly the trivial AC variant */



end
