theory Pvar1

begin

// Function signature and definition of the equational theory E

builtins: xor
functions: fst/1, pair/2, snd/1
equations: fst(<x.1, x.2>) = x.1, snd(<x.1, x.2>) = x.2

rule (modulo E) V:
   [ Fr( ~longvariablenameone ), Fr( ~lv2 ) ]
  -->
   [ Out( (~longvariablenameone⊕~lv2) ) ]

  /*
  rule (modulo AC) V:
     [ Fr( ~longvariablenameone ), Fr( ~lv2 ) ] --> [ Out( z ) ]
    variants (modulo AC)
    1. ~longvariablenameone
             = ~longvariablenameone.4
       ~lv2  = ~lv2.4
       z     = (~longvariablenameone.4⊕~lv2.4)
    
    2. ~longvariablenameone
             = ~x.4
       ~lv2  = ~x.4
       z     = zero
  */



end
