theory qla3

begin

// Function signature and definition of the equational theory E

functions: fst/1, pair/2, snd/1
equations: fst(<x.1, x.2>) = x.1, snd(<x.1, x.2>) = x.2

tactic: mytac
presort: s
prio: {id}
  regex".*"

rule (modulo E) R1:
   [ In( x ) ] --[ A( x ), B( x, x ) ]-> [ Out( x ) ]

  /* has exactly the trivial AC variant */

lemma lb1 [heuristic={mytac}]:
  all-traces "∀ x #i. (A( x ) @ #i) ⇒ (∃ #j. B( x, x ) @ #j)"
/*
guarded formula characterizing all counter-examples:
"∃ x #i. (A( x ) @ #i) ∧ ∀ #j. (B( x, x ) @ #j) ⇒ ⊥"
*/
by sorry



end
