theory Txor

begin

// Function signature and definition of the equational theory E

builtins: xor
functions: fst/1, pair/2, snd/1
equations: fst(<x.1, x.2>) = x.1, snd(<x.1, x.2>) = x.2

rule (modulo E) X1:
   [ In( x ), In( y ), In( z ) ] --> [ Out( (x⊕y⊕z) ) ]

  /*
  rule (modulo AC) X1:
     [ In( x ), In( y ), In( z ) ] --> [ Out( z.1 ) ]
    variants (modulo AC)
     1. x     = x.5
        y     = x.5
        z     = z.6
        z.1   = z.6
    
     2. x     = x.5
        y     = y.5
        z     = z.5
        z.1   = (x.5⊕y.5⊕z.5)
    
     3. x     = x.5
        y     = y.5
        z     = zero
        z.1   = (x.5⊕y.5)
    
     4. x     = x.5
        y     = x.6
        z     = (x.5⊕x.6)
        z.1   = zero
    
     5. x     = x.5
        y     = x.6
        z     = (x.5⊕x.6⊕x.7)
        z.1   = x.7
    
     6. x     = x.5
        y     = y.6
        z     = x.5
        z.1   = y.6
    
     7. x     = x.5
        y     = y.8
        z     = (x.5⊕x.7)
        z.1   = (x.7⊕y.8)
    
     8. x     = x.5
        y     = zero
        z     = z.5
        z.1   = (x.5⊕z.5)
    
     9. x     = x.5
        y     = zero
        z     = (x.5⊕x.6)
        z.1   = x.6
    
    10. x     = x.5
        y     = (x.5⊕x.6)
        z     = x.6
        z.1   = zero
    
    11. x     = x.5
        y     = (x.5⊕x.6)
        z     = z.7
        z.1   = (x.6⊕z.7)
    
    12. x     = x.5
        y     = (x.5⊕x.6)
        z     = zero
        z.1   = x.6
    
    13. x     = x.5
        y     = (x.5⊕x.6)
        z     = (x.6⊕x.7)
        z.1   = x.7
    
    14. x     = x.5
        y     = (x.5⊕x.6⊕x.7)
        z     = x.7
        z.1   = x.6
    
    15. x     = x.5
        y     = (x.5⊕x.6⊕x.7)
        z     = (x.6⊕x.8)
        z.1   = (x.7⊕x.8)
    
    16. x     = x.5
        y     = (x.6⊕x.7)
        z     = (x.5⊕x.6⊕x.8)
        z.1   = (x.7⊕x.8)
    
    17. x     = x.5
        y     = (x.6⊕x.7)
        z     = (x.5⊕x.7)
        z.1   = x.6
    
    18. x     = x.6
        y     = x.5
        z     = x.5
        z.1   = x.6
    
    19. x     = x.7
        y     = x.5
        z     = (x.5⊕x.6)
        z.1   = (x.6⊕x.7)
    
    20. x     = x.7
        y     = (x.5⊕x.6)
        z     = x.5
        z.1   = (x.6⊕x.7)
    
    21. x     = x.8
        y     = (x.5⊕x.6)
        z     = (x.5⊕x.7)
        z.1   = (x.6⊕x.7⊕x.8)
    
    22. x     = zero
        y     = x.5
        z     = (x.5⊕x.6)
        z.1   = x.6
    
    23. x     = zero
        y     = y.5
        z     = z.5
        z.1   = (y.5⊕z.5)
    
    24. x     = zero
        y     = (x.5⊕x.6)
        z     = x.5
        z.1   = x.6
    
    25. x     = zero
        y     = (x.5⊕x.6)
        z     = (x.5⊕x.7)
        z.1   = (x.6⊕x.7)
    
    26. x     = (x.5⊕x.6)
        y     = x.5
        z     = x.6
        z.1   = zero
    
    27. x     = (x.5⊕x.6)
        y     = x.5
        z     = z.7
        z.1   = (x.6⊕z.7)
    
    28. x     = (x.5⊕x.6)
        y     = x.5
        z     = zero
        z.1   = x.6
    
    29. x     = (x.5⊕x.6)
        y     = x.5
        z     = (x.6⊕x.7)
        z.1   = x.7
    
    30. x     = (x.5⊕x.6)
        y     = x.7
        z     = (x.5⊕x.7)
        z.1   = x.6
    
    31. x     = (x.5⊕x.6)
        y     = x.7
        z     = (x.5⊕x.7⊕x.8)
        z.1   = (x.6⊕x.8)
    
    32. x     = (x.5⊕x.6)
        y     = y.7
        z     = x.5
        z.1   = (x.6⊕y.7)
    
    33. x     = (x.5⊕x.6)
        y     = y.9
        z     = (x.5⊕x.8)
        z.1   = (x.6⊕x.8⊕y.9)
    
    34. x     = (x.5⊕x.6)
        y     = zero
        z     = x.5
        z.1   = x.6
    
    35. x     = (x.5⊕x.6)
        y     = zero
        z     = (x.5⊕x.7)
        z.1   = (x.6⊕x.7)
    
    36. x     = (x.5⊕x.6)
        y     = (x.5⊕x.7)
        z     = x.6
        z.1   = x.7
    
    37. x     = (x.5⊕x.6)
        y     = (x.5⊕x.7)
        z     = x.7
        z.1   = x.6
    
    38. x     = (x.5⊕x.6)
        y     = (x.5⊕x.7)
        z     = z.8
        z.1   = (x.6⊕x.7⊕z.8)
    
    39. x     = (x.5⊕x.6)
        y     = (x.5⊕x.7)
        z     = zero
        z.1   = (x.6⊕x.7)
    
    40. x     = (x.5⊕x.6)
        y     = (x.5⊕x.7)
        z     = (x.6⊕x.7)
        z.1   = zero
    
    41. x     = (x.5⊕x.6)
        y     = (x.5⊕x.7)
        z     = (x.6⊕x.7⊕x.8)
        z.1   = x.8
    
    42. x     = (x.5⊕x.6)
        y     = (x.5⊕x.7)
        z     = (x.6⊕x.8)
        z.1   = (x.7⊕x.8)
    
    43. x     = (x.5⊕x.6)
        y     = (x.5⊕x.7)
        z     = (x.7⊕x.8)
        z.1   = (x.6⊕x.8)
    
    44. x     = (x.5⊕x.6)
        y     = (x.5⊕x.7⊕x.8)
        z     = x.7
        z.1   = (x.6⊕x.8)
    
    45. x     = (x.5⊕x.6)
        y     = (x.5⊕x.7⊕x.8)
        z     = (x.6⊕x.7⊕x.9)
        z.1   = (x.8⊕x.9)
    
    46. x     = (x.5⊕x.6)
        y     = (x.5⊕x.7⊕x.8)
        z     = (x.6⊕x.8)
        z.1   = x.7
    
    47. x     = (x.5⊕x.6)
        y     = (x.5⊕x.7⊕x.8)
        z     = (x.7⊕x.9)
        z.1   = (x.6⊕x.8⊕x.9)
    
    48. x     = (x.5⊕x.6)
        y     = (x.7⊕x.8)
        z     = (x.5⊕x.7)
        z.1   = (x.6⊕x.8)
    
    49. x     = (x.5⊕x.6)
        y     = (x.7⊕x.8)
        z     = (x.5⊕x.7⊕x.9)
        z.1   = (x.6⊕x.8⊕x.9)
    
    50. x     = (x.5⊕x.6⊕x.7)
        y     = x.6
        z     = x.7
        z.1   = x.5
    
    51. x     = (x.5⊕x.6⊕x.7)
        y     = x.6
        z     = (x.5⊕x.8)
        z.1   = (x.7⊕x.8)
    
    52. x     = (x.5⊕x.6⊕x.7)
        y     = (x.5⊕x.8)
        z     = x.6
        z.1   = (x.7⊕x.8)
    
    53. x     = (x.5⊕x.6⊕x.7)
        y     = (x.6⊕x.8)
        z     = (x.5⊕x.8)
        z.1   = x.7
    
    54. x     = (x.5⊕x.6⊕x.7)
        y     = (x.6⊕x.8)
        z     = (x.5⊕x.8⊕x.9)
        z.1   = (x.7⊕x.9)
    
    55. x     = (x.5⊕x.6⊕x.7)
        y     = (x.6⊕x.8)
        z     = (x.5⊕x.9)
        z.1   = (x.7⊕x.8⊕x.9)
    
    56. x     = (x.5⊕x.6⊕x.7)
        y     = (x.6⊕x.8⊕x.9)
        z     = (x.5⊕x.8)
        z.1   = (x.7⊕x.9)
    
    57. x     = (x.5⊕x.6⊕x.7)
        y     = (x.6⊕x.8⊕x.9)
        z     = (x.5⊕x.8⊕x.10)
        z.1   = (x.7⊕x.9⊕x.10)
  */

rule (modulo E) X2:
   [ In( x ), In( y ), In( z ) ] --> [ Out( (x⊕y⊕z) ) ]

  /*
  rule (modulo AC) X2:
     [ In( x ), In( y ), In( z ) ] --> [ Out( z.1 ) ]
    variants (modulo AC)
     1. x     = x.5
        y     = x.5
        z     = z.6
        z.1   = z.6
    
     2. x     = x.5
        y     = y.5
        z     = z.5
        z.1   = (x.5⊕y.5⊕z.5)
    
     3. x     = x.5
        y     = y.5
        z     = zero
        z.1   = (x.5⊕y.5)
    
     4. x     = x.5
        y     = x.6
        z     = (x.5⊕x.6)
        z.1   = zero
    
     5. x     = x.5
        y     = x.6
        z     = (x.5⊕x.6⊕x.7)
        z.1   = x.7
    
     6. x     = x.5
        y     = y.6
        z     = x.5
        z.1   = y.6
    
     7. x     = x.5
        y     = y.8
        z     = (x.5⊕x.7)
        z.1   = (x.7⊕y.8)
    
     8. x     = x.5
        y     = zero
        z     = z.5
        z.1   = (x.5⊕z.5)
    
     9. x     = x.5
        y     = zero
        z     = (x.5⊕x.6)
        z.1   = x.6
    
    10. x     = x.5
        y     = (x.5⊕x.6)
        z     = x.6
        z.1   = zero
    
    11. x     = x.5
        y     = (x.5⊕x.6)
        z     = z.7
        z.1   = (x.6⊕z.7)
    
    12. x     = x.5
        y     = (x.5⊕x.6)
        z     = zero
        z.1   = x.6
    
    13. x     = x.5
        y     = (x.5⊕x.6)
        z     = (x.6⊕x.7)
        z.1   = x.7
    
    14. x     = x.5
        y     = (x.5⊕x.6⊕x.7)
        z     = x.7
        z.1   = x.6
    
    15. x     = x.5
        y     = (x.5⊕x.6⊕x.7)
        z     = (x.6⊕x.8)
        z.1   = (x.7⊕x.8)
    
    16. x     = x.5
        y     = (x.6⊕x.7)
        z     = (x.5⊕x.6⊕x.8)
        z.1   = (x.7⊕x.8)
    
    17. x     = x.5
        y     = (x.6⊕x.7)
        z     = (x.5⊕x.7)
        z.1   = x.6
    
    18. x     = x.6
        y     = x.5
        z     = x.5
        z.1   = x.6
    
    19. x     = x.7
        y     = x.5
        z     = (x.5⊕x.6)
        z.1   = (x.6⊕x.7)
    
    20. x     = x.7
        y     = (x.5⊕x.6)
        z     = x.5
        z.1   = (x.6⊕x.7)
    
    21. x     = x.8
        y     = (x.5⊕x.6)
        z     = (x.5⊕x.7)
        z.1   = (x.6⊕x.7⊕x.8)
    
    22. x     = zero
        y     = x.5
        z     = (x.5⊕x.6)
        z.1   = x.6
    
    23. x     = zero
        y     = y.5
        z     = z.5
        z.1   = (y.5⊕z.5)
    
    24. x     = zero
        y     = (x.5⊕x.6)
        z     = x.5
        z.1   = x.6
    
    25. x     = zero
        y     = (x.5⊕x.6)
        z     = (x.5⊕x.7)
        z.1   = (x.6⊕x.7)
    
    26. x     = (x.5⊕x.6)
        y     = x.5
        z     = x.6
        z.1   = zero
    
    27. x     = (x.5⊕x.6)
        y     = x.5
        z     = z.7
        z.1   = (x.6⊕z.7)
    
    28. x     = (x.5⊕x.6)
        y     = x.5
        z     = zero
        z.1   = x.6
    
    29. x     = (x.5⊕x.6)
        y     = x.5
        z     = (x.6⊕x.7)
        z.1   = x.7
    
    30. x     = (x.5⊕x.6)
        y     = x.7
        z     = (x.5⊕x.7)
        z.1   = x.6
    
    31. x     = (x.5⊕x.6)
        y     = x.7
        z     = (x.5⊕x.7⊕x.8)
        z.1   = (x.6⊕x.8)
    
    32. x     = (x.5⊕x.6)
        y     = y.7
        z     = x.5
        z.1   = (x.6⊕y.7)
    
    33. x     = (x.5⊕x.6)
        y     = y.9
        z     = (x.5⊕x.8)
        z.1   = (x.6⊕x.8⊕y.9)
    
    34. x     = (x.5⊕x.6)
        y     = zero
        z     = x.5
        z.1   = x.6
    
    35. x     = (x.5⊕x.6)
        y     = zero
        z     = (x.5⊕x.7)
        z.1   = (x.6⊕x.7)
    
    36. x     = (x.5⊕x.6)
        y     = (x.5⊕x.7)
        z     = x.6
        z.1   = x.7
    
    37. x     = (x.5⊕x.6)
        y     = (x.5⊕x.7)
        z     = x.7
        z.1   = x.6
    
    38. x     = (x.5⊕x.6)
        y     = (x.5⊕x.7)
        z     = z.8
        z.1   = (x.6⊕x.7⊕z.8)
    
    39. x     = (x.5⊕x.6)
        y     = (x.5⊕x.7)
        z     = zero
        z.1   = (x.6⊕x.7)
    
    40. x     = (x.5⊕x.6)
        y     = (x.5⊕x.7)
        z     = (x.6⊕x.7)
        z.1   = zero
    
    41. x     = (x.5⊕x.6)
        y     = (x.5⊕x.7)
        z     = (x.6⊕x.7⊕x.8)
        z.1   = x.8
    
    42. x     = (x.5⊕x.6)
        y     = (x.5⊕x.7)
        z     = (x.6⊕x.8)
        z.1   = (x.7⊕x.8)
    
    43. x     = (x.5⊕x.6)
        y     = (x.5⊕x.7)
        z     = (x.7⊕x.8)
        z.1   = (x.6⊕x.8)
    
    44. x     = (x.5⊕x.6)
        y     = (x.5⊕x.7⊕x.8)
        z     = x.7
        z.1   = (x.6⊕x.8)
    
    45. x     = (x.5⊕x.6)
        y     = (x.5⊕x.7⊕x.8)
        z     = (x.6⊕x.7⊕x.9)
        z.1   = (x.8⊕x.9)
    
    46. x     = (x.5⊕x.6)
        y     = (x.5⊕x.7⊕x.8)
        z     = (x.6⊕x.8)
        z.1   = x.7
    
    47. x     = (x.5⊕x.6)
        y     = (x.5⊕x.7⊕x.8)
        z     = (x.7⊕x.9)
        z.1   = (x.6⊕x.8⊕x.9)
    
    48. x     = (x.5⊕x.6)
        y     = (x.7⊕x.8)
        z     = (x.5⊕x.7)
        z.1   = (x.6⊕x.8)
    
    49. x     = (x.5⊕x.6)
        y     = (x.7⊕x.8)
        z     = (x.5⊕x.7⊕x.9)
        z.1   = (x.6⊕x.8⊕x.9)
    
    50. x     = (x.5⊕x.6⊕x.7)
        y     = x.6
        z     = x.7
        z.1   = x.5
    
    51. x     = (x.5⊕x.6⊕x.7)
        y     = x.6
        z     = (x.5⊕x.8)
        z.1   = (x.7⊕x.8)
    
    52. x     = (x.5⊕x.6⊕x.7)
        y     = (x.5⊕x.8)
        z     = x.6
        z.1   = (x.7⊕x.8)
    
    53. x     = (x.5⊕x.6⊕x.7)
        y     = (x.6⊕x.8)
        z     = (x.5⊕x.8)
        z.1   = x.7
    
    54. x     = (x.5⊕x.6⊕x.7)
        y     = (x.6⊕x.8)
        z     = (x.5⊕x.8⊕x.9)
        z.1   = (x.7⊕x.9)
    
    55. x     = (x.5⊕x.6⊕x.7)
        y     = (x.6⊕x.8)
        z     = (x.5⊕x.9)
        z.1   = (x.7⊕x.8⊕x.9)
    
    56. x     = (x.5⊕x.6⊕x.7)
        y     = (x.6⊕x.8⊕x.9)
        z     = (x.5⊕x.8)
        z.1   = (x.7⊕x.9)
    
    57. x     = (x.5⊕x.6⊕x.7)
        y     = (x.6⊕x.8⊕x.9)
        z     = (x.5⊕x.8⊕x.10)
        z.1   = (x.7⊕x.9⊕x.10)
  */

rule (modulo E) X3:
   [ In( x ), In( y ), In( z ) ] --> [ Out( (x⊕y⊕z) ) ]

  /*
  rule (modulo AC) X3:
     [ In( x ), In( y ), In( z ) ] --> [ Out( z.1 ) ]
    variants (modulo AC)
     1. x     = x.5
        y     = x.5
        z     = z.6
        z.1   = z.6
    
     2. x     = x.5
        y     = y.5
        z     = z.5
        z.1   = (x.5⊕y.5⊕z.5)
    
     3. x     = x.5
        y     = y.5
        z     = zero
        z.1   = (x.5⊕y.5)
    
     4. x     = x.5
        y     = x.6
        z     = (x.5⊕x.6)
        z.1   = zero
    
     5. x     = x.5
        y     = x.6
        z     = (x.5⊕x.6⊕x.7)
        z.1   = x.7
    
     6. x     = x.5
        y     = y.6
        z     = x.5
        z.1   = y.6
    
     7. x     = x.5
        y     = y.8
        z     = (x.5⊕x.7)
        z.1   = (x.7⊕y.8)
    
     8. x     = x.5
        y     = zero
        z     = z.5
        z.1   = (x.5⊕z.5)
    
     9. x     = x.5
        y     = zero
        z     = (x.5⊕x.6)
        z.1   = x.6
    
    10. x     = x.5
        y     = (x.5⊕x.6)
        z     = x.6
        z.1   = zero
    
    11. x     = x.5
        y     = (x.5⊕x.6)
        z     = z.7
        z.1   = (x.6⊕z.7)
    
    12. x     = x.5
        y     = (x.5⊕x.6)
        z     = zero
        z.1   = x.6
    
    13. x     = x.5
        y     = (x.5⊕x.6)
        z     = (x.6⊕x.7)
        z.1   = x.7
    
    14. x     = x.5
        y     = (x.5⊕x.6⊕x.7)
        z     = x.7
        z.1   = x.6
    
    15. x     = x.5
        y     = (x.5⊕x.6⊕x.7)
        z     = (x.6⊕x.8)
        z.1   = (x.7⊕x.8)
    
    16. x     = x.5
        y     = (x.6⊕x.7)
        z     = (x.5⊕x.6⊕x.8)
        z.1   = (x.7⊕x.8)
    
    17. x     = x.5
        y     = (x.6⊕x.7)
        z     = (x.5⊕x.7)
        z.1   = x.6
    
    18. x     = x.6
        y     = x.5
        z     = x.5
        z.1   = x.6
    
    19. x     = x.7
        y     = x.5
        z     = (x.5⊕x.6)
        z.1   = (x.6⊕x.7)
    
    20. x     = x.7
        y     = (x.5⊕x.6)
        z     = x.5
        z.1   = (x.6⊕x.7)
    
    21. x     = x.8
        y     = (x.5⊕x.6)
        z     = (x.5⊕x.7)
        z.1   = (x.6⊕x.7⊕x.8)
    
    22. x     = zero
        y     = x.5
        z     = (x.5⊕x.6)
        z.1   = x.6
    
    23. x     = zero
        y     = y.5
        z     = z.5
        z.1   = (y.5⊕z.5)
    
    24. x     = zero
        y     = (x.5⊕x.6)
        z     = x.5
        z.1   = x.6
    
    25. x     = zero
        y     = (x.5⊕x.6)
        z     = (x.5⊕x.7)
        z.1   = (x.6⊕x.7)
    
    26. x     = (x.5⊕x.6)
        y     = x.5
        z     = x.6
        z.1   = zero
    
    27. x     = (x.5⊕x.6)
        y     = x.5
        z     = z.7
        z.1   = (x.6⊕z.7)
    
    28. x     = (x.5⊕x.6)
        y     = x.5
        z     = zero
        z.1   = x.6
    
    29. x     = (x.5⊕x.6)
        y     = x.5
        z     = (x.6⊕x.7)
        z.1   = x.7
    
    30. x     = (x.5⊕x.6)
        y     = x.7
        z     = (x.5⊕x.7)
        z.1   = x.6
    
    31. x     = (x.5⊕x.6)
        y     = x.7
        z     = (x.5⊕x.7⊕x.8)
        z.1   = (x.6⊕x.8)
    
    32. x     = (x.5⊕x.6)
        y     = y.7
        z     = x.5
        z.1   = (x.6⊕y.7)
    
    33. x     = (x.5⊕x.6)
        y     = y.9
        z     = (x.5⊕x.8)
        z.1   = (x.6⊕x.8⊕y.9)
    
    34. x     = (x.5⊕x.6)
        y     = zero
        z     = x.5
        z.1   = x.6
    
    35. x     = (x.5⊕x.6)
        y     = zero
        z     = (x.5⊕x.7)
        z.1   = (x.6⊕x.7)
    
    36. x     = (x.5⊕x.6)
        y     = (x.5⊕x.7)
        z     = x.6
        z.1   = x.7
    
    37. x     = (x.5⊕x.6)
        y     = (x.5⊕x.7)
        z     = x.7
        z.1   = x.6
    
    38. x     = (x.5⊕x.6)
        y     = (x.5⊕x.7)
        z     = z.8
        z.1   = (x.6⊕x.7⊕z.8)
    
    39. x     = (x.5⊕x.6)
        y     = (x.5⊕x.7)
        z     = zero
        z.1   = (x.6⊕x.7)
    
    40. x     = (x.5⊕x.6)
        y     = (x.5⊕x.7)
        z     = (x.6⊕x.7)
        z.1   = zero
    
    41. x     = (x.5⊕x.6)
        y     = (x.5⊕x.7)
        z     = (x.6⊕x.7⊕x.8)
        z.1   = x.8
    
    42. x     = (x.5⊕x.6)
        y     = (x.5⊕x.7)
        z     = (x.6⊕x.8)
        z.1   = (x.7⊕x.8)
    
    43. x     = (x.5⊕x.6)
        y     = (x.5⊕x.7)
        z     = (x.7⊕x.8)
        z.1   = (x.6⊕x.8)
    
    44. x     = (x.5⊕x.6)
        y     = (x.5⊕x.7⊕x.8)
        z     = x.7
        z.1   = (x.6⊕x.8)
    
    45. x     = (x.5⊕x.6)
        y     = (x.5⊕x.7⊕x.8)
        z     = (x.6⊕x.7⊕x.9)
        z.1   = (x.8⊕x.9)
    
    46. x     = (x.5⊕x.6)
        y     = (x.5⊕x.7⊕x.8)
        z     = (x.6⊕x.8)
        z.1   = x.7
    
    47. x     = (x.5⊕x.6)
        y     = (x.5⊕x.7⊕x.8)
        z     = (x.7⊕x.9)
        z.1   = (x.6⊕x.8⊕x.9)
    
    48. x     = (x.5⊕x.6)
        y     = (x.7⊕x.8)
        z     = (x.5⊕x.7)
        z.1   = (x.6⊕x.8)
    
    49. x     = (x.5⊕x.6)
        y     = (x.7⊕x.8)
        z     = (x.5⊕x.7⊕x.9)
        z.1   = (x.6⊕x.8⊕x.9)
    
    50. x     = (x.5⊕x.6⊕x.7)
        y     = x.6
        z     = x.7
        z.1   = x.5
    
    51. x     = (x.5⊕x.6⊕x.7)
        y     = x.6
        z     = (x.5⊕x.8)
        z.1   = (x.7⊕x.8)
    
    52. x     = (x.5⊕x.6⊕x.7)
        y     = (x.5⊕x.8)
        z     = x.6
        z.1   = (x.7⊕x.8)
    
    53. x     = (x.5⊕x.6⊕x.7)
        y     = (x.6⊕x.8)
        z     = (x.5⊕x.8)
        z.1   = x.7
    
    54. x     = (x.5⊕x.6⊕x.7)
        y     = (x.6⊕x.8)
        z     = (x.5⊕x.8⊕x.9)
        z.1   = (x.7⊕x.9)
    
    55. x     = (x.5⊕x.6⊕x.7)
        y     = (x.6⊕x.8)
        z     = (x.5⊕x.9)
        z.1   = (x.7⊕x.8⊕x.9)
    
    56. x     = (x.5⊕x.6⊕x.7)
        y     = (x.6⊕x.8⊕x.9)
        z     = (x.5⊕x.8)
        z.1   = (x.7⊕x.9)
    
    57. x     = (x.5⊕x.6⊕x.7)
        y     = (x.6⊕x.8⊕x.9)
        z     = (x.5⊕x.8⊕x.10)
        z.1   = (x.7⊕x.9⊕x.10)
  */

rule (modulo E) X4:
   [ ] --> [ Out( zero ) ]

  /* has exactly the trivial AC variant */



end
