l_LA2_68	/home/kamilner/tamarin-cleanroom/graphdot/workspace/r12/probeL_dots/l_LA2_68.dot	483
l_LA2_69	/home/kamilner/tamarin-cleanroom/graphdot/workspace/r12/probeL_dots/l_LA2_69.dot	484
l_LA2_70	/home/kamilner/tamarin-cleanroom/graphdot/workspace/r12/probeL_dots/l_LA2_70.dot	485
l_LA2_71	/home/kamilner/tamarin-cleanroom/graphdot/workspace/r12/probeL_dots/l_LA2_71.dot	517
l_LA3_68	/home/kamilner/tamarin-cleanroom/graphdot/workspace/r12/probeL_dots/l_LA3_68.dot	480
l_LA3_69	/home/kamilner/tamarin-cleanroom/graphdot/workspace/r12/probeL_dots/l_LA3_69.dot	484
l_LA3_70	/home/kamilner/tamarin-cleanroom/graphdot/workspace/r12/probeL_dots/l_LA3_70.dot	485
l_LA3_71	/home/kamilner/tamarin-cleanroom/graphdot/workspace/r12/probeL_dots/l_LA3_71.dot	486
l_LA4_69	/home/kamilner/tamarin-cleanroom/graphdot/workspace/r12/probeL_dots/l_LA4_69.dot	484
l_LA4_70	/home/kamilner/tamarin-cleanroom/graphdot/workspace/r12/probeL_dots/l_LA4_70.dot	485
l_LA4_71	/home/kamilner/tamarin-cleanroom/graphdot/workspace/r12/probeL_dots/l_LA4_71.dot	487
l_LA4_72	/home/kamilner/tamarin-cleanroom/graphdot/workspace/r12/probeL_dots/l_LA4_72.dot	519
l_LA4_73	/home/kamilner/tamarin-cleanroom/graphdot/workspace/r12/probeL_dots/l_LA4_73.dot	520
l_LA6_70	/home/kamilner/tamarin-cleanroom/graphdot/workspace/r12/probeL_dots/l_LA6_70.dot	486
l_LA6_71	/home/kamilner/tamarin-cleanroom/graphdot/workspace/r12/probeL_dots/l_LA6_71.dot	487
l_LA6_72	/home/kamilner/tamarin-cleanroom/graphdot/workspace/r12/probeL_dots/l_LA6_72.dot	519
l_LA6_73	/home/kamilner/tamarin-cleanroom/graphdot/workspace/r12/probeL_dots/l_LA6_73.dot	520
l_LB2_69	/home/kamilner/tamarin-cleanroom/graphdot/workspace/r12/probeL_dots/l_LB2_69.dot	485
l_LB2_70	/home/kamilner/tamarin-cleanroom/graphdot/workspace/r12/probeL_dots/l_LB2_70.dot	486
l_LB2_71	/home/kamilner/tamarin-cleanroom/graphdot/workspace/r12/probeL_dots/l_LB2_71.dot	518
l_LB4_70	/home/kamilner/tamarin-cleanroom/graphdot/workspace/r12/probeL_dots/l_LB4_70.dot	486
l_LB4_71	/home/kamilner/tamarin-cleanroom/graphdot/workspace/r12/probeL_dots/l_LB4_71.dot	487
l_LB4_72	/home/kamilner/tamarin-cleanroom/graphdot/workspace/r12/probeL_dots/l_LB4_72.dot	519
l_LC3_69	/home/kamilner/tamarin-cleanroom/graphdot/workspace/r12/probeL_dots/l_LC3_69.dot	485
l_LC3_70	/home/kamilner/tamarin-cleanroom/graphdot/workspace/r12/probeL_dots/l_LC3_70.dot	486
l_LC3_71	/home/kamilner/tamarin-cleanroom/graphdot/workspace/r12/probeL_dots/l_LC3_71.dot	487
l_LD4_67	/home/kamilner/tamarin-cleanroom/graphdot/workspace/r12/probeL_dots/l_LD4_67.dot	480
l_LD4_68	/home/kamilner/tamarin-cleanroom/graphdot/workspace/r12/probeL_dots/l_LD4_68.dot	481
l_LD4_69	/home/kamilner/tamarin-cleanroom/graphdot/workspace/r12/probeL_dots/l_LD4_69.dot	485
l_LE3_68	/home/kamilner/tamarin-cleanroom/graphdot/workspace/r12/probeL_dots/l_LE3_68.dot	479
l_LE3_69	/home/kamilner/tamarin-cleanroom/graphdot/workspace/r12/probeL_dots/l_LE3_69.dot	483
l_LE3_70	/home/kamilner/tamarin-cleanroom/graphdot/workspace/r12/probeL_dots/l_LE3_70.dot	484
