maude tool: 'maude'
 checking version: 3.5.1. OK.
 checking installation: OK.
[Theory BareIndexedSorted] Theory loaded
[Theory BareIndexedSorted] Theory translated
[Theory BareIndexedSorted] Derivation checks started
[Theory BareIndexedSorted] Derivation checks ended
[Theory BareIndexedSorted] Theory closed
theory BareIndexedSorted

begin

// Function signature and definition of the equational theory E

functions: fst/1, h/1, pair/2, snd/1
equations: fst(<x.1, x.2>) = x.1, snd(<x.1, x.2>) = x.2

macros: konst( ) =  h('k')

rule (modulo E) R:
   [ In( x ) ] --[ A( ~konst.1 ), B( $konst.1 ) ]-> [ Out( x ) ]

  /*
  rule (modulo AC) R:
     [ In( x ) ] --[ A( ~konst ), B( $konst.1 ) ]-> [ Out( x ) ]
  */

/*
WARNING: the following wellformedness checks failed!

Unbound variables
=================

  rule `R' has unbound variables: 
    ~konst.1

Variable with mismatching sorts or capitalization
=================================================

Possible reasons:
1. Identifiers are case sensitive, i.e.,'x' and 'X' are considered to be different.
2. The same holds for sorts:, i.e., '$x', 'x', and '~x' are considered to be different.

  rule `R': 
    1. $konst.1, ~konst.1

Message Derivation Checks
=========================

  The variables of the following rule(s) are not derivable from their premises, you may be performing unintended pattern matching.

Rule R: 
Failed to derive Variable(s): ~konst.1
*/

/*
Generated from:
Tamarin version 1.13.0
Maude version 3.5.1
Git revision: 0234f6a1abee25677c0accef62de0ac2883b0347 (with uncommited changes), branch: HEAD
Compiled at: 2026-07-16 18:33:16.036427196 UTC
*/

end

==============================================================================
summary of summaries:

analyzed: workspace/probes/bare_indexed_sorted.spthy

  processing time: 0.08s
  
  WARNING: 3 wellformedness check failed!

==============================================================================
