maude tool: 'maude'
 checking version: 3.5.1. OK.
 checking installation: OK.
[Theory BareIndexedBaseline] Theory loaded
[Theory BareIndexedBaseline] Theory translated
[Theory BareIndexedBaseline] Derivation checks started
[Theory BareIndexedBaseline] Derivation checks ended
[Theory BareIndexedBaseline] Theory closed
theory BareIndexedBaseline

begin

// Function signature and definition of the equational theory E

functions: fst/1, h/1, pair/2, snd/1
equations: fst(<x.1, x.2>) = x.1, snd(<x.1, x.2>) = x.2

macros: konst( ) =  h('k')

rule (modulo E) R:
   [ In( notmac.1 ) ] --[ A( notmac.1 ) ]-> [ Out( x ) ]

  /*
  rule (modulo AC) R:
     [ In( notmac ) ] --[ A( notmac ) ]-> [ Out( x ) ]
  */

/*
WARNING: the following wellformedness checks failed!

Unbound variables
=================

  rule `R' has unbound variables: 
    x

Message Derivation Checks
=========================

  The variables of the following rule(s) are not derivable from their premises, you may be performing unintended pattern matching.

Rule R: 
Failed to derive Variable(s): x
*/

/*
Generated from:
Tamarin version 1.13.0
Maude version 3.5.1
Git revision: 0234f6a1abee25677c0accef62de0ac2883b0347 (with uncommited changes), branch: HEAD
Compiled at: 2026-07-16 18:33:16.036427196 UTC
*/

end

==============================================================================
summary of summaries:

analyzed: workspace/probes/bare_indexed_baseline.spthy

  processing time: 0.07s
  
  WARNING: 2 wellformedness check failed!

==============================================================================
