[Theory BareNonNullary] Theory loaded
[Theory BareNonNullary] Theory translated
[Theory BareNonNullary] Derivation checks started
[Theory BareNonNullary] Derivation checks ended
[Theory BareNonNullary] Theory closed
theory BareNonNullary

begin

// Function signature and definition of the equational theory E

functions: fst/1, pair/2, snd/1
equations: fst(<x.1, x.2>) = x.1, snd(<x.1, x.2>) = x.2

macros: m( x ) =  <x, x>

rule (modulo E) R:
   [ In( x ) ] --[ A( m ) ]-> [ Out( x ) ]

  /* has exactly the trivial AC variant */

/*
WARNING: the following wellformedness checks failed!

Unbound variables
=================

  rule `R' has unbound variables: 
    m

Message Derivation Checks
=========================

  The variables of the following rule(s) are not derivable from their premises, you may be performing unintended pattern matching.

Rule R: 
Failed to derive Variable(s): m
*/

/*
*/

end

==============================================================================
summary of summaries:

analyzed: probes/bare_nonnullary.spthy

  
  WARNING: 2 wellformedness check failed!

==============================================================================
