maude tool: 'maude'
 checking version: 3.5.1. OK.
 checking installation: OK.
[Theory BareFormulaIndexedBaseline] Theory loaded
[Theory BareFormulaIndexedBaseline] Theory translated
[Theory BareFormulaIndexedBaseline] Derivation checks started
[Theory BareFormulaIndexedBaseline] Derivation checks ended
[Theory BareFormulaIndexedBaseline] Theory closed
theory BareFormulaIndexedBaseline

begin

// Function signature and definition of the equational theory E

functions: fst/1, h/1, pair/2, snd/1
equations: fst(<x.1, x.2>) = x.1, snd(<x.1, x.2>) = x.2

macros: konst( ) =  h('k')

rule (modulo E) R:
   [ In( x ) ] --[ A( x ) ]-> [ Out( x ) ]

  /* has exactly the trivial AC variant */

lemma L:
  exists-trace "∃ #i. A( notmac.1 ) @ #i"
/*
guarded formula characterizing all satisfying traces:
"∃ #i. (A( notmac.1 ) @ #i)"
*/
by sorry

/*
WARNING: the following wellformedness checks failed!

Formula terms
=============

  Lemma `L' uses terms of the wrong form: `Free notmac.1'
  
  The only allowed terms are public constants and bound node and
  message variables. If you encounter free message variables, then
  you might have forgotten a #-prefix. Sort prefixes can only be
  dropped where this is unambiguous. Moreover, reducible function
  symbols are disallowed.
*/

/*
Generated from:
Tamarin version 1.13.0
Maude version 3.5.1
Git revision: 0234f6a1abee25677c0accef62de0ac2883b0347 (with uncommited changes), branch: HEAD
Compiled at: 2026-07-16 18:33:16.036427196 UTC
*/

end

==============================================================================
summary of summaries:

analyzed: workspace/probes/bare_formula_indexed_baseline.spthy

  processing time: 0.07s
  
  WARNING: 1 wellformedness check failed!
  
  L (exists-trace): analysis incomplete (1 steps)

==============================================================================
