[Theory BareNullary] Theory loaded
[Theory BareNullary] Theory translated
[Theory BareNullary] Derivation checks started
[Theory BareNullary] Derivation checks ended
[Theory BareNullary] Theory closed
theory BareNullary

begin

// Function signature and definition of the equational theory E

functions: fst/1, h/1, pair/2, snd/1
equations: fst(<x.1, x.2>) = x.1, snd(<x.1, x.2>) = x.2

macros: konst( ) =  h('k')

rule (modulo E) R:
   [ In( x ) ] --[ A( konst ) ]-> [ Out( konst ) ]

  /*
  rule (modulo AC) R:
     [ In( x ) ] --[ A( h('k') ) ]-> [ Out( h('k') ) ]
  */

/* All wellformedness checks were successful. */

/*
*/

end

==============================================================================
summary of summaries:

analyzed: fixtures/bare_nullary_macro.spthy

  

==============================================================================
