[Theory BareNullary] Theory loaded
[Theory BareNullary] Theory translated
[Theory BareNullary] Derivation checks started
[Theory BareNullary] Derivation checks ended
[Theory BareNullary] Theory closed
theory BareNullary

begin

// Function signature and definition of the equational theory E

functions: fst/1, h/1, pair/2, snd/1
equations: fst(<x.1, x.2>) = x.1, snd(<x.1, x.2>) = x.2

rule (modulo E) R:
   [ In( x ) ] --[ A( h('k') ) ]-> [ Out( h('k') ) ]

  /* has exactly the trivial AC variant */

/* All wellformedness checks were successful. */

/*
*/

end

==============================================================================
summary of summaries:

analyzed: fixtures/bare_nullary_expanded.spthy

  

==============================================================================
