[Theory BareSorts] Theory loaded
[Theory BareSorts] Theory translated
[Theory BareSorts] Derivation checks started
[Theory BareSorts] Derivation checks ended
[Theory BareSorts] Theory closed
theory BareSorts

begin

// Function signature and definition of the equational theory E

functions: fst/1, h/1, pair/2, snd/1
equations: fst(<x.1, x.2>) = x.1, snd(<x.1, x.2>) = x.2

macros: konst( ) =  h('k')

rule (modulo E) R:
   [ In( x ) ] --[ A( ~konst ), B( $konst ) ]-> [ Out( x ) ]

  /*
  rule (modulo AC) R:
     [ In( x ) ] --[ A( ~konst ), B( $konst.1 ) ]-> [ Out( x ) ]
  */

/*
WARNING: the following wellformedness checks failed!

Unbound variables
=================

  rule `R' has unbound variables: 
    ~konst

Variable with mismatching sorts or capitalization
=================================================

Possible reasons:
1. Identifiers are case sensitive, i.e.,'x' and 'X' are considered to be different.
2. The same holds for sorts:, i.e., '$x', 'x', and '~x' are considered to be different.

  rule `R': 
    1. $konst, ~konst

Message Derivation Checks
=========================

  The variables of the following rule(s) are not derivable from their premises, you may be performing unintended pattern matching.

Rule R: 
Failed to derive Variable(s): ~konst
*/

/*
*/

end

==============================================================================
summary of summaries:

analyzed: probes/bare_sorts.spthy

  
  WARNING: 3 wellformedness check failed!

==============================================================================
