maude tool: 'maude'
 checking version: 3.5.1. OK.
 checking installation: OK.
[Theory BareFormulaPlain] Theory loaded
[Theory BareFormulaPlain] Theory translated
[Theory BareFormulaPlain] Derivation checks started
[Theory BareFormulaPlain] Derivation checks ended
[Theory BareFormulaPlain] Theory closed
theory BareFormulaPlain

begin

// Function signature and definition of the equational theory E

functions: fst/1, h/1, pair/2, snd/1
equations: fst(<x.1, x.2>) = x.1, snd(<x.1, x.2>) = x.2

macros: konst( ) =  h('k')

rule (modulo E) R:
   [ In( x ) ] --[ A( x ) ]-> [ Out( x ) ]

  /* has exactly the trivial AC variant */

lemma L:
  exists-trace "∃ #i. A( konst ) @ #i"
/*
guarded formula characterizing all satisfying traces:
"∃ #i. (A( h('k') ) @ #i)"
*/
by sorry

/* All wellformedness checks were successful. */

/*
Generated from:
Tamarin version 1.13.0
Maude version 3.5.1
Git revision: 0234f6a1abee25677c0accef62de0ac2883b0347 (with uncommited changes), branch: HEAD
Compiled at: 2026-07-16 18:33:16.036427196 UTC
*/

end

==============================================================================
summary of summaries:

analyzed: workspace/probes/bare_formula_plain.spthy

  processing time: 0.07s
  
  L (exists-trace): analysis incomplete (1 steps)

==============================================================================
