maude tool: 'maude'
 checking version: 3.5.1. OK.
 checking installation: OK.
[Theory Chain3] Theory loaded
[Theory Chain3] Theory translated
[Theory Chain3] Derivation checks started
[Theory Chain3] Derivation checks ended
[Theory Chain3] Theory closed
theory Chain3

begin

// Function signature and definition of the equational theory E

functions: fst/1, pair/2, snd/1
equations: fst(<x.1, x.2>) = x.1, snd(<x.1, x.2>) = x.2

macros: c( x ) =  <x, x>,
        b( x ) =  c(x),
        a( x ) =  b(x)

rule (modulo E) R:
   [ In( x ) ] --[ Act( a(x) ) ]-> [ ]

  /*
  rule (modulo AC) R:
     [ In( x ) ] --[ Act( <x, x> ) ]-> [ ]
  */

/* All wellformedness checks were successful. */

/*
Generated from:
*/

end

==============================================================================
summary of summaries:

analyzed: /home/kamilner/tamarin-cleanroom/macros/workspace/fixtures/chain3_macro.spthy

  

==============================================================================
