maude tool: 'maude'
 checking version: 3.5.1. OK.
 checking installation: OK.
[Theory MacroRedefiningBuiltin] Theory loaded
[Theory MacroRedefiningBuiltin] Theory translated
[Theory MacroRedefiningBuiltin] Derivation checks started
[Theory MacroRedefiningBuiltin] Derivation checks ended
[Theory MacroRedefiningBuiltin] Theory closed
theory MacroRedefiningBuiltin

begin

// Function signature and definition of the equational theory E

functions: fst/1, pair/2, snd/1
equations: fst(<x.1, x.2>) = x.1, snd(<x.1, x.2>) = x.2

macros: h( x ) =  x

/* All wellformedness checks were successful. */

/*
Generated from:
*/

end

==============================================================================
summary of summaries:

analyzed: /home/kamilner/tamarin-cleanroom/macros/oracle/examples/regression/trace/issue753-3.spthy

  

==============================================================================
