maude tool: 'maude'
 checking version: 3.5.1. OK.
 checking installation: OK.
[Theory ExpMacro] Theory loaded
[Theory ExpMacro] Theory translated
[Theory ExpMacro] Derivation checks started
[Theory ExpMacro] Derivation checks ended
[Theory ExpMacro] Theory closed
theory ExpMacro

begin

// Function signature and definition of the equational theory E

builtins: diffie-hellman
functions: fst/1, pair/2, snd/1
equations: fst(<x.1, x.2>) = x.1, snd(<x.1, x.2>) = x.2

rule (modulo E) A:
   [ Fr( ~x ) ] --> [ Out( 'g'^~x ) ]

  /* has exactly the trivial AC variant */

/* All wellformedness checks were successful. */

/*
Generated from:
*/

end

==============================================================================
summary of summaries:

analyzed: /home/kamilner/tamarin-cleanroom/macros/workspace/fixtures/issue777_expanded.spthy

  

==============================================================================
