maude tool: 'maude'
 checking version: 3.5.1. OK.
 checking installation: OK.
[Theory MacrosInLemmasAndRestrictions] Theory loaded
[Theory MacrosInLemmasAndRestrictions] Theory translated
[Theory MacrosInLemmasAndRestrictions] Derivation checks started
[Theory MacrosInLemmasAndRestrictions] Derivation checks ended
[Theory MacrosInLemmasAndRestrictions] Theory closed
theory MacrosInLemmasAndRestrictions

begin

// Function signature and definition of the equational theory E

functions: fst/1, pair/2, snd/1
equations: fst(<x.1, x.2>) = x.1, snd(<x.1, x.2>) = x.2

rule (modulo E) A:
   [ In( x ) ] --[ A( x ) ]-> [ ]

  /* has exactly the trivial AC variant */

rule (modulo E) B:
   [ In( x ), In( y ) ] --[ B( <x, y> ) ]-> [ ]

  /* has exactly the trivial AC variant */

rule (modulo E) C:
   [ In( x ) ] --[ C( x ) ]-> [ ]

  /* has exactly the trivial AC variant */

restriction OnlyValidProcessing:
  "∀ x #i. (A( x ) @ #i) ⇒ (∃ y. x = y)"

  /*
  expanded formula:
  "∀ x #i. (A( x ) @ #i) ⇒ (∃ y. x = y)"
  */

lemma M:
  exists-trace "∃ x #i. A( x ) @ #i"
/*
guarded formula characterizing all satisfying traces:
"∃ x #i. (A( x ) @ #i)"
*/
by sorry

/* All wellformedness checks were successful. */

/*
Generated from:
*/

end

==============================================================================
summary of summaries:

analyzed: /home/kamilner/tamarin-cleanroom/macros/workspace/fixtures/lemmas_expanded.spthy

  
  M (exists-trace): analysis incomplete (1 steps)

==============================================================================
