maude tool: 'maude'
 checking version: 3.5.1. OK.
 checking installation: OK.
[Theory OverU3] Theory loaded
[Theory OverU3] Theory translated
[Theory OverU3] Derivation checks started
[Theory OverU3] Derivation checks ended
[Theory OverU3] Theory closed
theory OverU3

begin

// Function signature and definition of the equational theory E

functions: fst/1, pair/2, snd/1
equations: fst(<x.1, x.2>) = x.1, snd(<x.1, x.2>) = x.2

rule (modulo E) R:
   [ In( a ), In( b ), In( c ) ] --[ Act( <<a, b, c>, a, b, c> ) ]-> [ ]

  /* has exactly the trivial AC variant */

/* All wellformedness checks were successful. */

/*
Generated from:
*/

end

==============================================================================
summary of summaries:

analyzed: /home/kamilner/tamarin-cleanroom/macros/workspace/fixtures/over_u3_expanded.spthy

  

==============================================================================
