# QUERIES.log — web PRODUCER surface. One line per oracle interaction + purpose.
#
# Permitted oracle sources (PROTOCOL.md):
#   A) oracle/captured_responses/*.hs.json — 81 captured crawl manifests
#      (captured program OUTPUT), reached only via the cluster-local path.
#   B) oracle/hs_server.sh + oracle/extract_fragments.py — live probing / capture
#      slicing of the sanctioned binary. Ports 3100-3199.
#   C) oracle/examples/*.spthy — GPL example theories used ONLY as observation
#      INPUTS to the live server.
# No file under /home/kamilner/tamarin-rs/ is READ (only the sanctioned binary
# is EXECUTED via the oracle, and captured_responses/ is captured OUTPUT).

## Corpus orientation (source A) — seeded by the scaffold
[S01] extract_fragments.py families | fragment URL families + kinds across all 81
      manifests: main/message,main/rules,main/tactic,main/help = 81 each (json);
      overview = 473 (html); source/message = 81 (text). proof/method/intdot/
      interactive-graph-def dominate but are solver/graph = out of scope.
[S02] extract_fragments.py extract main/{message,rules,tactic,help} → round1/targets/
      | materialized the 11 curated round-1 labels' four center fragments as the
      exact response bytes to reproduce (44 files).

## Round-1 target reading (source A) — center section fragments
[S03] targets/issue515__*_message.html | minimal signature pane: title "Message
      theory"; three always-present <h2> sections (Signature / Construction Rules
      / Deconstruction Rules); per-line <br/>\n; leading spaces → &nbsp;; body
      entity-escaped (&lt; &gt;) with hl_keyword/hl_operator/hl_comment spans.
[S04] targets/issue515__*_tactic.html | simplest fragment: title "Tactics"; one
      always-present <h2>Tactic(s)</h2> + empty <p class="monospace rules"></p>;
      body empty ⇒ empty paragraph kept.
[S05] targets/issue515__*_rules.html vs CH07__*_rules.html | rules pane: leading
      <br/> slot; <h2>Fact Symbols with Injective Instances</h2> body "None" or a
      value; <h2>Multiset Rewriting Rules</h2>; <h2>Restrictions of the Set of
      Traces</h2> present only when the theory has restrictions; title carries
      " and restrictions" iff restrictions present.
[S06] targets/issue515__*_help.html | help pane: single-line ($newline-never)
      body, NO <br/> postprocess; title "Theory: <name>"; env line "Theory: NAME
      (Loaded at TIME from ORIGIN) <wf-warning banner>" + a fixed static block.

## Live-oracle validation (sources B+C)
[L01] hs_server.sh smoke oracle/examples/Tutorial.spthy 3120 | wrapper boots
      (readiness poll), serves overview + main/message; port freed on stop.
[L02] hs_server.sh start oracle/examples/issue515.spthy 3131 ; curl main/message
      | live html field == captured target byte-identical → targets trustworthy,
      oracle reproduces the corpus. (End-to-end round-1 loop confirmed.)

## Round-1 implementation probes (this session)
[S07] python sweep over captured_responses (all 81) | envelope key inventory:
      {html,title} x16838 (html key FIRST; body matches ^{"html":"..","title":".."}$),
      {redirect} x1157, alert absent from corpus. Titles: main/message="Message
      theory" x81; main/rules="Multiset rewriting rules and restrictions" x81 —
      CONSTANT even for the 43 no-restriction theories (REFUTES the seeded §5
      titles-vary claim); main/tactic="Tactics" x81; main/help="Theory: <name>".
      main/rules html always starts "<br/>\n" (x81). h2 vocab rules: Fact Symbols
      with Injective Instances x81, Multiset Rewriting Rules x81, Restrictions of
      the Set of Traces x38, Macros x0 (never in corpus). message: Signature/
      Construction Rules/Deconstruction Rules x81 each. Injective-facts body is
      the single line "None" x62 else a short value line.
[S08] raw body of issue515 main/tactic (undecoded) | exact envelope bytes:
      {"html":"<h2>Tactic(s)</h2><br/>\n<p class=\"monospace rules\"></p><br/>\n","title":"Tactics"}
[S09] python sweep | raw JSON escapes across ALL json bodies: only \n \" \t \\
      (no \uXXXX, no \/). &amp; appears in html (restriction formulas, overview).
      main/tactic non-empty in 12 captures — same skin, body = tactic text lines
      (hl_keyword spans, &quot; &#39; regex text). Help STATIC block identical
      across all 81; env line = <p>Theory: NAME (Loaded at HH:MM:SS from Local
      &quot;PATH&quot;) BANNER</p>; BANNER = "" (x32, giving ") </p>") or
      <div class="wf-warning">..</div> (x49).
[S10] python sweep | R1 fragment heads/tails: message starts <h2>Signature</h2>
      x81; tactic starts <h2>Tactic(s)</h2> x81; rules starts <br/>\n x81;
      message/rules/tactic all END "</p><br/>\n"; help ends "</table></div></p>"
      (NO trailing <br/> or newline). No tabs in any R1 fragment. class= vocab:
      monospace rules / hl_keyword / hl_operator / hl_comment / wf-warning /
      warning / tamarin / keys. Entities seen: &nbsp; &lt; &gt; &quot; &#39; &amp;.
[S11] python sweep | bytes before <h2>Restrictions of the Set of Traces</h2>:
      always "</span></p><br/>\n" (x38) — restrictions follows the MSR block
      directly, NO blank line at the junction.
[S12] python sweep | envelope first key is always html|redirect (no other order);
      no "<a " inside any R1 center fragment (they carry no links).
[L03] hs_server.sh start examples/features/macros/MacroGlobalVarNSPK3.spthy 3131;
      probe /thy/trace/1/main/rules | WITH macros the pane starts DIRECTLY with
      <h2>Macros</h2><br/>\n<p class="monospace rules">..macros text..</p><br/>\n
      then <h2>Fact Symbols..> — NO leading <br/>. So the corpus-wide leading
      <br/> is the EMPTY-MACROS SLOT (blank line), not a fixed leading blank.
      Title unchanged. (Input: GPL example used solely as observation input.)
[L04] probe 3131 /thy/trace/1/del/path/help | alert envelope live:
      {"alert":"Can't delete the given theory path!"} (compact, single key).
[L05] probe 3131 /thy/trace/1/main/help | no-warnings banner variant: env line
      ends ") </p>" (empty banner between the space and </p>).
[L06] wrote OWN minimal theory (scratchpad, my own text: theory EscProbe / one
      rule) to a metachar FILENAME esc&"<>'probe.spthy; served on 3131; probe
      main/help | producer-side HTML escaping forced through the env line:
      & -> &amp;  " -> &quot;  < -> &lt;  > -> &gt;  ' -> &#39;; backslash NOT
      html-escaped (raw \ in html, \\ in JSON). probe main/tactic on this
      lemma-less theory | identical empty-tactic bytes to the corpus form.
[S13] tools/extract_r1_raw.py (own tool, corpus-only) | materialized the RAW
      envelope bodies of all four center-fragment families across all 81
      manifests into workspace/r1_raw/ (324 files) — the byte targets
      tests/corpus_sweep.rs replays (slice opaque content out, re-render,
      byte-compare the whole response body, envelope included).
[L07] probe 3131 main/{message,rules,tactic,help} on EscProbe (own theory,
      metachar filename) and again after restarting with
      examples/features/macros/MacroGlobalVarNSPK3.spthy | captured to
      workspace/r1_live/ (8 raw bodies) and replayed by the live_probe_replays
      test: reconstruction -> render matches the live bytes exactly, incl. the
      macros-present rules pane (8125 B) never seen in the crawl corpus.
      Server STOPPED after capture (port 3131 freed; 3100-3199 scan clean).

## Validation status (round 1 close)
cargo test: 14 tests green, zero warnings. corpus_sweep_all_manifests = 324/324
byte-identical; round1_materialized_targets = 44/44; live_probe_replays = 8/8.
Mutation check: doctoring the break marker to "<br />" makes the sweep FAIL
(the gate is not vacuous); reverted.

## Round 2 (R5 theory-path grammar, then R2 west pane) — this session
[S14] tools/harvest_hrefs.py (own tool, corpus-only) | href/action/dotsrc URL
      inventory across all 81 manifests (923498 URLs): families = main/proof
      868032, main/add 4285 (incl. add/%3Cfirst%3E x946 = the ONLY %-escape in
      the whole corpus), main/edit+delete 3812 each, main/cases x1025 (tails
      raw/0/0 + refined/0/0 ONLY), main/method 771 (L/1,L/2), main/help/message/
      rules/tactic x473 each, autoprove/autoproveAll/reload/get_and_append/
      interactive-graph-def; main/lemma NEVER appears in any href. Segment byte
      inventory beyond alnum: '_' '.' '%' only. Proof-path sub-segments all
      match [A-Za-z0-9_]+; root marker '_' at position 0 (x445518) and also
      mid-path; case display names == href segments 1:1 (no rewriting).
[L08] wrote OWN theory PathProbe (scratchpad; 1 rule, 2 lemmas foo/bar);
      hs_server.sh start on 3131 | parse-side acceptance battery #1
      (tools/probe_paths.sh): main/{help,message,rules,tactic} 200 json;
      main/lemma/ANY 200 (even nonexistent — resolution is content-side);
      main/proof/foo 200, main/proof/foo/_ 200 ("No such lemma or proof path",
      title "Method: None" — parse OK, resolve fail), main/proof/nonexistent
      200 (title "Lemma: nonexistent"), bare main/proof 404. cases numerics:
      raw/0/0 + refined/0/0 200; 00, -1, 0x1 ACCEPTED (200); abc 404;
      arity: cases/raw/1 404, cases/raw/0/0/extra 200 (extra IGNORED);
      cases/bogus/... + cases/RAW/... 404 (heads case-sensitive, exact).
[L09] probe 3131 battery #2 | percent-decoding: main/me%73sage == main/message
      (decode BEFORE head match); %2F does NOT split (proof/foo%2F_ -> title
      "Lemma: foo/_"); add/sp%20ace -> name "sp ace", add/pct%25enc -> "pct%enc"
      (form-action echo channel); add/edit/delete accept ANY name incl.
      nonexistent; trailing slash tolerated (message/ 200 = ["message",""],
      extra ignored); main//message 404 (empty segment matches no head);
      main/MESSAGE 404. main/message/extra 200 — extra segments ignored after
      a complete match (also help/extra, add/foo/extra, lemma/foo/extra).
[L10] probe 3131 battery #3+#4+#5 | the cases numeric-segment grammar is a
      Haskell-read-shaped integer: ACCEPT 0o10 0b1 0X1 0O10 (1) ((1)) "- 1"
      "( -1 )" %091%09 " 1" "1 " 1_ 1_0 0x_1 1abc 1- 1) (1)x 99999999999999999999
      (prefix parse; junk after the lexeme ignored) — REJECT +1 _1 (leading
      underscore lexes as identifier: the underscore-prefix quirk) 1.0 1e2
      (float lexeme) --1 -(-1) (-1 (1x) "" and unicode. Both numeric args
      byte-identical bodies for 0/0 vs 0/1 vs 1/0 vs 9/9 (len 4776): the two
      indices do NOT change the pane bytes — which is source vs case index is
      UNOBSERVABLE at this boundary. Version-index segment is a DIFFERENT
      grammar: 01 + +1 accepted, -1/0x1/" 1"/"1 "/1x/#(%23) 404 (can't split
      parse-vs-resolve 404 there; out of R5 scope — producers render idx as
      plain decimal). /thy/equiv/... and /thy/TRACE/... 404 on a trace theory.
[L11] probe 3131 battery #6 | del/path acceptance oracle (parse->alert,
      no-parse->404): help/message/rules/tactic/cases/raw/0/0, method/foo/1,
      add/x, edit/x, delete/x -> 200 alert "Can't delete the given theory
      path!"; lemma/nonexistent -> 200 alert "Sorry, but removing lemmas did
      not work!"; del/path/help/extra -> 200 (extra ignored here too);
      sources + method/foo/abc -> 404. verify/help + verify/lemma/nonexistent
      -> 200 {html} pane. Arity minima: main/{add,edit,delete,lemma,cases,
      cases/raw,main alone} 404 without their arg; but EMPTY-STRING names parse
      (edit/ , proof/ , proof// , lemma/ all 200).
[L12] probe 3131 | decode edges via the add-form echo: '+' NOT decoded to
      space (a+b -> "a+b"); %2B -> '+'; INVALID %-sequences pass through RAW
      (a%zzb -> "a%zzb", a% -> "a%", a%2 -> "a%2", a%G1b -> "a%G1b");
      caf%C3%A9 -> "café" (UTF-8); a%00b echoes "ab" (NUL dropped somewhere
      downstream); a%FFb / a%C3b -> U+FFFD replacement (efbfbd) — decode %XX
      to bytes then UTF-8-with-replacement.
[L13] wrote OWN theory EncProbe2 served from metachar FILENAME
      "enc probe &\"<>'%#?=+,;@[]()~$é.spthy" on 3132 | the hoped-for
      arbitrary-byte href channel COLLAPSED: download + get_and_append URLs
      derive from the THEORY NAME ("EncProbe2.spthy"), not the filename, so
      href %-encoding beyond %3C/%3E (<first>) is UNOBSERVABLE — every other
      rendered segment in corpus+live is [A-Za-z0-9_.]. Server 3132 STOPPED.
[S15] tools/extract_r5_tails.py (own tool, corpus-only) | materialized the
      40037 DISTINCT main/* href wildcard tails (883629 occurrences) into
      workspace/r5_tails/tails.txt — the R5 byte targets
      tests/r5_path_grammar.rs round-trips (parse -> render byte-identity;
      the 497 method/ tails asserted out-of-vocabulary).
[S16] tools/analyze_west.py + follow-up sweeps (corpus-only) | west-pane
      element grammar over ALL overview captures (478 = 82 help + 396 proof
      across the 81 manifests; the SPEC's "473" undercounts by 5): every pane
      ends "<br/>\n " (trailing space); header line theory/NAME-link/begin;
      exactly 5 item lines in fixed order message,rules,tactic,cases/raw/0/0,
      cases/refined/0/0, each blank-separated, shape <a class="internal-link"
      href=.../main/TAIL><strong>LABEL</strong> ANN</a> (ANN empty for message/
      tactic -> "</strong> </a>"); rules label VARIES "Multiset rewriting
      rules"[" and restrictions"] (180/293) though the R1 rules TITLE is
      constant; add-first link add/%3Cfirst%3E; per lemma: blank, decl,
      quantifier/formula block, edit--or--delete line (two spaces around
      "or"), proof display, blank, add/<name>; blank + end; ZERO lemmas ->
      TWO blanks before end (2 panes). Proved lemma header (decl + edit line)
      wrapped in ONE status span: hl_good x3192, hl_bad x146; sorry x398 and
      INCOMPLETE trees (root step sorry-step, e.g. partial induction) carry
      NO wrapper. by-sorry line + edit/delete/add link shapes byte-uniform
      given (idx, name).
[S17] corpus | lemma declaration = "lemma NAME{ATTRS}:"; ATTRS starts " ["
      or is empty; 46 declarations are MULTI-LINE (long heuristic lists wrap
      at the pretty layer with &nbsp; continuation indents) -> ATTRS is
      opaque possibly-multi-line text, terminated by the ":" line ending.
      Attribute vocabulary: reuse, use_induction, sources, heuristic={..},
      hide_lemma=.., combinations.
[S18] corpus | the quantifier/formula layout: single-line formulas inline as
      "  QUANT &quot;F&quot;", else vertical (quant alone, formula lines at
      2+own indent). Candidate width metrics: visible chars and visible bytes
      DO NOT separate inline from vertical (both overlap at 55/61 — minimal
      pair SnegACRecurse inline vs SnegRecurse vertical differing only in
      &lt;a, a&gt; vs (a++a)); the ESCAPED-text length (tags stripped,
      entities at escaped length) separates: inline max 65 < vertical-single
      min 71. Corpus bound: W in [65,70].
[L14] wrote OWN theory WProbe (35 lemmas, 4 formula families A/X/D/E with
      escaped-width 63..72: plain all-traces, exists-trace, 3-unicode-ops,
      &lt;&gt;-escaping); served on 3133; overview west pane | the boundary is
      EXACTLY <=69 inline / >=70 vertical on ALL four families: metric counts
      escaped CHARS (unicode ops 1 each — a bytes metric would shift family D
      by 4; entities at 4-6 chars each — family E confirms). Constant
      INLINE_WIDTH_LIMIT=69.
[L15] live captures -> workspace/r2_live/ (3 panes, replayed by
      tests/r2_west_pane.rs::live_probe_pane_replays): PathProbe v1 (3131,
      fresh 2-lemma), WProbe v1 (3133, the 35-lemma boundary theory), and
      PathProbe v2 after LIVE autoprove/idfs/0/False/proof/foo (redirect to
      /thy/trace/2/overview/proof/foo/_) — a proved hl_good tree pane never
      seen in the corpus shape-for-shape. Servers 3131+3133 STOPPED; full
      3100-3199 scan clean.

## Validation status (round 2 close: R5 + R2)
cargo test: 24 tests green (R1 14 + R5 6 + R2 4), cargo clippy --all-targets:
zero warnings. R5: acceptance battery replay (68 accepted + 27 rejected probes)
+ parse<->render round-trip + 40037-tail corpus byte sweep. R2:
corpus_sweep_all_overview_panes = 478/478 pane byte-identity (slice ->
re-render, frame bytes asserted during inversion); live replays 3/3.
Mutation checks (each observed to FAIL, then reverted, suite re-green):
(1) edit-line "  or  " -> " or " breaks corpus sweep + fixtures + live;
(2) width limit 69->68 breaks corpus sweep; 69->70 breaks ONLY the live
    WProbe replay — the live bisection pins the boundary the corpus cannot;
(3) R5 encode uppercase %XX -> lowercase breaks add/%3Cfirst%3E byte tests.

## Round 3 (R3 proof-tree lines, then R4 welcome/housekeeping) — this session
[S19] tools/analyze_prooftree.py + targeted greps (corpus-only, r2_panes) |
      proof-display line grammar over all 478 panes: step anchor class
      vocabulary EXACTLY {proof-step hl_good x431122, hl_bad x1461,
      sorry-step x690}; remove-step always same-href, directly after the
      step; sorry METHOD steps (595) are the ONLY anchored steps without
      remove-step (95 sorry-step-classed interiors HAVE it); `by ` prefix
      appears exactly on case-less steps with method heads contradiction /
      zero-case solve / sorry — never on SOLVED (612) / simplify / induction
      / cased solve; case at parent-indent+2, subtree at case indent, next
      and qed at PARENT indent. Status spans: case line == CHILD's status
      (426612/426612), next/qed == PARENT step's status (refuted
      prev-case x117 / following-case x99 alternatives); status-less nodes
      render keywords BARE (no wrapper span). Tree status sets per lemma:
      all-good x3248, all-bad x146, None+good mixes (incomplete).
[S20] d381650e pane dissection (corpus-only) | the hl_superfluous mode: a
      replayed proof-script leftover subtree renders with NO proof-step
      anchor — method wrapped in <span class="hl_superfluous"> (multi-line
      spans OK) — but KEEPS the remove-step anchor (all 1668 span-steps
      carry one, full canonical hrefs through the leftover, `_` segments
      included); by/case/next/qed wrapped in hl_superfluous like any status;
      the leftover hangs as the unnamed `_` child of a live
      `sorry /* invalid proof step encountered */` node (sorry-step class,
      no by — it has a child, no remove-step).
[S21] corpus | hl_ class census over ALL captured bodies: hl_operator,
      hl_keyword, hl_good, hl_comment, hl_superfluous (only d381650e),
      hl_bad. NO hl_medium anywhere; no equiv-kind hrefs in any pane; no
      MIRRORED/UNFINISHABLE method text; no literal `case _` display line
      (unnamed continuations are only ever inline, segment `_`).
[L16] wrote OWN theory TreeProbe (probes/TreeProbe.spthy: Start/Fork1/Fork2/
      HopOn/End rules; lemmas reach exists-trace, origin all-traces true,
      false_secret all-traces false); hs_server.sh start 3134 |
      autoprove/idfs/0/False per lemma (versions 2-4), autoproveAll/idfs/0/
      proof/reach (v5: ALL proved — good case/qed + two-case next tree + bad
      SOLVED tree), autoprove/idfs/0/True/proof/reach (v8: all-solutions —
      BOTH HopOn cases SOLVED, same grammar). bare autoproveAll/idfs/0
      404s (needs the proof/... focus tail). v5 pane captured ->
      r3_live/treeprobe_v5_proved.pane; v5 theory downloaded via
      download/TreeProbe.spthy (oracle OUTPUT with embedded proof scripts).
[L17] probe 3134 autoprove/idfs/1/False/proof/origin (v6) | BOUNDED
      autoprove: header UNWRAPPED; root simplify anchor class sorry-step
      WITH remove-step; leaf line `by ` BARE + sorry-step anchor, method
      `sorry /* bound 1 hit */`, NO remove-step ->
      r3_live/treeprobe_v6_bounded.pane. No hl_medium in the partial state.
[L18] wrote OWN ScriptProbe.spthy (the v5 download with origin's solve goal
      doctored to Missing(x), theory renamed) served 3134; OWN TreeProbe2
      (Fork1 carries extra Tag1 action; false `mixed` lemma) served 3135 |
      ScriptProbe replay: invalid step -> live `sorry /* invalid proof step
      encountered */` node (sorry-step anchor, no by — it has a child, no
      remove-step) whose unnamed `_` child is the SUPERFLUOUS leftover:
      span-wrapped steps WITH remove-step links (paths continue through the
      leftover), superfluous by/case/next/qed wraps — the d381650e mode
      reproduced 1:1 -> r3_live/scriptprobe_v1_superfluous.pane. TreeProbe2
      autoprove/characterize/0/False/proof/mixed (v2): MIXED tree — hl_bad
      parent solve, case Fork1 bad (SOLVED) then `next` wrapped hl_bad
      (PARENT status, following case is good — the corpus-unreachable
      discriminator), case Fork2 hl_good with `by`-prefixed zero-case solve,
      qed hl_bad; header hl_bad; NO hl_medium ->
      r3_live/treeprobe2_v2_mixed.pane. idfs on the same lemma shows only
      the attack branch.
[L19] probes 3134/3135 non-/thy routes | GET / index page captured (1-row +
      3-version tables) -> r4_live/index_*.html; robots.txt = `User-agent: *`
      (13B, no NL); /kill?path=... = `Canceled request!` (17B, no NL);
      /kill (no path) = 400 full Invalid Arguments page, body
      `<h1>Invalid Arguments</h1>\n<ul><li>No path to kill specified!</li>\n
      </ul>\n` in the error shell -> kill_no_path.html; /favicon.ico = 303
      empty body (dispatch-side); missing /static file = `File not found`.
      Index rows: <tr><td><a href=/thy/trace/IDX/overview/help>NAME</a></td>
      <td>HH:MM:SS</td><td>Original|<em>Modified (UNCLOSED em)</td>
      <td>ORIGIN</td></tr>, index ascending; disk-load origin = the tmp
      path, no flash on GET; no trailing newline; version slot `Running
      <a href=/>..Tamarin..</a> 1.13.0` in the north header.
[L20] POST / uploads on 3134 | multipart field `uploadedTheory`: success ->
      index page with flash `<p class="message">Loaded new theory!</p>` as
      the FIRST child of <body> + a new `<em>Modified` row whose origin is
      the bare uploaded FILENAME; parse failure -> flash `Theory loading
      failed:\n&quot;garbage.spthy&quot; (line 1, column 1):\nunexpected
      &quot;t&quot;\nexpecting &quot;theory&quot;` (escaped, raw newlines),
      NO new row; POST with no file -> flash `Post request failed.` ->
      r4_live/index_post_{success,failure,nofile}.html.
[L21] POST / upload from metachar filename `up&<x>'probe.spthy` (own theory
      text) on 3134 | row origin cell renders
      `up&amp;&lt;x&gt;&#39;probe.spthy` — the R1 escape set applied to
      row name/time/origin by the producer -> index_post_metachar.html.
      Servers 3134 + 3135 STOPPED after capture; 3100-3199 scan clean.

## Validation status (round 3 close: R3 + R4)
cargo test: 35 green (R1 14 + R5 6 + R2 4 + R3 6 + R4 5), cargo clippy
--all-targets: zero warnings, std-only. R3: the R2 corpus sweep UPGRADED —
every proof display in all 478 panes parsed to a structured ProofTree
(indent/case/next/qed framing, status classes, step+remove links, canonical
R5 hrefs all asserted; ONLY method text opaque) and re-rendered
byte-identically; live replays 4/4 (r3_live); fixtures pin each line form.
R4: live index-page replays 6/6 (2 GET + 3 POST + metachar) byte-identical
via strict slot inversion; housekeeping bodies + Invalid-Arguments page
byte-exact. Mutation checks (each observed to FAIL, then reverted, suite
re-green): (1) next parent-status -> following-case-status breaks the corpus
sweep + mixed live replay; (2) dropping the terminal-marker by-exception
breaks fixtures + live replays (SOLVED gains a bogus `by `); (3) closing the
row `<em>` breaks all index replays. Housekeeping fix: proofscript.rs stale
comments (473 -> 478 pane count, BEHAVIOR §11 -> §12 pointer) corrected.
