maude tool: 'maude'
 checking version: 3.5.1. OK.
 checking installation: OK.
[Theory PR3_ShHh] Theory loaded
[Theory PR3_ShHh] Theory translated
[Theory PR3_ShHh] Derivation checks started
[Theory PR3_ShHh] Derivation checks ended
[Theory PR3_ShHh] Theory closed
theory PR3_ShHh

begin

// Function signature and definition of the equational theory E

builtins: multiset
functions: fst/1, pair/2, pk/1, sg/2, sign/2, snd/1, true/0, ver/2,
           verify/3
equations:
    fst(<x.1, x.2>) = x.1,
    snd(<x.1, x.2>) = x.2,
    ver(sg(m, sk), pk(sk)) = m,
    verify(sign(x.1, x.2), x.1, pk(x.2)) = true

rule (modulo E) ChanOut_A:
   [ Out_A( $A, x ) ]
  --[ ChanOut_A( $A, x ) ]->
   [ !Auth( $A, x ), Out( <$A, x> ) ]

  /* has exactly the trivial AC variant */

rule (modulo E) ChanIn_A:
   [ !Auth( $A, x ) ] --[ ChanIn_A( $A, x ) ]-> [ In_A( $A, x ) ]

  /* has exactly the trivial AC variant */

rule (modulo E) ChanOut_IR_HP:
   [ Out_IR_HP( $A, $B, m ) ]
  --[ ChanOut_IR_HP( $A, $B, m ) ]->
   [ Out( <$A, $B, m> ) ]

  /* has exactly the trivial AC variant */

rule (modulo E) ChanIn_IR_HP:
   [ In( <$A, $B, m> ) ]
  --[ ChanIn_IR_HP( $A, $B, m ) ]->
   [ In_IR_HP( $A, $B, m ) ]

  /* has exactly the trivial AC variant */

restriction Chan_R_HP:
  "∀ A B m #i.
    (Send_R_HP( A, B, m ) @ #i) ⇒ (∃ #j. Receive_R_HP( A, B, m ) @ #j)"

  /*
  expanded formula:
  "∀ A B m #i.
    (Send_R_HP( A, B, m ) @ #i) ⇒ (∃ #j. Receive_R_HP( A, B, m ) @ #j)"
  */

rule (modulo E) ChanOut_IR_PS:
   [ Out_IR_PS( $A, $B, m ) ]
  --[ ChanOut_IR_PS( $A, $B, m ) ]->
   [ Out( <$A, $B, m> ) ]

  /* has exactly the trivial AC variant */

rule (modulo E) ChanIn_IR_PS:
   [ In( <$A, $B, m> ) ]
  --[ ChanIn_IR_PS( $A, $B, m ) ]->
   [ In_IR_PS( $A, $B, m ) ]

  /* has exactly the trivial AC variant */

restriction Chan_R_PS:
  "∀ A B m #i.
    (Send_R_PS( A, B, m ) @ #i) ⇒ (∃ #j. Receive_R_PS( A, B, m ) @ #j)"

  /*
  expanded formula:
  "∀ A B m #i.
    (Send_R_PS( A, B, m ) @ #i) ⇒ (∃ #j. Receive_R_PS( A, B, m ) @ #j)"
  */

rule (modulo E) fakeEvidence:
   [ In( <ballot, evidence> ) ] --[ Evidence( ballot, evidence ) ]-> [ ]

  /* has exactly the trivial AC variant */

rule (modulo E) publickeyinfrastructure:
   [ Fr( ~skX ) ]
  --[ LongtermKey( $X, ~skX ) ]->
   [ !Ltk( $X, ~skX ), !Pk( $X, pk(~skX) ), Out( pk(~skX) ) ]

  /* has exactly the trivial AC variant */

rule (modulo E) Setup:
   [ !Ltk( 'P', ~skP ) ]
  --[
  Setup( ), Voter( 'H' ), Server( 'S' ), Honest( 'S' ),
  BB_pkP( 'BB', <'pkPs', pk(~skP)> )
  ]->
   [
   AgSt_H0( 'H', <'BB', 'P', $v> ), AgSt_BB0( 'BB', 'S' ),
   AgSt_P0( 'P', <'S', ~skP> ), AgSt_S0( 'S', 'empty' ),
   Out_A( 'BB', <'pkPs', pk(~skP)> )
   ]

  /* has exactly the trivial AC variant */

rule (modulo E) H_1:
   [ AgSt_H0( $H, <$BB, $P, $v> ) ]
  --[ Vote( $H, $v ), Ballot( $H, <$v, $H> ), Send_R_HP( $H, $P, <$v, $H> )
  ]->
   [ AgSt_H1( $H, <$BB, $P, $v> ), Out_IR_HP( $H, $P, <$v, $H> ) ]

  /* has exactly the trivial AC variant */

rule (modulo E) P:
   [ AgSt_P0( $P, <$S, ~skP> ), In_IR_HP( $H, $P, <$v, $H> ) ]
  --[
  Receive_R_HP( $H, $P, <$v, $H> ),
  Evidence( <$v, $H>, sg(<$v, $H>, ~skP) ), Send_R_PS( $P, $S, <$v, $H> )
  ]->
   [ Out_IR_PS( $P, $S, <$v, $H> ) ]

  /* has exactly the trivial AC variant */

rule (modulo E) S_1:
   [ AgSt_S0( $S, 'empty' ), In_IR_PS( $P, $S, <$v, $H> ) ]
  --[ Receive_R_PS( $P, $S, <$v, $H> ) ]->
   [ Out_A( $S, <'bs', $v, $H> ), Out_A( $S, <'vs', $v> ) ]

  /* has exactly the trivial AC variant */

rule (modulo E) BB:
   [ AgSt_BB0( $BB, $S ), In_A( $S, <'bs', bs> ), In_A( $S, <'vs', vs> ) ]
  --[ BB_recorded( $BB, <'bs', bs> ), BB_tallied( $BB, <'vs', vs> ), End( )
  ]->
   [ Out_A( $BB, <'bs', bs> ), Out_A( $BB, <'vs', vs> ) ]

  // loop breakers: [1,2]
  /* has exactly the trivial AC variant */

rule (modulo E) H_5:
   [ AgSt_H1( $H, <$BB, $P, $v> ), In_A( $BB, <'bs', bRecorded> ) ]
  --[ Verify( $H, <$v, $H>, bRecorded ) ]->
   [ ]

  /* has exactly the trivial AC variant */

restriction OneSetup:
  "∀ #i #j. ((Setup( ) @ #i) ∧ (Setup( ) @ #j)) ⇒ (#i = #j)"
  // safety formula

  /*
  expanded formula:
  "∀ #i #j. ((Setup( ) @ #i) ∧ (Setup( ) @ #j)) ⇒ (#i = #j)"
  */

lemma functional:
  exists-trace
  "∃ #i #j BB #k #l #p skP.
    (((((Vote( 'H', 'v' ) @ #i) ∧ (Ballot( 'H', <'v', 'H'> ) @ #j)) ∧
       (Evidence( <'v', 'H'>, sg(<'v', 'H'>, skP) ) @ #p)) ∧
      (BB_recorded( BB, <'bs', 'v', 'H'> ) @ #k)) ∧
     (BB_tallied( BB, <'vs', 'v'> ) @ #k)) ∧
    (Verify( 'H', <'v', 'H'>, <'v', 'H'> ) @ #l)"
/*
guarded formula characterizing all satisfying traces:
"∃ #i #j BB #k #l #p skP.
  (Vote( 'H', 'v' ) @ #i) ∧
  (Ballot( 'H', <'v', 'H'> ) @ #j) ∧
  (Evidence( <'v', 'H'>, sg(<'v', 'H'>, skP) ) @ #p) ∧
  (BB_recorded( BB, <'bs', 'v', 'H'> ) @ #k) ∧
  (BB_tallied( BB, <'vs', 'v'> ) @ #k) ∧
  (Verify( 'H', <'v', 'H'>, <'v', 'H'> ) @ #l)"
*/
by sorry

lemma TimelyP:
  all-traces
  "∀ H b #i #j.
    (((Ballot( H, b ) @ #i) ∧ (End( ) @ #j)) ∧ (#i < #j)) ⇒
    ((∃ BB #k. BB_recorded( BB, <'bs', b> ) @ #k) ∨
     (∃ BB b1 #k #l skP #m.
       (((BB_recorded( BB, <'bs', b1> ) @ #k) ∧ (¬(b1 = b))) ∧
        (Evidence( b, sg(b, skP) ) @ #l)) ∧
       (BB_pkP( BB, <'pkPs', pk(skP)> ) @ #m)))"
/*
guarded formula characterizing all counter-examples:
"∃ H b #i #j.
  (Ballot( H, b ) @ #i) ∧ (End( ) @ #j)
 ∧
  (#i < #j) ∧
  (∀ BB #k. (BB_recorded( BB, <'bs', b> ) @ #k) ⇒ ⊥) ∧
  (∀ BB b1 #k #l skP #m.
    (BB_recorded( BB, <'bs', b1> ) @ #k) ∧
    (Evidence( b, sg(b, skP) ) @ #l) ∧
    (BB_pkP( BB, <'pkPs', pk(skP)> ) @ #m)
   ⇒
    b1 = b)"
*/
by sorry

lemma AuthP:
  all-traces
  "∀ S #i.
    (Honest( S ) @ #i) ⇒
    (¬(∃ b BB b1 #k #l skP #m.
        (((BB_recorded( BB, <'bs', b1> ) @ #k) ∧ (¬(b1 = b))) ∧
         (Evidence( b, sg(b, skP) ) @ #l)) ∧
        (BB_pkP( BB, <'pkPs', pk(skP)> ) @ #m)))"
/*
guarded formula characterizing all counter-examples:
"∃ S #i.
  (Honest( S ) @ #i)
 ∧
  ∃ b BB b1 #k #l skP #m.
   (BB_recorded( BB, <'bs', b1> ) @ #k) ∧
   (Evidence( b, sg(b, skP) ) @ #l) ∧
   (BB_pkP( BB, <'pkPs', pk(skP)> ) @ #m)
  ∧
   ¬(b1 = b)"
*/
by sorry

/* All wellformedness checks were successful. */

/*
Generated from:
Tamarin version 1.13.0
Maude version 3.5.1
Git revision: 0234f6a1abee25677c0accef62de0ac2883b0347 (with uncommited changes), branch: HEAD
Compiled at: 2026-07-16 18:33:16.036427196 UTC
*/

end

==============================================================================
summary of summaries:

analyzed: examples/csf20-disputeResolution/PR3_ShHh.spthy

  processing time: 0.23s
  
  functional (exists-trace): analysis incomplete (1 steps)
  TimelyP (all-traces): analysis incomplete (1 steps)
  AuthP (all-traces): analysis incomplete (1 steps)

==============================================================================
