maude tool: 'maude'
 checking version: 3.5.1. OK.
 checking installation: OK.
[Theory NSLPK3] Theory loaded
[Theory NSLPK3] Theory translated
[Theory NSLPK3] Derivation checks started
[Theory NSLPK3] Derivation checks ended
[Theory NSLPK3] Theory closed
theory NSLPK3

begin

// Function signature and definition of the equational theory E

functions: adec/2, aenc/2, fst/1, pair/2, pk/1, snd/1
equations:
    adec(aenc(x.1, pk(x.2)), x.2) = x.1,
    fst(<x.1, x.2>) = x.1,
    snd(<x.1, x.2>) = x.2

rule (modulo E) Register_pk:
   [ Fr( ~ltkA ) ]
  -->
   [ !Ltk( $A, ~ltkA ), !Pk( $A, pk(~ltkA) ), Out( pk(~ltkA) ) ]

  /* has exactly the trivial AC variant */

rule (modulo E) Reveal_ltk:
   [ !Ltk( A, ltkA ) ] --[ RevLtk( A ) ]-> [ Out( ltkA ) ]

  /* has exactly the trivial AC variant */

rule (modulo E) I_1:
   [ Fr( ~ni ), !Pk( $R, pkR ) ]
  --[ OUT_I_1( aenc(<'1', ~ni, $I>, pkR) ) ]->
   [ Out( aenc(<'1', ~ni, $I>, pkR) ), St_I_1( $I, $R, ~ni ) ]

  /* has exactly the trivial AC variant */

rule (modulo E) R_1:
   [
   !Ltk( $R, ltkR ), In( aenc(<'1', ni, I>, pk(ltkR)) ), !Pk( I, pkI ),
   Fr( ~nr )
   ]
  --[
  IN_R_1_ni( ni, aenc(<'1', ni, I>, pk(ltkR)) ),
  OUT_R_1( aenc(<'2', ni, ~nr, $R>, pkI) ),
  Running( I, $R, <'init', ni, ~nr> )
  ]->
   [ Out( aenc(<'2', ni, ~nr, $R>, pkI) ), St_R_1( $R, I, ni, ~nr ) ]

  /* has exactly the trivial AC variant */

rule (modulo E) I_2:
   [
   St_I_1( I, R, ni ), !Ltk( I, ltkI ),
   In( aenc(<'2', ni, nr, R>, pk(ltkI)) ), !Pk( R, pkR )
   ]
  --[
  IN_I_2_nr( nr, aenc(<'2', ni, nr, R>, pk(ltkI)) ),
  Commit( I, R, <'init', ni, nr> ), Running( R, I, <'resp', ni, nr> )
  ]->
   [ Out( aenc(<'3', nr>, pkR) ), Secret( I, R, nr ), Secret( I, R, ni ) ]

  /* has exactly the trivial AC variant */

rule (modulo E) R_2:
   [
   St_R_1( R, I, ni, nr ), !Ltk( R, ltkR ), In( aenc(<'3', nr>, pk(ltkR)) )
   ]
  --[ Commit( R, I, <'resp', ni, nr> ) ]->
   [ Secret( R, I, nr ), Secret( R, I, ni ) ]

  /* has exactly the trivial AC variant */

rule (modulo E) Secrecy_claim:
   [ Secret( A, B, m ) ] --[ Secret( A, B, m ) ]-> [ ]

  /* has exactly the trivial AC variant */

lemma types [sources]:
  all-traces
  "(ÔłÇ ni m1 #i.
     (IN_R_1_ni( ni, m1 ) @ #i) Ôçĺ
     ((Ôłâ #j. (!KU( ni ) @ #j) Ôłž (#j < #i)) ÔłĘ (Ôłâ #j. OUT_I_1( m1 ) @ #j))) Ôłž
   (ÔłÇ nr m2 #i.
     (IN_I_2_nr( nr, m2 ) @ #i) Ôçĺ
     ((Ôłâ #j. (!KU( nr ) @ #j) Ôłž (#j < #i)) ÔłĘ (Ôłâ #j. OUT_R_1( m2 ) @ #j)))"
/*
guarded formula characterizing all counter-examples:
"((Ôłâ ni m1 #i.
    (IN_R_1_ni( ni, m1 ) @ #i)
   Ôłž
    (ÔłÇ #j. (!KU( ni ) @ #j) Ôçĺ ┬Č(#j < #i)) Ôłž
    (ÔłÇ #j. (OUT_I_1( m1 ) @ #j) Ôçĺ ÔŐą)) ÔłĘ
  (Ôłâ nr m2 #i.
    (IN_I_2_nr( nr, m2 ) @ #i)
   Ôłž
    (ÔłÇ #j. (!KU( nr ) @ #j) Ôçĺ ┬Č(#j < #i)) Ôłž
    (ÔłÇ #j. (OUT_R_1( m2 ) @ #j) Ôçĺ ÔŐą)))"
*/
by sorry

lemma nonce_secrecy:
  all-traces
  "┬Č(Ôłâ A B s #i.
      (((Secret( A, B, s ) @ #i) Ôłž (Ôłâ #j. K( s ) @ #j)) Ôłž
       (┬Č(Ôłâ #r. RevLtk( A ) @ #r))) Ôłž
      (┬Č(Ôłâ #r. RevLtk( B ) @ #r)))"
/*
guarded formula characterizing all counter-examples:
"Ôłâ A B s #i.
  (Secret( A, B, s ) @ #i)
 Ôłž
  (Ôłâ #j. (K( s ) @ #j)) Ôłž
  (ÔłÇ #r. (RevLtk( A ) @ #r) Ôçĺ ÔŐą) Ôłž
  (ÔłÇ #r. (RevLtk( B ) @ #r) Ôçĺ ÔŐą)"
*/
by sorry

lemma injective_agree:
  all-traces
  "ÔłÇ actor peer params #i.
    (Commit( actor, peer, params ) @ #i) Ôçĺ
    (((Ôłâ #j.
        ((Running( actor, peer, params ) @ #j) Ôłž (#j < #i)) Ôłž
        (┬Č(Ôłâ actor2 peer2 #i2.
            (Commit( actor2, peer2, params ) @ #i2) Ôłž (┬Č(#i = #i2))))) ÔłĘ
      (Ôłâ #r. RevLtk( actor ) @ #r)) ÔłĘ
     (Ôłâ #r. RevLtk( peer ) @ #r))"
/*
guarded formula characterizing all counter-examples:
"Ôłâ actor peer params #i.
  (Commit( actor, peer, params ) @ #i)
 Ôłž
  (ÔłÇ #j.
    (Running( actor, peer, params ) @ #j)
   Ôçĺ
    ((┬Č(#j < #i)) ÔłĘ
     (Ôłâ actor2 peer2 #i2.
       (Commit( actor2, peer2, params ) @ #i2) Ôłž ┬Č(#i = #i2)))) Ôłž
  (ÔłÇ #r. (RevLtk( actor ) @ #r) Ôçĺ ÔŐą) Ôłž
  (ÔłÇ #r. (RevLtk( peer ) @ #r) Ôçĺ ÔŐą)"
*/
by sorry

lemma session_key_setup_possible:
  exists-trace
  "Ôłâ A B s #i.
    ((Secret( A, B, s ) @ #i) Ôłž (┬Č(Ôłâ #r. RevLtk( A ) @ #r))) Ôłž
    (┬Č(Ôłâ #r. RevLtk( B ) @ #r))"
/*
guarded formula characterizing all satisfying traces:
"Ôłâ A B s #i.
  (Secret( A, B, s ) @ #i)
 Ôłž
  (ÔłÇ #r. (RevLtk( A ) @ #r) Ôçĺ ÔŐą) Ôłž (ÔłÇ #r. (RevLtk( B ) @ #r) Ôçĺ ÔŐą)"
*/
by sorry

/* All wellformedness checks were successful. */

/*
Generated from:
Tamarin version 1.13.0
Maude version 3.5.1
Git revision: 0234f6a1abee25677c0accef62de0ac2883b0347 (with uncommited changes), branch: HEAD
Compiled at: 2026-07-16 18:33:16.036427196 UTC
*/

end

==============================================================================
summary of summaries:

analyzed: examples/classic/NSLPK3.spthy

  processing time: 0.39s
  
  types (all-traces): analysis incomplete (1 steps)
  nonce_secrecy (all-traces): analysis incomplete (1 steps)
  injective_agree (all-traces): analysis incomplete (1 steps)
  session_key_setup_possible (exists-trace): analysis incomplete (1 steps)

==============================================================================
