maude tool: 'maude'
 checking version: 3.5.1. OK.
 checking installation: OK.
[Theory RF_dist_bound] Theory loaded
[Theory RF_dist_bound] Theory translated
[Theory RF_dist_bound] Derivation checks started
[Theory RF_dist_bound] Derivation checks ended
[Theory RF_dist_bound] Theory closed
theory RF_dist_bound

begin

// Function signature and definition of the equational theory E

functions: fst/1, h/1, pair/2, pk/1, sign/2, snd/1, true/0, verify/3
equations:
    fst(<x.1, x.2>) = x.1,
    snd(<x.1, x.2>) = x.2,
    verify(sign(x.1, x.2), x.1, pk(x.2)) = true

section{* RF Distance Bounding Protocol from the Usenix Paper of Kaspar
Rasmusson *}

/* All wellformedness checks were successful. */

/*
Generated from:
Tamarin version 1.13.0
Maude version 3.5.1
Git revision: 0234f6a1abee25677c0accef62de0ac2883b0347 (with uncommited changes), branch: HEAD
Compiled at: 2026-07-16 18:33:16.036427196 UTC
*/

end

==============================================================================
summary of summaries:

analyzed: examples/experiments/RF_dist_bound.spthy

  processing time: 0.06s
  

==============================================================================
