maude tool: 'maude'
 checking version: 3.5.1. OK.
 checking installation: OK.
[Theory KCL07] Theory loaded
[Theory KCL07] Theory translated
[Theory KCL07] Derivation checks started
[Theory KCL07] Derivation checks ended
[Theory KCL07] Theory closed
theory KCL07

begin

// Function signature and definition of the equational theory E

builtins: xor
functions: fst/1, h/1, pair/2, snd/1
equations: fst(<x.1, x.2>) = x.1, snd(<x.1, x.2>) = x.2

rule (modulo E) Setup:
   [ Fr( ~k ), Fr( ~id ) ]
  --[ OnlyOnce( ) ]->
   [ !Reader( ~k, ~id ), !Tag( ~k, ~id ) ]

  /* has exactly the trivial AC variant */

rule (modulo E) reader1:
   [ Fr( ~r1 ) ]
  --[ Challenge( ~r1, 'Reader' ) ]->
   [ Out( ~r1 ), Initiated( ~r1 ) ]

  /* has exactly the trivial AC variant */

rule (modulo E) tag1:
   [ In( r1 ), Fr( ~r2 ), !Tag( ~k, ~id ) ]
  --[ Response( ~k, 'Tag' ) ]->
   [ Out( <(~id⊕~r2), (~r2⊕h(<r1, ~k>))> ) ]

  /* has exactly the trivial AC variant */

rule (modulo E) reader2:
   [ Initiated( ~r1 ), !Reader( ~k, ~id ), In( xoredhash ) ]
  --[ Alive( ~k, 'Tag' ), Eq( xoredhash, (~id⊕h(<~r1, ~k>)) ) ]->
   [ ]

  /* has exactly the trivial AC variant */

restriction equality:
  "∀ x y #i. (Eq( x, y ) @ #i) ⇒ (x = y)"
  // safety formula

  /*
  expanded formula:
  "∀ x y #i. (Eq( x, y ) @ #i) ⇒ (x = y)"
  */

restriction unique:
  "∀ #i #j. ((OnlyOnce( ) @ #i) ∧ (OnlyOnce( ) @ #j)) ⇒ (#i = #j)"
  // safety formula

  /*
  expanded formula:
  "∀ #i #j. ((OnlyOnce( ) @ #i) ∧ (OnlyOnce( ) @ #j)) ⇒ (#i = #j)"
  */

lemma recentalive_tag:
  all-traces
  "∀ x #i.
    (Alive( x, 'Tag' ) @ #i) ⇒
    (∃ y #j #k.
      (((Challenge( y, 'Reader' ) @ #k) ∧ (Response( x, 'Tag' ) @ #j)) ∧
       (#k < #j)) ∧
      (#j < #i))"
/*
guarded formula characterizing all counter-examples:
"∃ x #i.
  (Alive( x, 'Tag' ) @ #i)
 ∧
  ∀ y #j #k.
   (Challenge( y, 'Reader' ) @ #k) ∧ (Response( x, 'Tag' ) @ #j)
  ⇒
   ((¬(#k < #j)) ∨ (¬(#j < #i)))"
*/
by sorry

lemma executable:
  exists-trace
  "∃ x #i #j.
    ((Alive( x, 'Tag' ) @ #i) ∧ (Response( x, 'Tag' ) @ #j)) ∧
    (¬(∃ #k. (Response( x, 'Tag' ) @ #k) ∧ (¬(#j = #k))))"
/*
guarded formula characterizing all satisfying traces:
"∃ x #i #j.
  (Alive( x, 'Tag' ) @ #i) ∧ (Response( x, 'Tag' ) @ #j)
 ∧
  ∀ #k. (Response( x, 'Tag' ) @ #k) ⇒ #j = #k"
*/
by sorry

/* All wellformedness checks were successful. */

/*
Generated from:
Tamarin version 1.13.0
Maude version 3.5.1
Git revision: 0234f6a1abee25677c0accef62de0ac2883b0347 (with uncommited changes), branch: HEAD
Compiled at: 2026-07-16 18:33:16.036427196 UTC
*/

end

==============================================================================
summary of summaries:

analyzed: examples/csf18-xor/KCL07.spthy

  processing time: 0.15s
  
  recentalive_tag (all-traces): analysis incomplete (1 steps)
  executable (exists-trace): analysis incomplete (1 steps)

==============================================================================
