maude tool: 'maude'
 checking version: 3.5.1. OK.
 checking installation: OK.
[Theory Pairwise_POIDC_H] Theory loaded
[Theory Pairwise_POIDC_H] Theory translated
[Theory Pairwise_POIDC_H] Derivation checks started
[Theory Pairwise_POIDC_H] Derivation checks ended
[Theory Pairwise_POIDC_H] Theory closed
theory Pairwise_POIDC_H

begin

// Function signature and definition of the equational theory E

functions: e1/1[private,constructor], e2/1[private,constructor],
           e3/1[private,constructor], false/0, fst/1, h/1, mangle/2, pair/2, pk/1,
           sign/3, snd/1, true/0, zk_prove/1, zk_verify/2
equations:
    e1(sign(x, y, z)) = x,
    e2(sign(x, y, z)) = y,
    e3(sign(x, y, z)) = z,
    fst(<x.1, x.2>) = x.1,
    mangle(sign(m, r1, sk), r2) = sign(m, r2, sk),
    snd(<x.1, x.2>) = x.2,
    zk_verify(zk_prove(h(<h(<uid, a>), b>)), uid) = true

rule (modulo E) reSign:
   [ In( <sk1, r1> ), In( sign(m, r2, sk2) ) ]
  -->
   [ Out( sign(m, r1, sk1) ) ]

  /* has exactly the trivial AC variant */

rule (modulo E) Get_pk:
   [ !Pk( A, pubkey ) ] --> [ Out( pubkey ) ]

  /* has exactly the trivial AC variant */

rule (modulo E) Init_Browser[color=#f9e79f]:
   [ Fr( ~browserID ) ]
  --[
  BrowserInits( ~browserID ), BrowserUser( ~browserID, $User ), Start( )
  ]->
   [ !St_Browser_Init( ~browserID, $User ) ]

  /* has exactly the trivial AC variant */

rule (modulo E) Browser_Performs_User_Action[color=#aed6f1]:
   [
   User_InputTo_Browser( $User, ~browserID, <'userAction', $Server, message>
   ),
   !St_Browser_Init( ~browserID, $User ),
   !St_Browser_Session( ~browserID, $Server, ~browser_ID_TLS )
   ]
  -->
   [ !Client_to_Server_TLS( ~browser_ID_TLS, $Server, message ) ]

  /* has exactly the trivial AC variant */

rule (modulo E) Browser_Redirects_To_URI[color=#aed6f1]:
   [
   !Server_to_Client_TLS( $Server1, ~browser_ID_TLS1,
                          <'redirectToURI', $uri, message>
   ),
   !St_Browser_Session( browserID, $Server1, ~browser_ID_TLS1 ),
   !St_Browser_Session( browserID, $Server2, ~browser_ID_TLS2 ),
   !Uri_belongs_to( $uri, $Server2 )
   ]
  -->
   [ !Client_to_Server_TLS( ~browser_ID_TLS2, $Server2, message ) ]

  /* has exactly the trivial AC variant */

rule (modulo E) Browser_Shows[color=#aed6f1]:
   [
   !Server_to_Client_TLS( $Server, ~browser_ID_TLS, <'show', message> ),
   !St_Browser_Session( ~browserID, $Server, ~browser_ID_TLS ),
   !St_Browser_Init( ~browserID, $User )
   ]
  -->
   [ Browser_Shows_User( ~browserID, $User, $Server, message ) ]

  /* has exactly the trivial AC variant */

rule (modulo E) Init_TLS_Session:
   [ !St_Browser_Init( ~browserID, $User ), Fr( ~browser_ID_TLS ) ]
  --[
  TLS_Hello( ~browserID, $Server ),
  BrowserServerSession( ~browserID, $Server, ~browser_ID_TLS )
  ]->
   [
   !St_Browser_Session( ~browserID, $Server, ~browser_ID_TLS ),
   !St_Server_Session( $Server, ~browser_ID_TLS )
   ]

  /* has exactly the trivial AC variant */

rule (modulo E) Init_Adversary_TLS_Session[color=#f5b7b1]:
   [ In( $Server ), Fr( ~browserID ), Fr( ~browser_ID_TLS ) ]
  --[ AdversaryAction( ) ]->
   [
   !St_Server_Session( $Server, ~browser_ID_TLS ),
   !Adversary_Session_TLS( ~browserID, $Server, ~browser_ID_TLS )
   ]

  /* has exactly the trivial AC variant */

rule (modulo E) Send_Adversary_TLS[color=#f5b7b1]:
   [
   !Adversary_Session_TLS( browserID, $Server, browser_ID_TLS ),
   In( message )
   ]
  --[ AdversaryAction( ) ]->
   [ !Client_to_Server_TLS( browser_ID_TLS, $Server, message ) ]

  /* has exactly the trivial AC variant */

rule (modulo E) Receive_Adversary_TLS[color=#f5b7b1]:
   [
   !Adversary_Session_TLS( browserID, $Server, browser_ID_TLS ),
   !Server_to_Client_TLS( $Server, browser_ID_TLS, message )
   ]
  --[ Adversary_receives( message ), AdversaryAction( ) ]->
   [ Out( message ) ]

  /* has exactly the trivial AC variant */

rule (modulo E) Compromised_IdP_leaks_Signing_Key[color=#f5b7b1]:
   [ !St_IdP_Init( $IdP ), !Ltk( $IdP, ~ltk ) ]
  --[ Is_Compromised( $IdP ), AdversaryAction( ) ]->
   [ Out( ~ltk ) ]

  /* has exactly the trivial AC variant */

rule (modulo E) Compromised_Server_receives[color=#f5b7b1]:
   [
   !Client_to_Server_TLS( ~browser_ID_TLS, $Server, message ),
   !St_Server_Session( $Server, ~browser_ID_TLS )
   ]
  --[
  Adversary_receives( message ), AdversaryAction( ),
  Is_Compromised( $Server )
  ]->
   [ Out( message ) ]

  /* has exactly the trivial AC variant */

rule (modulo E) Compromised_Server_sends[color=#f5b7b1]:
   [ !St_Server_Session( $Server, ~browser_ID_TLS ), In( message ) ]
  --[ AdversaryAction( ), Is_Compromised( $Server ) ]->
   [ !Server_to_Client_TLS( $Server, ~browser_ID_TLS, message ) ]

  /* has exactly the trivial AC variant */

rule (modulo E) User_registers_at_IdP[color=#f9e79f]:
   [ Fr( ~userSecret ) ]
  --[
  UserRegisters( ~userSecret ), UserID_belongs_To( $userID, $User, $IdP ),
  Unique( <$userID, $IdP> )
  ]->
   [ !User_registration_at_IdP( $User, $IdP, ~userSecret, $userID ) ]

  /* has exactly the trivial AC variant */

rule (modulo E) Adversary_registers_at_IdP[color=#f9e79f]:
   [ Fr( ~userSecretAdv ) ]
  --[
  UserID_belongs_To( $userID, $Adversary, $IdP ),
  AdversaryRegisters( $userID ), Unique( <$userID, $IdP> ),
  AdversaryAction( )
  ]->
   [
   !User_registration_at_IdP( $Adversary, $IdP, ~userSecretAdv, $userID ),
   Out( ~userSecretAdv )
   ]

  /* has exactly the trivial AC variant */

rule (modulo E) Initialization_IdP[color=#f9e79f]:
   [ Fr( ~ltk ) ]
  --[ IdPInitializes( $IdP ), GoodKey( pk(~ltk) ) ]->
   [ !St_IdP_Init( $IdP ), !Ltk( $IdP, ~ltk ), !Pk( $IdP, pk(~ltk) ) ]

  /* has exactly the trivial AC variant */

rule (modulo E) Registration_RP[color=#f9e79f]:
   [ !St_IdP_Init( $IdP ), !Ltk( $IdP, ~ltk ) ]
  --[
  Neq( $RP, $IdP ), RPRegisters( $RP, $IdP ), Not_an_IdP( $RP ),
  UriBelongsTo( $redirect_uri_RP, $RP ),
  ClientIDBelongsTo( $client_id, $IdP, $RP ), Unique( <$client_id, $IdP> )
  ]->
   [
   Out( <<'client_id_binding', $RP, $client_id, $redirect_uri_RP>, 
         sign(<'client_id_binding', $RP, $client_id, $redirect_uri_RP>, '0', ~ltk)
        >
   ),
   !St_RP_Registered( $RP, $IdP, $client_id, $redirect_uri_RP,
                      <'client_id_binding', $RP, $client_id, $redirect_uri_RP>,
                      sign(<'client_id_binding', $RP, $client_id, $redirect_uri_RP>, '0', ~ltk)
   ),
   !Uri_belongs_to( $redirect_uri_RP, $RP )
   ]

  /* has exactly the trivial AC variant */

rule (modulo E) User_starts_Session:
   [
   !St_Browser_Init( ~browserID, $User ),
   !User_registration_at_IdP( $User, $IdP, ~userSecret, $userID )
   ]
  --[
  UserStarts( ~browserID, $User ), UserStartsSession( $User, $RP, $IdP )
  ]->
   [
   St_User_1( $User, ~browserID, $IdP, $RP ),
   User_InputTo_Browser( $User, ~browserID,
                         <'userAction', $RP, 'loginWith', $IdP>
   )
   ]

  /* has exactly the trivial AC variant */

rule (modulo E) AuthRequest_RP:
   [
   !Client_to_Server_TLS( ~browser_ID_TLS, $RP, <'loginWith', $IdP> ),
   !St_Server_Session( $RP, ~browser_ID_TLS ),
   !St_RP_Registered( $RP, $IdP, $client_id, $redirect_uri_RP,
                      client_id_binding, binding_sig
   ),
   Fr( ~nonce )
   ]
  --[ AuthRequestRP( ~nonce ) ]->
   [
   !Server_to_Client_TLS( $RP, ~browser_ID_TLS,
                          <'authRequestForBrowser', <'client_id_binding', client_id_binding>, 
                           <'binding_sig', binding_sig>, <'nonce', ~nonce>, 'IdP', $IdP>
   ),
   St_RP_1( $RP, $IdP, $client_id, $redirect_uri_RP, client_id_binding,
            ~nonce
   )
   ]

  /* has exactly the trivial AC variant */

rule (modulo E) Browser_POIDC_Show_Consent_Dialogue[color=#aed6f1]:
   [
   !Server_to_Client_TLS( $RP, ~browser_ID_TLS_RP,
                          <'authRequestForBrowser', 
                           <'client_id_binding', 'client_id_binding', $RPFromBinding, clientID, 
                            redirect_uri_RP>, 
                           <'binding_sig', binding_sig>, <'nonce', nonce>, 'IdP', $IdP>
   ),
   !St_Browser_Init( ~browserID, $User ),
   !St_Browser_Session( ~browserID, $RP, ~browser_ID_TLS_RP ),
   !Pk( $IdP, pk_idp )
   ]
  --[
  ConsentDialogue( ),
  Verified( binding_sig, e1(binding_sig), pk(e3(binding_sig)),
            <'client_id_binding', $RPFromBinding, clientID, redirect_uri_RP>, pk_idp,
            true
  )
  ]->
   [
   Browser_Shows_User( ~browserID, $User, $IdP,
                       <'pleaseGiveConsent', $RPFromBinding, $IdP>
   ),
   St_Browser_1( ~browserID, nonce,
                 <'client_id_binding', $RPFromBinding, clientID, redirect_uri_RP>, $IdP
   )
   ]

  /*
  rule (modulo AC) Browser_POIDC_Show_Consent_Dialogue[color=#aed6f1]:
     [
     !Server_to_Client_TLS( $RP, ~browser_ID_TLS_RP,
                            <'authRequestForBrowser', 
                             <'client_id_binding', 'client_id_binding', $RPFromBinding, clientID, 
                              redirect_uri_RP>, 
                             <'binding_sig', binding_sig>, <'nonce', nonce>, 'IdP', $IdP>
     ),
     !St_Browser_Init( ~browserID, $User ),
     !St_Browser_Session( ~browserID, $RP, ~browser_ID_TLS_RP ),
     !Pk( $IdP, pk_idp )
     ]
    --[
    ConsentDialogue( ),
    Verified( binding_sig, z, pk(z.1),
              <'client_id_binding', $RPFromBinding, clientID, redirect_uri_RP>, pk_idp,
              true
    )
    ]->
     [
     Browser_Shows_User( ~browserID, $User, $IdP,
                         <'pleaseGiveConsent', $RPFromBinding, $IdP>
     ),
     St_Browser_1( ~browserID, nonce,
                   <'client_id_binding', $RPFromBinding, clientID, redirect_uri_RP>, $IdP
     )
     ]
    variants (modulo AC)
    1. binding_sig
             = binding_sig.21
       z     = e1(binding_sig.21)
       z.1   = e3(binding_sig.21)
    
    2. binding_sig
             = sign(z.32, x.45, z.33)
       z     = z.32
       z.1   = z.33
  */

rule (modulo E) User_Gives_Consent:
   [
   Browser_Shows_User( ~browserID, $User, $IdP,
                       <'pleaseGiveConsent', $RP, $IdP>
   ),
   St_User_1( $User, ~browserID, $IdP, $RP )
   ]
  --[ UserGivesConsent( $User, $RP, $IdP ) ]->
   [
   User_InputTo_Browser( $User, ~browserID, <'consentGiven', $RP, $IdP> ),
   St_User_2( $User, ~browserID, $IdP, $RP )
   ]

  /* has exactly the trivial AC variant */

rule (modulo E) Browser_POIDC_Auth_at_IdP_and_Send_AuthRequest[color=#aed6f1]:
   [
   User_InputTo_Browser( $User, ~browserID,
                         <'consentGiven', $RPFromBinding, $IdP>
   ),
   !St_Browser_Init( ~browserID, $User ),
   !St_Browser_Session( ~browserID, $IdP, ~browser_ID_TLS_IdP ),
   St_Browser_1( ~browserID, nonce,
                 <'client_id_binding', $RPFromBinding, $client_id, $redirect_uri_RP>, $IdP
   ),
   Fr( ~rnd ), Fr( ~rnd_2 ),
   !User_registration_at_IdP( $User, $IdP, ~userSecret, $userID )
   ]
  --[ UserGeneratesMaskedID( h(<$client_id, ~rnd>) ) ]->
   [
   !Client_to_Server_TLS( ~browser_ID_TLS_IdP, $IdP,
                          <<'userAuthenticate', $userID, ~userSecret>, 'maskedAuthRequest', 
                           h(<h(<$userID, $client_id>), ~rnd_2>), h(<$client_id, nonce, ~rnd>), 
                           zk_prove(h(<h(<$userID, $client_id>), ~rnd_2>))>
   ),
   St_Browser_2( ~browserID,
                 <'client_id_binding', $RPFromBinding, $client_id, $redirect_uri_RP>,
                 $IdP, ~rnd, ~rnd_2, h(<$userID, $client_id>),
                 h(<h(<$userID, $client_id>), ~rnd_2>), h(<$client_id, nonce, ~rnd>)
   ),
   Out( ~rnd ), Out( ~rnd_2 )
   ]

  /* has exactly the trivial AC variant */

rule (modulo E) Authentication_Response_IdP:
   [
   !Client_to_Server_TLS( ~browser_ID_TLS, $IdP,
                          <<'userAuthenticate', $userID, ~userSecret>, 'maskedAuthRequest', 
                           masked_pairwise_sub, masked_client_id, zk_prove(masked_pairwise_sub)>
   ),
   !User_registration_at_IdP( $User, $IdP, ~userSecret, $userID ),
   !St_IdP_Init( $IdP ), !St_Server_Session( $IdP, ~browser_ID_TLS ),
   !Ltk( $IdP, ~ltk )
   ]
  --[ Eq( zk_verify(zk_prove(masked_pairwise_sub), $userID), true ) ]->
   [
   !Server_to_Client_TLS( $IdP, ~browser_ID_TLS,
                          <'sendToRedirectURIFromBinding', 
                           <'private_id_token', <'iss', $IdP>, <'sub', masked_pairwise_sub>, 
                            'private_aud', masked_client_id>, 
                           sign(<'private_id_token', <'iss', $IdP>, <'sub', masked_pairwise_sub>, 
                                 'private_aud', masked_client_id>,
                                '0', ~ltk)
                          >
   )
   ]

  /*
  rule (modulo AC) Authentication_Response_IdP:
     [
     !Client_to_Server_TLS( ~browser_ID_TLS, $IdP,
                            <<'userAuthenticate', $userID, ~userSecret>, 'maskedAuthRequest', 
                             masked_pairwise_sub, masked_client_id, zk_prove(masked_pairwise_sub)>
     ),
     !User_registration_at_IdP( $User, $IdP, ~userSecret, $userID ),
     !St_IdP_Init( $IdP ), !St_Server_Session( $IdP, ~browser_ID_TLS ),
     !Ltk( $IdP, ~ltk )
     ]
    --[ Eq( z, true ) ]->
     [
     !Server_to_Client_TLS( $IdP, ~browser_ID_TLS,
                            <'sendToRedirectURIFromBinding', 
                             <'private_id_token', <'iss', $IdP>, <'sub', masked_pairwise_sub>, 
                              'private_aud', masked_client_id>, 
                             sign(<'private_id_token', <'iss', $IdP>, <'sub', masked_pairwise_sub>, 
                                   'private_aud', masked_client_id>,
                                  '0', ~ltk)
                            >
     )
     ]
    variants (modulo AC)
    1. $userID
             = $userID.24
       masked_pairwise_sub
             = masked_pairwise_sub.29
       z     = zk_verify(zk_prove(masked_pairwise_sub.29), $userID.24)
    
    2. $userID
             = $userID.130
       masked_pairwise_sub
             = h(<h(<$userID.130, x.255>), x.256>)
       z     = true
  */

rule (modulo E) Browser_POIDC_Send_IdToken_to_URI_from_Binding[color=#aed6f1]:
   [
   !Server_to_Client_TLS( $IdP, ~browser_ID_TLS_IdP,
                          <'sendToRedirectURIFromBinding', 
                           <'private_id_token', <'iss', iss>, <'sub', masked_pairwise_sub>, 
                            'private_aud', masked_client_id>, 
                           id_token_sig>
   ),
   !St_Browser_Session( ~browserID, $IdP, ~browser_ID_TLS_IdP ),
   !St_Browser_Init( ~browserID, $User ),
   !St_Browser_Session( ~browserID, $RP, ~browser_ID_TLS_RP ),
   !Uri_belongs_to( $redirect_uri_RP, $RP ),
   St_Browser_2( ~browserID,
                 <'client_id_binding', $RPFromBinding, $client_id, $redirect_uri_RP>,
                 $IdP, ~rnd, ~rnd_2, pairwise_sub, masked_pairwise_sub, masked_client_id
   )
   ]
  -->
   [
   !Client_to_Server_TLS( ~browser_ID_TLS_RP, $RP,
                          <'AuthResponse', 
                           <'private_id_token', <'iss', iss>, <'sub', masked_pairwise_sub>, 
                            'private_aud', masked_client_id>, 
                           id_token_sig, ~rnd, ~rnd_2, pairwise_sub>
   )
   ]

  /* has exactly the trivial AC variant */

rule (modulo E) RP_gets_idToken:
   [
   !Client_to_Server_TLS( ~browser_ID_TLS, $RP,
                          <'AuthResponse', 
                           <'private_id_token', <'iss', $IdP>, <'sub', h(<pairwise_sub, rnd_2>)>, 
                            'private_aud', h(<$client_id, ~nonce, rnd>)>, 
                           id_token_sig, rnd, rnd_2, pairwise_sub>
   ),
   St_RP_1( $RP, $IdP, $client_id, $redirect_uri_RP, client_id_binding,
            ~nonce
   ),
   !Pk( $IdP, pk_idp )
   ]
  --[
  Finish( ), RP_gets_IDToken( $RP, pairwise_sub, $IdP ),
  RPgetsIDToken_FromBrowser( $RP, ~browser_ID_TLS, $IdP ),
  Verified( id_token_sig, e1(id_token_sig), pk(e3(id_token_sig)),
            <'private_id_token', <'iss', $IdP>, <'sub', h(<pairwise_sub, rnd_2>)>, 
             'private_aud', h(<$client_id, ~nonce, rnd>)>,
            pk_idp, true
  )
  ]->
   [ ]

  /*
  rule (modulo AC) RP_gets_idToken:
     [
     !Client_to_Server_TLS( ~browser_ID_TLS, $RP,
                            <'AuthResponse', 
                             <'private_id_token', <'iss', $IdP>, <'sub', h(<pairwise_sub, rnd_2>)>, 
                              'private_aud', h(<$client_id, ~nonce, rnd>)>, 
                             id_token_sig, rnd, rnd_2, pairwise_sub>
     ),
     St_RP_1( $RP, $IdP, $client_id, $redirect_uri_RP, client_id_binding,
              ~nonce
     ),
     !Pk( $IdP, pk_idp )
     ]
    --[
    Finish( ), RP_gets_IDToken( $RP, pairwise_sub, $IdP ),
    RPgetsIDToken_FromBrowser( $RP, ~browser_ID_TLS, $IdP ),
    Verified( id_token_sig, z, pk(z.1),
              <'private_id_token', <'iss', $IdP>, <'sub', h(<pairwise_sub, rnd_2>)>, 
               'private_aud', h(<$client_id, ~nonce, rnd>)>,
              pk_idp, true
    )
    ]->
     [ ]
    variants (modulo AC)
    1. id_token_sig
             = id_token_sig.21
       z     = e1(id_token_sig.21)
       z.1   = e3(id_token_sig.21)
    
    2. id_token_sig
             = sign(z.30, x.41, z.31)
       z     = z.30
       z.1   = z.31
  */

restriction uniqueness:
  "∀ x #i #j. ((Unique( x ) @ #i) ∧ (Unique( x ) @ #j)) ⇒ (#i = #j)"
  // safety formula

  /*
  expanded formula:
  "∀ x #i #j. ((Unique( x ) @ #i) ∧ (Unique( x ) @ #j)) ⇒ (#i = #j)"
  */

restriction uri_belongs_to_only_one_server:
  "∀ uri server1 server2 #i #j.
    ((UriBelongsTo( uri, server1 ) @ #i) ∧
     (UriBelongsTo( uri, server2 ) @ #j)) ⇒
    (server1 = server2)"
  // safety formula

  /*
  expanded formula:
  "∀ uri server1 server2 #i #j.
    ((UriBelongsTo( uri, server1 ) @ #i) ∧
     (UriBelongsTo( uri, server2 ) @ #j)) ⇒
    (server1 = server2)"
  */

restriction Inequality_RP_IdP:
  "∀ x #i. (Neq( x, x ) @ #i) ⇒ (⊥)"
  // safety formula

  /*
  expanded formula:
  "∀ x #i. (Neq( x, x ) @ #i) ⇒ (⊥)"
  */

restriction registered_RP_shouldnt_be_an_IdP:
  "∀ rp #i. (Not_an_IdP( rp ) @ #i) ⇒ (¬(∃ #j. IdPInitializes( rp ) @ #j))"
  // safety formula

  /*
  expanded formula:
  "∀ rp #i. (Not_an_IdP( rp ) @ #i) ⇒ (¬(∃ #j. IdPInitializes( rp ) @ #j))"
  */

restriction equality:
  "∀ x y #i. (Eq( x, y ) @ #i) ⇒ (x = y)"
  // safety formula

  /*
  expanded formula:
  "∀ x y #i. (Eq( x, y ) @ #i) ⇒ (x = y)"
  */

restriction IdP_initializes_Once:
  "∀ idp #i #j.
    ((IdPInitializes( idp ) @ #i) ∧ (IdPInitializes( idp ) @ #j)) ⇒
    (#i = #j)"
  // safety formula

  /*
  expanded formula:
  "∀ idp #i #j.
    ((IdPInitializes( idp ) @ #i) ∧ (IdPInitializes( idp ) @ #j)) ⇒
    (#i = #j)"
  */

restriction RP_registers_at_IdP_Once:
  "∀ rp idp #i #j.
    ((RPRegisters( rp, idp ) @ #i) ∧ (RPRegisters( rp, idp ) @ #j)) ⇒
    (#i = #j)"
  // safety formula

  /*
  expanded formula:
  "∀ rp idp #i #j.
    ((RPRegisters( rp, idp ) @ #i) ∧ (RPRegisters( rp, idp ) @ #j)) ⇒
    (#i = #j)"
  */

restriction User_has_only_one_account_at_IdP:
  "∀ uid1 uid2 usr idp #i #j.
    ((UserID_belongs_To( uid1, usr, idp ) @ #i) ∧
     (UserID_belongs_To( uid2, usr, idp ) @ #j)) ⇒
    ((#i = #j) ∧ (uid1 = uid2))"
  // safety formula

  /*
  expanded formula:
  "∀ uid1 uid2 usr idp #i #j.
    ((UserID_belongs_To( uid1, usr, idp ) @ #i) ∧
     (UserID_belongs_To( uid2, usr, idp ) @ #j)) ⇒
    ((#i = #j) ∧ (uid1 = uid2))"
  */

restriction Correctness:
  "∀ sig tm tpk #i #j.
    ((GoodKey( tpk ) @ #i) ∧
     (Verified( sig, tm, tpk, tm, tpk, false ) @ #j)) ⇒
    (⊥)"
  // safety formula

  /*
  expanded formula:
  "∀ sig tm tpk #i #j.
    ((GoodKey( tpk ) @ #i) ∧
     (Verified( sig, tm, tpk, tm, tpk, false ) @ #j)) ⇒
    (⊥)"
  */

restriction NoForgery:
  "∀ tpk tm spk sm sig #i #j.
    ((GoodKey( tpk ) @ #i) ∧
     (Verified( sig, sm, spk, tm, tpk, true ) @ #j)) ⇒
    ((sm = tm) ∧ (spk = tpk))"
  // safety formula

  /*
  expanded formula:
  "∀ tpk tm spk sm sig #i #j.
    ((GoodKey( tpk ) @ #i) ∧
     (Verified( sig, sm, spk, tm, tpk, true ) @ #j)) ⇒
    ((sm = tm) ∧ (spk = tpk))"
  */

restriction Consistency:
  "∀ sig sm spk tm tpk r1 r2 #i #j.
    ((Verified( sig, sm, spk, tm, tpk, r1 ) @ #i) ∧
     (Verified( sig, sm, spk, tm, tpk, r2 ) @ #j)) ⇒
    (r1 = r2)"
  // safety formula

  /*
  expanded formula:
  "∀ sig sm spk tm tpk r1 r2 #i #j.
    ((Verified( sig, sm, spk, tm, tpk, r1 ) @ #i) ∧
     (Verified( sig, sm, spk, tm, tpk, r2 ) @ #j)) ⇒
    (r1 = r2)"
  */

lemma executable:
  exists-trace
  "∃ #i.
    (((((((((Finish( ) @ #i) ∧
            (∀ x y #i.1 #j.
              ((BrowserInits( x ) @ #i.1) ∧ (BrowserInits( y ) @ #j)) ⇒ (x = y))) ∧
           (∀ x y #i.1 #j.
             ((UserRegisters( x ) @ #i.1) ∧ (UserRegisters( y ) @ #j)) ⇒ (x = y))) ∧
          (∀ x y #i.1 #j.
            ((IdPInitializes( x ) @ #i.1) ∧ (IdPInitializes( y ) @ #j)) ⇒ (x = y))) ∧
         (∀ rp1 rp2 idp #i.1 #j.
           ((RPRegisters( rp1, idp ) @ #i.1) ∧ (RPRegisters( rp2, idp ) @ #j)) ⇒
           (rp1 = rp2))) ∧
        (∀ x y a b #i.1 #j.
          ((UserStarts( x, a ) @ #i.1) ∧ (UserStarts( y, b ) @ #j)) ⇒
          (((x = y) ∧ (a = b)) ∧ (#i.1 = #j)))) ∧
       (∀ x y #i.1 #j.
         ((TLS_Hello( x, y ) @ #i.1) ∧ (TLS_Hello( x, y ) @ #j)) ⇒ (#i.1 = #j))) ∧
      (∀ x y #i.1 #j.
        ((AuthRequestRP( x ) @ #i.1) ∧ (AuthRequestRP( y ) @ #j)) ⇒ (x = y))) ∧
     (∀ #i.1 #j.
       ((ConsentDialogue( ) @ #i.1) ∧ (ConsentDialogue( ) @ #j)) ⇒
       (#i.1 = #j))) ∧
    (¬(∃ #i.1. AdversaryAction( ) @ #i.1))"
/*
guarded formula characterizing all satisfying traces:
"∃ #i.
  (Finish( ) @ #i)
 ∧
  (∀ x y #i.1 #j.
    (BrowserInits( x ) @ #i.1) ∧ (BrowserInits( y ) @ #j) ⇒ x = y) ∧
  (∀ x y #i.1 #j.
    (UserRegisters( x ) @ #i.1) ∧ (UserRegisters( y ) @ #j) ⇒ x = y) ∧
  (∀ x y #i.1 #j.
    (IdPInitializes( x ) @ #i.1) ∧ (IdPInitializes( y ) @ #j) ⇒ x = y) ∧
  (∀ rp1 rp2 idp #i.1 #j.
    (RPRegisters( rp1, idp ) @ #i.1) ∧ (RPRegisters( rp2, idp ) @ #j)
   ⇒
    rp1 = rp2) ∧
  (∀ x y a b #i.1 #j.
    (UserStarts( x, a ) @ #i.1) ∧ (UserStarts( y, b ) @ #j)
   ⇒
    (x = y) ∧ (a = b) ∧ (#i.1 = #j)) ∧
  (∀ x y #i.1 #j.
    (TLS_Hello( x, y ) @ #i.1) ∧ (TLS_Hello( x, y ) @ #j) ⇒ #i.1 = #j) ∧
  (∀ x y #i.1 #j.
    (AuthRequestRP( x ) @ #i.1) ∧ (AuthRequestRP( y ) @ #j) ⇒ x = y) ∧
  (∀ #i.1 #j.
    (ConsentDialogue( ) @ #i.1) ∧ (ConsentDialogue( ) @ #j) ⇒ #i.1 = #j) ∧
  (∀ #i.1. (AdversaryAction( ) @ #i.1) ⇒ ⊥)"
*/
by sorry

lemma User_Authentication:
  all-traces
  "∀ rp uid cid idp #finish.
    ((((RP_gets_IDToken( rp, h(<uid, cid>), idp ) @ #finish) ∧
       (¬(∃ #j. Is_Compromised( idp ) @ #j))) ∧
      (¬(∃ #j. Is_Compromised( rp ) @ #j))) ∧
     (¬(∃ #j. AdversaryRegisters( uid ) @ #j))) ⇒
    (∃ usr browserSession browser #k #start #consent #m #n.
      (((((((UserGivesConsent( usr, rp, idp ) @ #consent) ∧
            (UserStartsSession( usr, rp, idp ) @ #start)) ∧
           (UserID_belongs_To( uid, usr, idp ) @ #k)) ∧
          (RPgetsIDToken_FromBrowser( rp, browserSession, idp ) @ #finish)) ∧
         (BrowserUser( browser, usr ) @ #n)) ∧
        (BrowserServerSession( browser, rp, browserSession ) @ #m)) ∧
       (#consent < #finish)) ∧
      (#start < #consent))"
/*
guarded formula characterizing all counter-examples:
"∃ rp uid cid idp #finish.
  (RP_gets_IDToken( rp, h(<uid, cid>), idp ) @ #finish)
 ∧
  (∀ #j. (Is_Compromised( idp ) @ #j) ⇒ ⊥) ∧
  (∀ #j. (Is_Compromised( rp ) @ #j) ⇒ ⊥) ∧
  (∀ #j. (AdversaryRegisters( uid ) @ #j) ⇒ ⊥) ∧
  (∀ usr browserSession browser #k #start #consent #m #n.
    (UserGivesConsent( usr, rp, idp ) @ #consent) ∧
    (UserStartsSession( usr, rp, idp ) @ #start) ∧
    (UserID_belongs_To( uid, usr, idp ) @ #k) ∧
    (RPgetsIDToken_FromBrowser( rp, browserSession, idp ) @ #finish) ∧
    (BrowserUser( browser, usr ) @ #n) ∧
    (BrowserServerSession( browser, rp, browserSession ) @ #m)
   ⇒
    ((¬(#consent < #finish)) ∨ (¬(#start < #consent))))"
*/
by sorry

/*
WARNING: the following wellformedness checks failed!

Subterm Convergence Warning
===========================

  User-defined equations must be convergent and have the finite variant property. The following equations are not subterm convergent. If you are sure that the set of equations is nevertheless convergent and has the finite variant property, you can ignore this warning and continue 

    mangle(sign(m, r1, sk), r2) = sign(m, r2, sk)
   
 For more information, please refer to the manual : https://tamarin-prover.com/manual/master/book/010_modeling-issues.html 

Message Derivation Checks
=========================

  The variables of the following rule(s) are not derivable from their premises, you may be performing unintended pattern matching.

Rule reSign: 
Failed to derive Variable(s): m, r2, sk2
*/

/*
Generated from:
Tamarin version 1.13.0
Maude version 3.5.1
Git revision: 0234f6a1abee25677c0accef62de0ac2883b0347 (with uncommited changes), branch: HEAD
Compiled at: 2026-07-16 18:33:16.036427196 UTC
*/

end

==============================================================================
summary of summaries:

analyzed: examples/thesis-SvenHammann-POIDC/Pairwise_POIDC_H.spthy

  processing time: 1.45s
  
  WARNING: 2 wellformedness check failed!
  
  executable (exists-trace): analysis incomplete (1 steps)
  User_Authentication (all-traces): analysis incomplete (1 steps)

==============================================================================
