maude tool: 'maude'
 checking version: 3.5.1. OK.
 checking installation: OK.
[Theory OCSPS] Theory loaded
[Theory OCSPS] Theory translated
[Theory OCSPS] Derivation checks started
[Theory OCSPS] Derivation checks ended
[Theory OCSPS] Theory closed
theory OCSPS

begin

// Function signature and definition of the equational theory E

functions: NormalAct/0, S/1, UnusualAct/0, check_rep/2, fst/1, get_rep/1,
           pair/2, pk/1, rep/2[private,constructor], sign/2,
           sk/1[private,constructor], snd/1, tlssign/2, tlsverify/3, true/0,
           verify/3
equations:
    check_rep(rep(m, loc), loc) = m,
    fst(<x.1, x.2>) = x.1,
    get_rep(rep(m, loc)) = m,
    snd(<x.1, x.2>) = x.2,
    tlsverify(tlssign(m, sk), m, pk(sk)) = true,
    verify(sign(m, sk(i)), m, pk(sk(i))) = true

heuristic: p

rule (modulo E) Init_:
   [ ] --[ Init( ) ]-> [ State_( ) ]

  /* has exactly the trivial AC variant */

rule (modulo E) Par_:
   [ State_( ) ] --> [ State_1( ), State_2( ) ]

  /* has exactly the trivial AC variant */

rule (modulo E) Par_1[color=#569dc0]:
   [ State_1( ) ] --> [ State_11( ), State_12( ) ]

  /* has exactly the trivial AC variant */

rule (modulo E) Par_11[color=#569dc0]:
   [ State_11( ) ] --> [ State_111( ), State_112( ) ]

  /* has exactly the trivial AC variant */

rule (modulo E) Par_111[color=#569dc0]:
   [ State_111( ) ] --> [ State_1111( ), State_1112( ) ]

  /* has exactly the trivial AC variant */

rule (modulo E) new_sk_1111[color=#2cd719]:
   [ State_1111( ), Fr( sk ) ] --> [ State_11111( sk ) ]

  /* has exactly the trivial AC variant */

rule (modulo E) insert_ocspstatus_signpksk_sk_CA__good__11111[color=#2cd719]:
   [ State_11111( sk ) ]
  --[ Insert( <'ocspstatus', sign(pk(sk), sk('CA'))>, 'good' ) ]->
   [ State_111111( sk ) ]

  /* has exactly the trivial AC variant */

rule (modulo E) event_Secretsignpksk_sk_CA__sk_111111[color=#2cd719]:
   [ State_111111( sk ) ]
  --[ Secret( sign(pk(sk), sk('CA')), sk ) ]->
   [ State_1111111( sk ) ]

  /* has exactly the trivial AC variant */

rule (modulo E) out_pksk_1111111[color=#2cd719]:
   [ State_1111111( sk ) ] --> [ State_11111111( sk ), Out( pk(sk) ) ]

  /* has exactly the trivial AC variant */

rule (modulo E) Par_11111111[color=#2cd719]:
   [ State_11111111( sk ) ]
  -->
   [ State_111111111( sk ), State_111111112( sk ) ]

  /* has exactly the trivial AC variant */

rule (modulo E) Rep_0_111111111[color=#2cd719]:
   [ State_111111111( sk ) ] --> [ !Semistate_1111111111( sk ) ]

  /* has exactly the trivial AC variant */

rule (modulo E) Rep_1_111111111[color=#2cd719]:
   [ !Semistate_1111111111( sk ) ] --> [ State_1111111111( sk ) ]

  /* has exactly the trivial AC variant */

rule (modulo E) lock_unhacked__1111111111[color=#2cd719]:
   [ State_1111111111( sk ), Fr( ~lock7 ) ]
  --[ Lock( $7, ~lock7, 'unhacked' ), Lock_7( $7, ~lock7, 'unhacked' ) ]->
   [ State_11111111111( ~lock7, sk ) ]

  /* has exactly the trivial AC variant */

rule (modulo E) out_signpksk_sk_CA__11111111111[color=#2cd719]:
   [ State_11111111111( ~lock7, sk ) ]
  -->
   [ State_111111111111( ~lock7, sk ), Out( sign(pk(sk), sk('CA')) ) ]

  /* has exactly the trivial AC variant */

rule (modulo E) new_content_111111111111[color=#2cd719]:
   [ State_111111111111( ~lock7, sk ), Fr( content ) ]
  -->
   [ State_1111111111111( ~lock7, content, sk ) ]

  /* has exactly the trivial AC variant */

rule (modulo E) in_m2_1111111111111[color=#2cd719]:
   [ State_1111111111111( ~lock7, content, sk ), In( m2 ) ]
  -->
   [ State_11111111111111( ~lock7, content, m2, sk ) ]

  /* has exactly the trivial AC variant */

rule (modulo E) out_m2_11111111111111[color=#2cd719]:
   [ State_11111111111111( ~lock7, content, m2, sk ) ]
  -->
   [ State_111111111111111( ~lock7, content, m2, sk ), Out( m2 ) ]

  /* has exactly the trivial AC variant */

rule (modulo E) unlock_unhacked__111111111111111[color=#2cd719]:
   [ State_111111111111111( ~lock7, content, m2, sk ) ]
  --[ Unlock( $7, ~lock7, 'unhacked' ), Unlock_7( $7, ~lock7, 'unhacked' )
  ]->
   [ State_1111111111111111( ~lock7, content, m2, sk ) ]

  /* has exactly the trivial AC variant */

rule (modulo E) Zero_1111111111111111[color=#2cd719]:
   [ State_1111111111111111( ~lock7, content, m2, sk ) ] --> [ ]

  /* has exactly the trivial AC variant */

rule (modulo E) lock_unhacked__111111112[color=#2cd719]:
   [ State_111111112( sk ), Fr( ~lock15 ) ]
  --[ Lock( $15, ~lock15, 'unhacked' ), Lock_15( $15, ~lock15, 'unhacked' )
  ]->
   [ State_1111111121( ~lock15, sk ) ]

  /* has exactly the trivial AC variant */

rule (modulo E) lock_ocspstatus__1111111121[color=#2cd719]:
   [ State_1111111121( ~lock15, sk ), Fr( ~lock14 ) ]
  --[
  Lock( $14, ~lock14, 'ocspstatus' ), Lock_14( $14, ~lock14, 'ocspstatus' )
  ]->
   [ State_11111111211( ~lock14, ~lock15, sk ) ]

  /* has exactly the trivial AC variant */

rule (modulo E) lock_time__11111111211[color=#2cd719]:
   [ State_11111111211( ~lock14, ~lock15, sk ), Fr( ~lock13 ) ]
  --[ Lock( $13, ~lock13, 'time' ), Lock_13( $13, ~lock13, 'time' ) ]->
   [ State_111111112111( ~lock13, ~lock14, ~lock15, sk ) ]

  /* has exactly the trivial AC variant */

rule (modulo E) lookup_time_as_t_0_111111112111[color=#2cd719]:
   [ State_111111112111( ~lock13, ~lock14, ~lock15, sk ) ]
  --[ IsIn( 'time', ~t ) ]->
   [ State_1111111121111( ~lock13, ~lock14, ~lock15, ~t, sk ) ]

  /* has exactly the trivial AC variant */

rule (modulo E) lookup_time_as_t_1_111111112111[color=#2cd719]:
   [ State_111111112111( ~lock13, ~lock14, ~lock15, sk ) ]
  --[ IsNotSet( 'time' ) ]->
   [ State_1111111121112( ~lock13, ~lock14, ~lock15, sk ) ]

  /* has exactly the trivial AC variant */

rule (modulo E) event_Corrupted_S__1111111121111[color=#2cd719]:
   [ State_1111111121111( ~lock13, ~lock14, ~lock15, ~t, sk ) ]
  --[ Corrupted( 'S' ) ]->
   [ State_11111111211111( ~lock13, ~lock14, ~lock15, ~t, sk ) ]

  /* has exactly the trivial AC variant */

rule (modulo E) insert_ocspstatus_signpksk_sk_CA__revoked__11111111211111[color=#2cd719]:
   [ State_11111111211111( ~lock13, ~lock14, ~lock15, ~t, sk ) ]
  --[ Insert( <'ocspstatus', sign(pk(sk), sk('CA'))>, 'revoked' ) ]->
   [ State_111111112111111( ~lock13, ~lock14, ~lock15, ~t, sk ) ]

  /* has exactly the trivial AC variant */

rule (modulo E) event_Learnsk_111111112111111[color=#2cd719]:
   [ State_111111112111111( ~lock13, ~lock14, ~lock15, ~t, sk ) ]
  --[ Learn( sk ) ]->
   [ State_1111111121111111( ~lock13, ~lock14, ~lock15, ~t, sk ) ]

  /* has exactly the trivial AC variant */

rule (modulo E) out_sk_1111111121111111[color=#2cd719]:
   [ State_1111111121111111( ~lock13, ~lock14, ~lock15, ~t, sk ) ]
  -->
   [ State_11111111211111111( ~lock13, ~lock14, ~lock15, ~t, sk ), Out( sk )
   ]

  /* has exactly the trivial AC variant */

rule (modulo E) new_tn_11111111211111111[color=#2cd719]:
   [ State_11111111211111111( ~lock13, ~lock14, ~lock15, ~t, sk ), Fr( ~tn )
   ]
  -->
   [ State_111111112111111111( ~lock13, ~lock14, ~lock15, ~t, ~tn, sk ) ]

  /* has exactly the trivial AC variant */

rule (modulo E) out_tn_111111112111111111[color=#2cd719]:
   [ State_111111112111111111( ~lock13, ~lock14, ~lock15, ~t, ~tn, sk ) ]
  -->
   [
   State_1111111121111111111( ~lock13, ~lock14, ~lock15, ~t, ~tn, sk ),
   Out( ~tn )
   ]

  /* has exactly the trivial AC variant */

rule (modulo E) event_Timetn_1111111121111111111[color=#2cd719]:
   [ State_1111111121111111111( ~lock13, ~lock14, ~lock15, ~t, ~tn, sk ) ]
  --[ Time( ~tn ) ]->
   [ State_11111111211111111111( ~lock13, ~lock14, ~lock15, ~t, ~tn, sk ) ]

  /* has exactly the trivial AC variant */

rule (modulo E) insert_time_tn_11111111211111111111[color=#2cd719]:
   [ State_11111111211111111111( ~lock13, ~lock14, ~lock15, ~t, ~tn, sk ) ]
  --[ Insert( 'time', ~tn ) ]->
   [ State_111111112111111111111( ~lock13, ~lock14, ~lock15, ~t, ~tn, sk ) ]

  /* has exactly the trivial AC variant */

rule (modulo E) unlock_time__111111112111111111111[color=#2cd719]:
   [ State_111111112111111111111( ~lock13, ~lock14, ~lock15, ~t, ~tn, sk ) ]
  --[ Unlock( $13, ~lock13, 'time' ), Unlock_13( $13, ~lock13, 'time' ) ]->
   [ State_1111111121111111111111( ~lock13, ~lock14, ~lock15, ~t, ~tn, sk )
   ]

  /* has exactly the trivial AC variant */

rule (modulo E) unlock_ocspstatus__1111111121111111111111[color=#2cd719]:
   [ State_1111111121111111111111( ~lock13, ~lock14, ~lock15, ~t, ~tn, sk )
   ]
  --[
  Unlock( $14, ~lock14, 'ocspstatus' ),
  Unlock_14( $14, ~lock14, 'ocspstatus' )
  ]->
   [ State_11111111211111111111111( ~lock13, ~lock14, ~lock15, ~t, ~tn, sk )
   ]

  /* has exactly the trivial AC variant */

rule (modulo E) Zero_11111111211111111111111[color=#2cd719]:
   [ State_11111111211111111111111( ~lock13, ~lock14, ~lock15, ~t, ~tn, sk )
   ]
  -->
   [ ]

  /* has exactly the trivial AC variant */

rule (modulo E) Zero_1111111121112[color=#2cd719]:
   [ State_1111111121112( ~lock13, ~lock14, ~lock15, sk ) ] --> [ ]

  /* has exactly the trivial AC variant */

rule (modulo E) Rep_0_1112[color=#11ec28]:
   [ State_1112( ) ] --> [ !Semistate_11121( ) ]

  /* has exactly the trivial AC variant */

rule (modulo E) Rep_1_1112[color=#11ec28]:
   [ !Semistate_11121( ) ] --> [ State_11121( ) ]

  /* has exactly the trivial AC variant */

rule (modulo E) in_signpksk_sk_CA__11121[color=#11ec28]:
   [ State_11121( ), In( sign(pk(sk), sk('CA')) ) ]
  -->
   [ State_111211( sk ) ]

  /* has exactly the trivial AC variant */

rule (modulo E) lock_time__111211[color=#11ec28]:
   [ State_111211( sk ), Fr( ~lock9 ) ]
  --[ Lock( $9, ~lock9, 'time' ), Lock_9( $9, ~lock9, 'time' ) ]->
   [ State_1112111( ~lock9, sk ) ]

  /* has exactly the trivial AC variant */

rule (modulo E) lock_ocspstatus__1112111[color=#11ec28]:
   [ State_1112111( ~lock9, sk ), Fr( ~lock8 ) ]
  --[ Lock( $8, ~lock8, 'ocspstatus' ), Lock_8( $8, ~lock8, 'ocspstatus' )
  ]->
   [ State_11121111( ~lock8, ~lock9, sk ) ]

  /* has exactly the trivial AC variant */

rule (modulo E) lookup_time_as_t_0_11121111[color=#11ec28]:
   [ State_11121111( ~lock8, ~lock9, sk ) ]
  --[ IsIn( 'time', ~t ) ]->
   [ State_111211111( ~lock8, ~lock9, ~t, sk ) ]

  /* has exactly the trivial AC variant */

rule (modulo E) lookup_time_as_t_1_11121111[color=#11ec28]:
   [ State_11121111( ~lock8, ~lock9, sk ) ]
  --[ IsNotSet( 'time' ) ]->
   [ State_111211112( ~lock8, ~lock9, sk ) ]

  /* has exactly the trivial AC variant */

rule (modulo E) lookup_ocspstatus_signpksk_sk_CA__as_status_0_111211111[color=#11ec28]:
   [ State_111211111( ~lock8, ~lock9, ~t, sk ) ]
  --[ IsIn( <'ocspstatus', sign(pk(sk), sk('CA'))>, status ) ]->
   [ State_1112111111( ~lock8, ~lock9, ~t, sk, status ) ]

  /* has exactly the trivial AC variant */

rule (modulo E) lookup_ocspstatus_signpksk_sk_CA__as_status_1_111211111[color=#11ec28]:
   [ State_111211111( ~lock8, ~lock9, ~t, sk ) ]
  --[ IsNotSet( <'ocspstatus', sign(pk(sk), sk('CA'))> ) ]->
   [ State_1112111112( ~lock8, ~lock9, ~t, sk ) ]

  /* has exactly the trivial AC variant */

rule (modulo E) if_eqstatus_good__0_1112111111[color=#11ec28]:
   [ State_1112111111( ~lock8, ~lock9, ~t, sk, status ) ]
  --[ Pred_eq( status, 'good' ) ]->
   [ State_11121111111( ~lock8, ~lock9, ~t, sk, status ) ]

  /* has exactly the trivial AC variant */

rule (modulo E) if_eqstatus_good__1_1112111111[color=#11ec28]:
   [ State_1112111111( ~lock8, ~lock9, ~t, sk, status ) ]
  --[ Pred_not_eq( status, 'good' ) ]->
   [ State_11121111112( ~lock8, ~lock9, ~t, sk, status ) ]

  /* has exactly the trivial AC variant */

rule (modulo E) out_signpksk_sk_CA__t_good_sign_signpksk_sk_CA__t_good_sk_OCSP___11121111111[color=#11ec28]:
   [ State_11121111111( ~lock8, ~lock9, ~t, sk, status ) ]
  -->
   [
   State_111211111111( ~lock8, ~lock9, ~t, sk, status ),
   Out( <<sign(pk(sk), sk('CA')), ~t, 'good'>, 
         sign(<sign(pk(sk), sk('CA')), ~t, 'good'>, sk('OCSP'))>
   )
   ]

  /* has exactly the trivial AC variant */

rule (modulo E) unlock_time__111211111111[color=#11ec28]:
   [ State_111211111111( ~lock8, ~lock9, ~t, sk, status ) ]
  --[ Unlock( $9, ~lock9, 'time' ), Unlock_9( $9, ~lock9, 'time' ) ]->
   [ State_1112111111111( ~lock8, ~lock9, ~t, sk, status ) ]

  /* has exactly the trivial AC variant */

rule (modulo E) unlock_ocspstatus__1112111111111[color=#11ec28]:
   [ State_1112111111111( ~lock8, ~lock9, ~t, sk, status ) ]
  --[
  Unlock( $8, ~lock8, 'ocspstatus' ), Unlock_8( $8, ~lock8, 'ocspstatus' )
  ]->
   [ State_11121111111111( ~lock8, ~lock9, ~t, sk, status ) ]

  /* has exactly the trivial AC variant */

rule (modulo E) Zero_11121111111111[color=#11ec28]:
   [ State_11121111111111( ~lock8, ~lock9, ~t, sk, status ) ] --> [ ]

  /* has exactly the trivial AC variant */

rule (modulo E) out_signpksk_sk_CA__t_revoked_sign_signpksk_sk_CA__t_revoked_sk_OCSP___11121111112[color=#11ec28]:
   [ State_11121111112( ~lock8, ~lock9, ~t, sk, status ) ]
  -->
   [
   State_111211111121( ~lock8, ~lock9, ~t, sk, status ),
   Out( <<sign(pk(sk), sk('CA')), ~t, 'revoked'>, 
         sign(<sign(pk(sk), sk('CA')), ~t, 'revoked'>, sk('OCSP'))>
   )
   ]

  /* has exactly the trivial AC variant */

rule (modulo E) unlock_time__111211111121[color=#11ec28]:
   [ State_111211111121( ~lock8, ~lock9, ~t, sk, status ) ]
  --[ Unlock( $9, ~lock9, 'time' ), Unlock_9( $9, ~lock9, 'time' ) ]->
   [ State_1112111111211( ~lock8, ~lock9, ~t, sk, status ) ]

  /* has exactly the trivial AC variant */

rule (modulo E) unlock_ocspstatus__1112111111211[color=#11ec28]:
   [ State_1112111111211( ~lock8, ~lock9, ~t, sk, status ) ]
  --[
  Unlock( $8, ~lock8, 'ocspstatus' ), Unlock_8( $8, ~lock8, 'ocspstatus' )
  ]->
   [ State_11121111112111( ~lock8, ~lock9, ~t, sk, status ) ]

  /* has exactly the trivial AC variant */

rule (modulo E) Zero_11121111112111[color=#11ec28]:
   [ State_11121111112111( ~lock8, ~lock9, ~t, sk, status ) ] --> [ ]

  /* has exactly the trivial AC variant */

rule (modulo E) out_signpksk_sk_CA__t_unknown_sign_signpksk_sk_CA__t_unknown_sk_OCSP___1112111112[color=#11ec28]:
   [ State_1112111112( ~lock8, ~lock9, ~t, sk ) ]
  -->
   [
   State_11121111121( ~lock8, ~lock9, ~t, sk ),
   Out( <<sign(pk(sk), sk('CA')), ~t, 'unknown'>, 
         sign(<sign(pk(sk), sk('CA')), ~t, 'unknown'>, sk('OCSP'))>
   )
   ]

  /* has exactly the trivial AC variant */

rule (modulo E) Zero_11121111121[color=#11ec28]:
   [ State_11121111121( ~lock8, ~lock9, ~t, sk ) ] --> [ ]

  /* has exactly the trivial AC variant */

rule (modulo E) Zero_111211112[color=#11ec28]:
   [ State_111211112( ~lock8, ~lock9, sk ) ] --> [ ]

  /* has exactly the trivial AC variant */

rule (modulo E) in_signpksk_sk_CA__L_t_status_sign_signpksk_sk_CA__L_t_status_sk_OCSP___112[color=#45d1e2]:
   [
   State_112( ),
   In( <<sign(pk(sk), sk('CA')), ~L_t, status>, 
        sign(<sign(pk(sk), sk('CA')), ~L_t, status>, sk('OCSP'))>
   )
   ]
  -->
   [ State_1121( ~L_t, sk, status ) ]

  /* has exactly the trivial AC variant */

rule (modulo E) lock_time__1121[color=#45d1e2]:
   [ State_1121( ~L_t, sk, status ), Fr( ~lock7 ) ]
  --[ Lock( $7, ~lock7, 'time' ), Lock_7( $7, ~lock7, 'time' ) ]->
   [ State_11211( ~L_t, ~lock7, sk, status ) ]

  /* has exactly the trivial AC variant */

rule (modulo E) lookup_time_as_L_tc_0_11211[color=#45d1e2]:
   [ State_11211( ~L_t, ~lock7, sk, status ) ]
  --[ IsIn( 'time', ~L_tc ) ]->
   [ State_112111( ~L_t, ~L_tc, ~lock7, sk, status ) ]

  /* has exactly the trivial AC variant */

rule (modulo E) lookup_time_as_L_tc_1_11211[color=#45d1e2]:
   [ State_11211( ~L_t, ~lock7, sk, status ) ]
  --[ IsNotSet( 'time' ) ]->
   [ State_112112( ~L_t, ~lock7, sk, status ) ]

  /* has exactly the trivial AC variant */

rule (modulo E) if_eqstatus_good__0_112111[color=#45d1e2]:
   [ State_112111( ~L_t, ~L_tc, ~lock7, sk, status ) ]
  --[ Pred_eq( status, 'good' ) ]->
   [ State_1121111( ~L_t, ~L_tc, ~lock7, sk, status ) ]

  /* has exactly the trivial AC variant */

rule (modulo E) if_eqstatus_good__1_112111[color=#45d1e2]:
   [ State_112111( ~L_t, ~L_tc, ~lock7, sk, status ) ]
  --[ Pred_not_eq( status, 'good' ) ]->
   [ State_1121112( ~L_t, ~L_tc, ~lock7, sk, status ) ]

  /* has exactly the trivial AC variant */

rule (modulo E) event_BlameEmpty_1121111[color=#45d1e2]:
   [ State_1121111( ~L_t, ~L_tc, ~lock7, sk, status ) ]
  --[ BlameEmpty( ) ]->
   [ State_11211111( ~L_t, ~L_tc, ~lock7, sk, status ) ]

  /* has exactly the trivial AC variant */

rule (modulo E) event_JudgedL_t_signpksk_sk_CA__11211111[color=#45d1e2]:
   [ State_11211111( ~L_t, ~L_tc, ~lock7, sk, status ) ]
  --[ Judged( ~L_t, sign(pk(sk), sk('CA')) ) ]->
   [ State_112111111( ~L_t, ~L_tc, ~lock7, sk, status ) ]

  /* has exactly the trivial AC variant */

rule (modulo E) Zero_112111111[color=#45d1e2]:
   [ State_112111111( ~L_t, ~L_tc, ~lock7, sk, status ) ] --> [ ]

  /* has exactly the trivial AC variant */

rule (modulo E) if_eqstatus_revoked__0_1121112[color=#45d1e2]:
   [ State_1121112( ~L_t, ~L_tc, ~lock7, sk, status ) ]
  --[ Pred_eq( status, 'revoked' ) ]->
   [ State_11211121( ~L_t, ~L_tc, ~lock7, sk, status ) ]

  /* has exactly the trivial AC variant */

rule (modulo E) if_eqstatus_revoked__1_1121112[color=#45d1e2]:
   [ State_1121112( ~L_t, ~L_tc, ~lock7, sk, status ) ]
  --[ Pred_not_eq( status, 'revoked' ) ]->
   [ State_11211122( ~L_t, ~L_tc, ~lock7, sk, status ) ]

  /* has exactly the trivial AC variant */

rule (modulo E) event_BlameS_11211121[color=#45d1e2]:
   [ State_11211121( ~L_t, ~L_tc, ~lock7, sk, status ) ]
  --[ BlameS( ) ]->
   [ State_112111211( ~L_t, ~L_tc, ~lock7, sk, status ) ]

  /* has exactly the trivial AC variant */

rule (modulo E) event_JudgedL_t_signpksk_sk_CA__112111211[color=#45d1e2]:
   [ State_112111211( ~L_t, ~L_tc, ~lock7, sk, status ) ]
  --[ Judged( ~L_t, sign(pk(sk), sk('CA')) ) ]->
   [ State_1121112111( ~L_t, ~L_tc, ~lock7, sk, status ) ]

  /* has exactly the trivial AC variant */

rule (modulo E) Zero_1121112111[color=#45d1e2]:
   [ State_1121112111( ~L_t, ~L_tc, ~lock7, sk, status ) ] --> [ ]

  /* has exactly the trivial AC variant */

rule (modulo E) Zero_11211122[color=#45d1e2]:
   [ State_11211122( ~L_t, ~L_tc, ~lock7, sk, status ) ] --> [ ]

  /* has exactly the trivial AC variant */

rule (modulo E) Zero_112112[color=#45d1e2]:
   [ State_112112( ~L_t, ~lock7, sk, status ) ] --> [ ]

  /* has exactly the trivial AC variant */

rule (modulo E) Rep_0_12[color=#9f76cd]:
   [ State_12( ) ] --> [ !Semistate_121( ) ]

  /* has exactly the trivial AC variant */

rule (modulo E) Rep_1_12[color=#9f76cd]:
   [ !Semistate_121( ) ] --> [ State_121( ) ]

  /* has exactly the trivial AC variant */

rule (modulo E) lock_time__121[color=#9f76cd]:
   [ State_121( ), Fr( ~lock7 ) ]
  --[ Lock( $7, ~lock7, 'time' ), Lock_7( $7, ~lock7, 'time' ) ]->
   [ State_1211( ~lock7 ) ]

  /* has exactly the trivial AC variant */

rule (modulo E) new_tn_1211[color=#9f76cd]:
   [ State_1211( ~lock7 ), Fr( ~tn ) ] --> [ State_12111( ~lock7, ~tn ) ]

  /* has exactly the trivial AC variant */

rule (modulo E) out_tn_12111[color=#9f76cd]:
   [ State_12111( ~lock7, ~tn ) ]
  -->
   [ State_121111( ~lock7, ~tn ), Out( ~tn ) ]

  /* has exactly the trivial AC variant */

rule (modulo E) event_Timetn_121111[color=#9f76cd]:
   [ State_121111( ~lock7, ~tn ) ]
  --[ Time( ~tn ) ]->
   [ State_1211111( ~lock7, ~tn ) ]

  /* has exactly the trivial AC variant */

rule (modulo E) insert_time_tn_1211111[color=#9f76cd]:
   [ State_1211111( ~lock7, ~tn ) ]
  --[ Insert( 'time', ~tn ) ]->
   [ State_12111111( ~lock7, ~tn ) ]

  /* has exactly the trivial AC variant */

rule (modulo E) unlock_time__12111111[color=#9f76cd]:
   [ State_12111111( ~lock7, ~tn ) ]
  --[ Unlock( $7, ~lock7, 'time' ), Unlock_7( $7, ~lock7, 'time' ) ]->
   [ State_121111111( ~lock7, ~tn ) ]

  /* has exactly the trivial AC variant */

rule (modulo E) Zero_121111111[color=#9f76cd]:
   [ State_121111111( ~lock7, ~tn ) ] --> [ ]

  /* has exactly the trivial AC variant */

rule (modulo E) event_Corrupted_OCSP__2:
   [ State_2( ) ] --[ Corrupted( 'OCSP' ) ]-> [ State_21( ) ]

  /* has exactly the trivial AC variant */

rule (modulo E) out_c_sk_OCSP__0_21:
   [ State_21( ), In( 'c' ) ]
  --[ ChannelInEvent( 'c' ) ]->
   [ Out( sk('OCSP') ), State_211( ) ]

  /* has exactly the trivial AC variant */

rule (modulo E) out_c_sk_OCSP__1_21:
   [ State_21( ) ] --> [ Semistate_21( ), Message( 'c', sk('OCSP') ) ]

  /* has exactly the trivial AC variant */

rule (modulo E) out_c_sk_OCSP__2_21:
   [ Semistate_21( ), Ack( 'c', sk('OCSP') ) ] --> [ State_211( ) ]

  /* has exactly the trivial AC variant */

rule (modulo E) Zero_211:
   [ State_211( ) ] --> [ ]

  /* has exactly the trivial AC variant */

restriction set_in:
  "∀ #t3 x y.
    (IsIn( x, y ) @ #t3) ⇒
    (∃ #t2.
      (Insert( x, y ) @ #t2) ∧
      ((#t2 < #t3) ∧
       (∀ #t1 yp.
         (Insert( x, yp ) @ #t1) ⇒ ((#t1 < #t2) ∨ ((#t1 = #t2) ∨ (#t3 < #t1))))))"

  /*
  expanded formula:
  "∀ #t3 x y.
    (IsIn( x, y ) @ #t3) ⇒
    (∃ #t2.
      (Insert( x, y ) @ #t2) ∧
      ((#t2 < #t3) ∧
       (∀ #t1 yp.
         (Insert( x, yp ) @ #t1) ⇒ ((#t1 < #t2) ∨ ((#t1 = #t2) ∨ (#t3 < #t1))))))"
  */

restriction set_notin:
  "∀ #t3 x.
    (IsNotSet( x ) @ #t3) ⇒ (∀ #t1 y. (Insert( x, y ) @ #t1) ⇒ (#t3 < #t1))"
  // safety formula

  /*
  expanded formula:
  "∀ #t3 x.
    (IsNotSet( x ) @ #t3) ⇒ (∀ #t1 y. (Insert( x, y ) @ #t1) ⇒ (#t3 < #t1))"
  */

restriction locking_7:
  "∀ #t1 #t3 l lp p pp x.
    ((Lock_7( p, l, x ) @ #t1) ∧ (Lock( pp, lp, x ) @ #t3)) ⇒
    (((#t1 < #t3) ∧
      (∃ #t2.
        (Unlock_7( p, l, x ) @ #t2) ∧
        ((#t1 < #t2) ∧
         ((#t2 < #t3) ∧
          ((∀ #t0 pp.1. (Unlock( pp.1, l, x ) @ #t0) ⇒ (#t0 = #t2)) ∧
           ((∀ #t0 lpp pp.1.
              (Lock( pp.1, lpp, x ) @ #t0) ⇒
              ((#t0 < #t1) ∨ ((#t0 = #t1) ∨ (#t2 < #t0)))) ∧
            (∀ #t0 lpp pp.1.
              (Unlock( pp.1, lpp, x ) @ #t0) ⇒
              ((#t0 < #t1) ∨ ((#t2 < #t0) ∨ (#t2 = #t0)))))))))) ∨
     ((#t3 < #t1) ∨ (#t1 = #t3)))"

  /*
  expanded formula:
  "∀ #t1 #t3 l lp p pp x.
    ((Lock_7( p, l, x ) @ #t1) ∧ (Lock( pp, lp, x ) @ #t3)) ⇒
    (((#t1 < #t3) ∧
      (∃ #t2.
        (Unlock_7( p, l, x ) @ #t2) ∧
        ((#t1 < #t2) ∧
         ((#t2 < #t3) ∧
          ((∀ #t0 pp.1. (Unlock( pp.1, l, x ) @ #t0) ⇒ (#t0 = #t2)) ∧
           ((∀ #t0 lpp pp.1.
              (Lock( pp.1, lpp, x ) @ #t0) ⇒
              ((#t0 < #t1) ∨ ((#t0 = #t1) ∨ (#t2 < #t0)))) ∧
            (∀ #t0 lpp pp.1.
              (Unlock( pp.1, lpp, x ) @ #t0) ⇒
              ((#t0 < #t1) ∨ ((#t2 < #t0) ∨ (#t2 = #t0)))))))))) ∨
     ((#t3 < #t1) ∨ (#t1 = #t3)))"
  */

restriction locking_15:
  "∀ #t1 #t3 l lp p pp x.
    ((Lock_15( p, l, x ) @ #t1) ∧ (Lock( pp, lp, x ) @ #t3)) ⇒
    (((#t1 < #t3) ∧
      (∃ #t2.
        (Unlock_15( p, l, x ) @ #t2) ∧
        ((#t1 < #t2) ∧
         ((#t2 < #t3) ∧
          ((∀ #t0 pp.1. (Unlock( pp.1, l, x ) @ #t0) ⇒ (#t0 = #t2)) ∧
           ((∀ #t0 lpp pp.1.
              (Lock( pp.1, lpp, x ) @ #t0) ⇒
              ((#t0 < #t1) ∨ ((#t0 = #t1) ∨ (#t2 < #t0)))) ∧
            (∀ #t0 lpp pp.1.
              (Unlock( pp.1, lpp, x ) @ #t0) ⇒
              ((#t0 < #t1) ∨ ((#t2 < #t0) ∨ (#t2 = #t0)))))))))) ∨
     ((#t3 < #t1) ∨ (#t1 = #t3)))"

  /*
  expanded formula:
  "∀ #t1 #t3 l lp p pp x.
    ((Lock_15( p, l, x ) @ #t1) ∧ (Lock( pp, lp, x ) @ #t3)) ⇒
    (((#t1 < #t3) ∧
      (∃ #t2.
        (Unlock_15( p, l, x ) @ #t2) ∧
        ((#t1 < #t2) ∧
         ((#t2 < #t3) ∧
          ((∀ #t0 pp.1. (Unlock( pp.1, l, x ) @ #t0) ⇒ (#t0 = #t2)) ∧
           ((∀ #t0 lpp pp.1.
              (Lock( pp.1, lpp, x ) @ #t0) ⇒
              ((#t0 < #t1) ∨ ((#t0 = #t1) ∨ (#t2 < #t0)))) ∧
            (∀ #t0 lpp pp.1.
              (Unlock( pp.1, lpp, x ) @ #t0) ⇒
              ((#t0 < #t1) ∨ ((#t2 < #t0) ∨ (#t2 = #t0)))))))))) ∨
     ((#t3 < #t1) ∨ (#t1 = #t3)))"
  */

restriction locking_14:
  "∀ #t1 #t3 l lp p pp x.
    ((Lock_14( p, l, x ) @ #t1) ∧ (Lock( pp, lp, x ) @ #t3)) ⇒
    (((#t1 < #t3) ∧
      (∃ #t2.
        (Unlock_14( p, l, x ) @ #t2) ∧
        ((#t1 < #t2) ∧
         ((#t2 < #t3) ∧
          ((∀ #t0 pp.1. (Unlock( pp.1, l, x ) @ #t0) ⇒ (#t0 = #t2)) ∧
           ((∀ #t0 lpp pp.1.
              (Lock( pp.1, lpp, x ) @ #t0) ⇒
              ((#t0 < #t1) ∨ ((#t0 = #t1) ∨ (#t2 < #t0)))) ∧
            (∀ #t0 lpp pp.1.
              (Unlock( pp.1, lpp, x ) @ #t0) ⇒
              ((#t0 < #t1) ∨ ((#t2 < #t0) ∨ (#t2 = #t0)))))))))) ∨
     ((#t3 < #t1) ∨ (#t1 = #t3)))"

  /*
  expanded formula:
  "∀ #t1 #t3 l lp p pp x.
    ((Lock_14( p, l, x ) @ #t1) ∧ (Lock( pp, lp, x ) @ #t3)) ⇒
    (((#t1 < #t3) ∧
      (∃ #t2.
        (Unlock_14( p, l, x ) @ #t2) ∧
        ((#t1 < #t2) ∧
         ((#t2 < #t3) ∧
          ((∀ #t0 pp.1. (Unlock( pp.1, l, x ) @ #t0) ⇒ (#t0 = #t2)) ∧
           ((∀ #t0 lpp pp.1.
              (Lock( pp.1, lpp, x ) @ #t0) ⇒
              ((#t0 < #t1) ∨ ((#t0 = #t1) ∨ (#t2 < #t0)))) ∧
            (∀ #t0 lpp pp.1.
              (Unlock( pp.1, lpp, x ) @ #t0) ⇒
              ((#t0 < #t1) ∨ ((#t2 < #t0) ∨ (#t2 = #t0)))))))))) ∨
     ((#t3 < #t1) ∨ (#t1 = #t3)))"
  */

restriction locking_13:
  "∀ #t1 #t3 l lp p pp x.
    ((Lock_13( p, l, x ) @ #t1) ∧ (Lock( pp, lp, x ) @ #t3)) ⇒
    (((#t1 < #t3) ∧
      (∃ #t2.
        (Unlock_13( p, l, x ) @ #t2) ∧
        ((#t1 < #t2) ∧
         ((#t2 < #t3) ∧
          ((∀ #t0 pp.1. (Unlock( pp.1, l, x ) @ #t0) ⇒ (#t0 = #t2)) ∧
           ((∀ #t0 lpp pp.1.
              (Lock( pp.1, lpp, x ) @ #t0) ⇒
              ((#t0 < #t1) ∨ ((#t0 = #t1) ∨ (#t2 < #t0)))) ∧
            (∀ #t0 lpp pp.1.
              (Unlock( pp.1, lpp, x ) @ #t0) ⇒
              ((#t0 < #t1) ∨ ((#t2 < #t0) ∨ (#t2 = #t0)))))))))) ∨
     ((#t3 < #t1) ∨ (#t1 = #t3)))"

  /*
  expanded formula:
  "∀ #t1 #t3 l lp p pp x.
    ((Lock_13( p, l, x ) @ #t1) ∧ (Lock( pp, lp, x ) @ #t3)) ⇒
    (((#t1 < #t3) ∧
      (∃ #t2.
        (Unlock_13( p, l, x ) @ #t2) ∧
        ((#t1 < #t2) ∧
         ((#t2 < #t3) ∧
          ((∀ #t0 pp.1. (Unlock( pp.1, l, x ) @ #t0) ⇒ (#t0 = #t2)) ∧
           ((∀ #t0 lpp pp.1.
              (Lock( pp.1, lpp, x ) @ #t0) ⇒
              ((#t0 < #t1) ∨ ((#t0 = #t1) ∨ (#t2 < #t0)))) ∧
            (∀ #t0 lpp pp.1.
              (Unlock( pp.1, lpp, x ) @ #t0) ⇒
              ((#t0 < #t1) ∨ ((#t2 < #t0) ∨ (#t2 = #t0)))))))))) ∨
     ((#t3 < #t1) ∨ (#t1 = #t3)))"
  */

restriction locking_9:
  "∀ #t1 #t3 l lp p pp x.
    ((Lock_9( p, l, x ) @ #t1) ∧ (Lock( pp, lp, x ) @ #t3)) ⇒
    (((#t1 < #t3) ∧
      (∃ #t2.
        (Unlock_9( p, l, x ) @ #t2) ∧
        ((#t1 < #t2) ∧
         ((#t2 < #t3) ∧
          ((∀ #t0 pp.1. (Unlock( pp.1, l, x ) @ #t0) ⇒ (#t0 = #t2)) ∧
           ((∀ #t0 lpp pp.1.
              (Lock( pp.1, lpp, x ) @ #t0) ⇒
              ((#t0 < #t1) ∨ ((#t0 = #t1) ∨ (#t2 < #t0)))) ∧
            (∀ #t0 lpp pp.1.
              (Unlock( pp.1, lpp, x ) @ #t0) ⇒
              ((#t0 < #t1) ∨ ((#t2 < #t0) ∨ (#t2 = #t0)))))))))) ∨
     ((#t3 < #t1) ∨ (#t1 = #t3)))"

  /*
  expanded formula:
  "∀ #t1 #t3 l lp p pp x.
    ((Lock_9( p, l, x ) @ #t1) ∧ (Lock( pp, lp, x ) @ #t3)) ⇒
    (((#t1 < #t3) ∧
      (∃ #t2.
        (Unlock_9( p, l, x ) @ #t2) ∧
        ((#t1 < #t2) ∧
         ((#t2 < #t3) ∧
          ((∀ #t0 pp.1. (Unlock( pp.1, l, x ) @ #t0) ⇒ (#t0 = #t2)) ∧
           ((∀ #t0 lpp pp.1.
              (Lock( pp.1, lpp, x ) @ #t0) ⇒
              ((#t0 < #t1) ∨ ((#t0 = #t1) ∨ (#t2 < #t0)))) ∧
            (∀ #t0 lpp pp.1.
              (Unlock( pp.1, lpp, x ) @ #t0) ⇒
              ((#t0 < #t1) ∨ ((#t2 < #t0) ∨ (#t2 = #t0)))))))))) ∨
     ((#t3 < #t1) ∨ (#t1 = #t3)))"
  */

restriction locking_8:
  "∀ #t1 #t3 l lp p pp x.
    ((Lock_8( p, l, x ) @ #t1) ∧ (Lock( pp, lp, x ) @ #t3)) ⇒
    (((#t1 < #t3) ∧
      (∃ #t2.
        (Unlock_8( p, l, x ) @ #t2) ∧
        ((#t1 < #t2) ∧
         ((#t2 < #t3) ∧
          ((∀ #t0 pp.1. (Unlock( pp.1, l, x ) @ #t0) ⇒ (#t0 = #t2)) ∧
           ((∀ #t0 lpp pp.1.
              (Lock( pp.1, lpp, x ) @ #t0) ⇒
              ((#t0 < #t1) ∨ ((#t0 = #t1) ∨ (#t2 < #t0)))) ∧
            (∀ #t0 lpp pp.1.
              (Unlock( pp.1, lpp, x ) @ #t0) ⇒
              ((#t0 < #t1) ∨ ((#t2 < #t0) ∨ (#t2 = #t0)))))))))) ∨
     ((#t3 < #t1) ∨ (#t1 = #t3)))"

  /*
  expanded formula:
  "∀ #t1 #t3 l lp p pp x.
    ((Lock_8( p, l, x ) @ #t1) ∧ (Lock( pp, lp, x ) @ #t3)) ⇒
    (((#t1 < #t3) ∧
      (∃ #t2.
        (Unlock_8( p, l, x ) @ #t2) ∧
        ((#t1 < #t2) ∧
         ((#t2 < #t3) ∧
          ((∀ #t0 pp.1. (Unlock( pp.1, l, x ) @ #t0) ⇒ (#t0 = #t2)) ∧
           ((∀ #t0 lpp pp.1.
              (Lock( pp.1, lpp, x ) @ #t0) ⇒
              ((#t0 < #t1) ∨ ((#t0 = #t1) ∨ (#t2 < #t0)))) ∧
            (∀ #t0 lpp pp.1.
              (Unlock( pp.1, lpp, x ) @ #t0) ⇒
              ((#t0 < #t1) ∨ ((#t2 < #t0) ∨ (#t2 = #t0)))))))))) ∨
     ((#t3 < #t1) ∨ (#t1 = #t3)))"
  */

restriction immeadiate_in:
  "∀ #i a b. (Pred_eq( a, b ) @ #i) ⇒ (a = b)"
  // safety formula

  /*
  expanded formula:
  "∀ #i a b. (Pred_eq( a, b ) @ #i) ⇒ (a = b)"
  */

restriction predicate_not_eq:
  "∀ #i a b. (Pred_not_eq( a, b ) @ #i) ⇒ (¬(a = b))"
  // safety formula

  /*
  expanded formula:
  "∀ #i a b. (Pred_not_eq( a, b ) @ #i) ⇒ (¬(a = b))"
  */

restriction single_session:
  "∀ #i #j. ((Init( ) @ #i) ∧ (Init( ) @ #j)) ⇒ (#i = #j)"
  // safety formula

  /*
  expanded formula:
  "∀ #i #j. ((Init( ) @ #i) ∧ (Init( ) @ #j)) ⇒ (#i = #j)"
  */

restriction no_corrupt_ca:
  "¬(∃ #i. Corrupted( 'CA' ) @ #i)"
  // safety formula

  /*
  expanded formula:
  "¬(∃ #i. Corrupted( 'CA' ) @ #i)"
  */

lemma acc_S_excl_0_1:
  all-traces
  "¬((∃ #i #j cert t. (Judged( t, cert ) @ #i) ∧ (BlameS( ) @ #j)) ∧
     (¬(∃ #i #j cert t. (Judged( t, cert ) @ #i) ∧ (BlameS( ) @ #j))))"
/*
guarded formula characterizing all counter-examples:
"(∃ #i #j cert t. (Judged( t, cert ) @ #i) ∧ (BlameS( ) @ #j)) ∧
 (∀ #i #j cert t. (Judged( t, cert ) @ #i) ∧ (BlameS( ) @ #j) ⇒ ⊥)"
*/
by sorry

lemma acc_S_exh:
  all-traces
  "(∃ #i #j cert t. (Judged( t, cert ) @ #i) ∧ (BlameS( ) @ #j)) ∨
   (¬(∃ #i #j cert t. (Judged( t, cert ) @ #i) ∧ (BlameS( ) @ #j)))"
/*
guarded formula characterizing all counter-examples:
"(∀ #i #j cert t. (Judged( t, cert ) @ #i) ∧ (BlameS( ) @ #j) ⇒ ⊥) ∧
 (∃ #i #j cert t. (Judged( t, cert ) @ #i) ∧ (BlameS( ) @ #j))"
*/
by sorry

lemma acc_S_suf_0_0:
  exists-trace
  "((∃ #c0. Corrupted( 'S' ) @ #c0) ∧ (⊤)) ∧
   (¬(¬(∃ #i #j #k #l cert sk t.
         (Judged( t, cert ) @ #i) ∧
         ((Secret( cert, sk ) @ #j) ∧
          ((Learn( sk ) @ #k) ∧ ((Time( t ) @ #l) ∧ (#k < #l)))))))"
/*
guarded formula characterizing all satisfying traces:
"(∃ #c0. (Corrupted( 'S' ) @ #c0)) ∧
 (∃ #i #j #k #l cert sk t.
   (Judged( t, cert ) @ #i) ∧
   (Secret( cert, sk ) @ #j) ∧
   (Learn( sk ) @ #k) ∧
   (Time( t ) @ #l)
  ∧
   #k < #l)"
*/
by sorry

lemma acc_S_ver_empty_1:
  all-traces
  "(¬(∃ #i #j cert t. (Judged( t, cert ) @ #i) ∧ (BlameS( ) @ #j))) ⇒
   (¬(∃ #i #j #k #l cert sk t.
       (Judged( t, cert ) @ #i) ∧
       ((Secret( cert, sk ) @ #j) ∧
        ((Learn( sk ) @ #k) ∧ ((Time( t ) @ #l) ∧ (#k < #l))))))"
/*
guarded formula characterizing all counter-examples:
"(∀ #i #j cert t. (Judged( t, cert ) @ #i) ∧ (BlameS( ) @ #j) ⇒ ⊥) ∧
 (∃ #i #j #k #l cert sk t.
   (Judged( t, cert ) @ #i) ∧
   (Secret( cert, sk ) @ #j) ∧
   (Learn( sk ) @ #k) ∧
   (Time( t ) @ #l)
  ∧
   #k < #l)"
*/
by sorry

lemma acc_S_ver_nonempty_0:
  all-traces
  "(∃ #i #j cert t. (Judged( t, cert ) @ #i) ∧ (BlameS( ) @ #j)) ⇒
   (¬(¬(∃ #i #j #k #l cert sk t.
         (Judged( t, cert ) @ #i) ∧
         ((Secret( cert, sk ) @ #j) ∧
          ((Learn( sk ) @ #k) ∧ ((Time( t ) @ #l) ∧ (#k < #l)))))))"
/*
guarded formula characterizing all counter-examples:
"(∃ #i #j cert t. (Judged( t, cert ) @ #i) ∧ (BlameS( ) @ #j)) ∧
 (∀ #i #j #k #l cert sk t.
   (Judged( t, cert ) @ #i) ∧
   (Secret( cert, sk ) @ #j) ∧
   (Learn( sk ) @ #k) ∧
   (Time( t ) @ #l)
  ⇒
   ¬(#k < #l))"
*/
by sorry

lemma acc_S_min_0_0_0:
  all-traces
  "¬((¬(¬(∃ #i #j #k #l cert sk t.
           (Judged( t, cert ) @ #i) ∧
           ((Secret( cert, sk ) @ #j) ∧
            ((Learn( sk ) @ #k) ∧ ((Time( t ) @ #l) ∧ (#k < #l))))))) ∧
     ((∀ #c0. (Corrupted( 'S' ) @ #c0) ⇒ (⊥)) ∧ (⊤)))"
/*
guarded formula characterizing all counter-examples:
"(∃ #i #j #k #l cert sk t.
   (Judged( t, cert ) @ #i) ∧
   (Secret( cert, sk ) @ #j) ∧
   (Learn( sk ) @ #k) ∧
   (Time( t ) @ #l)
  ∧
   #k < #l) ∧
 (∀ #c0. (Corrupted( 'S' ) @ #c0) ⇒ ⊥)"
*/
by sorry

lemma acc_S_uniq_0:
  all-traces
  "(∃ #i #j cert t. (Judged( t, cert ) @ #i) ∧ (BlameS( ) @ #j)) ⇒
   (∃ #c0. (Corrupted( 'S' ) @ #c0) ∧ (⊤))"
/*
guarded formula characterizing all counter-examples:
"(∃ #i #j cert t. (Judged( t, cert ) @ #i) ∧ (BlameS( ) @ #j)) ∧
 (∀ #c0. (Corrupted( 'S' ) @ #c0) ⇒ ⊥)"
*/
by sorry

/*
WARNING: the following wellformedness checks failed!

Unbound variables
=================

  rule `lookup_time_as_t_0_111111112111' has unbound variables: 
    ~t
  
  rule `lookup_time_as_t_0_11121111' has unbound variables: 
    ~t
  
  rule `lookup_ocspstatus_signpksk_sk_CA__as_status_0_111211111' has unbound variables: 
    status
  
  rule `lookup_time_as_L_tc_0_11211' has unbound variables: 
    ~L_tc

Facts occur in the left-hand-side but not in any right-hand-side 
=================================================================

  1. in rule "out_c_sk_OCSP__2_21":  factName `Ack' arity: 2 multiplicity: Linear

Message Derivation Checks
=========================

  The variables of the following rule(s) are not derivable from their premises, you may be performing unintended pattern matching.

Rule lookup_time_as_t_0_111111112111: 
Failed to derive Variable(s): ~t

Rule in_signpksk_sk_CA__11121: 
Failed to derive Variable(s): sk

Rule lookup_time_as_t_0_11121111: 
Failed to derive Variable(s): ~t

Rule lookup_ocspstatus_signpksk_sk_CA__as_status_0_111211111: 
Failed to derive Variable(s): status

Rule in_signpksk_sk_CA__L_t_status_sign_signpksk_sk_CA__L_t_status_sk_OCSP___112: 
Failed to derive Variable(s): sk

Rule lookup_time_as_L_tc_0_11211: 
Failed to derive Variable(s): ~L_tc
*/

/*
Generated from:
Tamarin version 1.13.0
Maude version 3.5.1
Git revision: 0234f6a1abee25677c0accef62de0ac2883b0347 (with uncommited changes), branch: HEAD
Compiled at: 2026-07-16 18:33:16.036427196 UTC
*/

end

==============================================================================
summary of summaries:

analyzed: /home/kamilner/tamarin-rs/tamarin-prover/examples/sapic/deprecated/accountability-old/OCSPS.spthy

  processing time: 2.13s
  
  WARNING: 6 wellformedness check failed!
  
  acc_S_excl_0_1 (all-traces): analysis incomplete (1 steps)
  acc_S_exh (all-traces): analysis incomplete (1 steps)
  acc_S_suf_0_0 (exists-trace): analysis incomplete (1 steps)
  acc_S_ver_empty_1 (all-traces): analysis incomplete (1 steps)
  acc_S_ver_nonempty_0 (all-traces): analysis incomplete (1 steps)
  acc_S_min_0_0_0 (all-traces): analysis incomplete (1 steps)
  acc_S_uniq_0 (all-traces): analysis incomplete (1 steps)

==============================================================================
