maude tool: 'maude'
 checking version: 3.5.1. OK.
 checking installation: OK.
[Theory p] Theory loaded
[Theory p] Theory translated
[Theory p] Derivation checks started
[Theory p] Derivation checks ended
[Theory p] Theory closed
theory p

begin

// Function signature and definition of the equational theory E

functions: fst/1, pair/2, snd/1
equations: fst(<x.1, x.2>) = x.1, snd(<x.1, x.2>) = x.2

rule (modulo E) R:
   [ In( x ) ] --[ A( x ) ]-> [ Out( x ) ]

  /* has exactly the trivial AC variant */

lemma L1 [reuse]:
  exists-trace "∃ x #i. A( x ) @ #i"
/*
guarded formula characterizing all satisfying traces:
"∃ x #i. (A( x ) @ #i)"
*/
by sorry

lemma L2 [reuse]:
  exists-trace "∃ y #j. A( y ) @ #j"
/*
guarded formula characterizing all satisfying traces:
"∃ y #j. (A( y ) @ #j)"
*/
by sorry

/*
WARNING: the following wellformedness checks failed!

Lemma annotations
=================

  Lemma `L1': cannot reuse 'exists-trace' lemmas
  
  Lemma `L2': cannot reuse 'exists-trace' lemmas
*/

/*
Generated from:
Tamarin version 1.13.0
Maude version 3.5.1
Git revision: 0234f6a1abee25677c0accef62de0ac2883b0347 (with uncommited changes), branch: HEAD
Compiled at: 2026-07-16 18:33:16.036427196 UTC
*/

end

==============================================================================
summary of summaries:

analyzed: /home/kamilner/tamarin-cleanroom/wellformedness/round7/probes_extra/lemanno_2lem.spthy

  processing time: 0.07s
  
  WARNING: 2 wellformedness check failed!
  
  L1 (exists-trace): analysis incomplete (1 steps)
  L2 (exists-trace): analysis incomplete (1 steps)

==============================================================================
