# QUERIES.log — every oracle interaction, with purpose.
# Oracle: oracle/hs_oracle.sh <arg1> [extra args...] -> runs black-box tamarin-prover binary, stderr merged to stdout.
# Note: hs_oracle.sh consumes arg1 as first positional; remaining args appended.
2026-07-17T13:25:35Z | hs_oracle.sh --help | capture global --help text; enumerate modes
2026-07-17T13:25:35Z | hs_oracle.sh --version | capture --version text
2026-07-17T13:25:35Z | hs_oracle.sh '' (empty) | behavior with no real positional/flags
2026-07-17T13:26:07Z | hs_oracle.sh interactive --help | capture per-mode help for 'interactive'
2026-07-17T13:26:07Z | hs_oracle.sh variants --help | capture per-mode help for 'variants'
2026-07-17T13:26:07Z | hs_oracle.sh test --help | capture per-mode help for 'test'
2026-07-17T13:26:07Z | hs_oracle.sh --foobar | unknown flag error
2026-07-17T13:26:07Z | hs_oracle.sh /nonexistent/xyz.spthy | missing file error
2026-07-17T13:26:48Z | hs_oracle.sh classic/NSLPK3.spthy | batch-mode framing (default analyze, no prove)
2026-07-17T13:26:48Z | hs_oracle.sh classic/NSLPK3.spthy --parse-only | batch framing with --parse-only (opaque payload)
2026-07-17T13:27:35Z | hs_oracle.sh classic/NSLPK3.spthy --prove=nonce_secrecy | batch framing with --prove: verified/falsified summary text
2026-07-17T13:28:01Z | hs_oracle.sh round2/multiplication_in_rule_lhs.spthy | warnings/error framing placement
2026-07-17T13:28:01Z | hs_oracle.sh round2/fresh_public_constant.spthy | warnings/error framing placement
2026-07-17T13:28:01Z | hs_oracle.sh round2/diff_reserved_prefix.spthy | warnings/error framing placement
2026-07-17T13:28:45Z | hs_oracle.sh --stop-on-trace=XYZ | err_stopontrace_bad
2026-07-17T13:28:45Z | hs_oracle.sh /home/kamilner/tamarin-cleanroom/console/oracle/examples/classic/NSLPK3.spthy --bound=abc | err_bound_nonint
2026-07-17T13:28:45Z | hs_oracle.sh -Z | err_unknown_short
2026-07-17T13:28:45Z | hs_oracle.sh interactive test | err_two_modes
2026-07-17T13:28:45Z | hs_oracle.sh int --help | mode_prefix_int
2026-07-17T13:28:45Z | hs_oracle.sh v --help | mode_prefix_v
2026-07-17T13:28:46Z | hs_oracle.sh t --help | mode_prefix_t
2026-07-17T13:28:46Z | hs_oracle.sh foo | token_notfile
2026-07-17T13:28:46Z | hs_oracle.sh /home/kamilner/tamarin-cleanroom/console/oracle/examples/classic/NSLPK3.spthy --output-module=bogus | err_output_module_bad
2026-07-17T13:28:46Z | hs_oracle.sh --help=foo | help_eq
2026-07-17T13:28:46Z | hs_oracle.sh -h | short_help
2026-07-17T13:29:25Z | hs_oracle.sh --diff -> exit=1 | err_noinput_diff
2026-07-17T13:29:25Z | hs_oracle.sh -V -> exit=0 | short_version
2026-07-17T13:29:25Z | hs_oracle.sh --prove -> exit=1 | err_noinput_prove
2026-07-17T13:29:25Z | hs_oracle.sh /home/kamilner/tamarin-cleanroom/console/oracle/examples/classic/NSLPK3.spthy --bound --parse-only -> exit=0 | bound_novalue
2026-07-17T13:29:25Z | hs_oracle.sh /home/kamilner/tamarin-cleanroom/console/oracle/examples/classic/NSLPK3.spthy --heuristic --parse-only -> exit=0 | heuristic_novalue
2026-07-17T13:30:08Z | hs_oracle.sh <chmod000 file> | unreadable/permission-denied file error
2026-07-17T13:30:08Z | hs_oracle.sh <a directory> | directory-as-input-file error
2026-07-17T13:30:34Z | hs_oracle.sh variants | variants mode run framing
2026-07-17T13:31:33Z | hs_oracle.sh /home/kamilner/tamarin-cleanroom/console/oracle/examples/classic/NSLPK3.spthy --oj --parse-only -> exit=0 | oj_alias_noval
2026-07-17T13:31:33Z | hs_oracle.sh /home/kamilner/tamarin-cleanroom/console/oracle/examples/classic/NSLPK3.spthy --output-json --parse-only -> exit=0 | outputjson_noval
2026-07-17T13:31:34Z | hs_oracle.sh -v interactive -> exit=1 | flag_before_mode
2026-07-17T13:31:34Z | hs_oracle.sh interactive aa bb -> exit=1 | interactive_two_pos
2026-07-17T13:31:34Z | hs_oracle.sh variants --version -> exit=1 | version_from_mode
2026-07-17T13:35:55Z | hs_oracle.sh /home/kamilner/tamarin-cleanroom/console/oracle/examples/classic/NSLPK3.spthy -babc -> exit=1 | short_attached_bound
2026-07-17T13:35:55Z | hs_oracle.sh /home/kamilner/tamarin-cleanroom/console/oracle/examples/classic/NSLPK3.spthy --bound 5 --parse-only -> exit=1 | space_value_bound
2026-07-17T13:42:38Z | hs_oracle.sh --help (live cross-check vs clean binary) | --help
2026-07-17T13:42:38Z | hs_oracle.sh interactive --help (live cross-check vs clean binary) | interactive --help
2026-07-17T13:42:38Z | hs_oracle.sh --foobar (live cross-check vs clean binary) | --foobar
2026-07-17T13:42:38Z | hs_oracle.sh --diff (live cross-check vs clean binary) | --diff (no file)
2026-07-17T13:42:38Z | hs_oracle.sh --version (live cross-check vs clean binary) | --version
# ---- Round 4 (2026-07-17): split-stream framing + typed value validation ----
# Split-stream probes invoke the same black-box binary as hs_oracle.sh but redirect
# 1>captures/<label>.out.txt 2>captures/<label>.err.txt (via probes/split_probe.sh).
2026-07-17T16:35:00Z | direct --version 1>out 2>err | GAP2: version banner -> STDOUT, maude preamble -> STDERR (they only interleaved in the merged oracle)
2026-07-17T16:36:00Z | split_probe split_batch_default NSLPK3.spthy | GAP2: payload+summary -> STDOUT; maude preamble + 5 progress markers -> STDERR
2026-07-17T16:37:00Z | split_probe split_batch_parseonly NSLPK3.spthy --parse-only | GAP2: payload -> STDOUT; single 'Theory loaded' -> STDERR; no preamble/summary
2026-07-17T16:37:30Z | split_probe split_batch_multifile NSLPK3 fresh_public_constant | GAP2: both payloads concat (no separator) + ONE combined summary -> STDOUT; preamble + all progress -> STDERR
2026-07-17T16:38:00Z | split_probe -o=FILE / --output=FILE single | GAP2: -o space-form does NOT consume value; '=' form writes file, suppresses payload; summary gains 'output:' line; STDOUT begins '\n===='
2026-07-17T16:39:00Z | split_probe --Output=DIR single & multi | GAP2: writes <inputstem>_analyzed.spthy; 'output:' label used for both -o/-O; multi -> one 'output:' per theory
2026-07-17T16:40:00Z | split_probe split_batch_prove --prove=nonce_secrecy | GAP2: same split as default; result line 'verified (54 steps)' -> STDOUT
2026-07-17T16:40:30Z | split_probe split_variants variants | GAP2: variant payload -> STDOUT; maude preamble only -> STDERR (no progress, no summary)
2026-07-17T16:41:00Z | split_probe help/version/errors | GAP2 routing: --help & per-mode help -> STDOUT; no-input & bad-workdir help ENVELOPES -> STDOUT; Unknown flag / Ambiguous mode / Unhandled argument (bare one-liners) -> STDERR; all runtime file/app errors -> STDERR
2026-07-17T16:42:00Z | python repr on captures | GAP2: 'output:' value col = 19 (10 spaces after 'output:'), 'processing time:' 1 space; 'analyzed:' un-indented single space; summary block '\n'+rule+... ends '====\n'
2026-07-17T16:43:00Z | direct --bound/open-chains/saturation/derivcheck-timeout/replication-bound =x --parse-only | GAP1: each -> 'tamarin-prover: <LABEL>: invalid bound given' + CallStack Batch.hs:162:33; labels: bound, OpenChainsLimit, SaturationLimit, derivcheck-timeout, replication-bound; STDERR, exit1; fires under --parse-only (no preamble)
2026-07-17T16:44:00Z | direct --stop-on-trace=XYZ / --partial-evaluation=XYZ / --output-module=bogus | GAP1: stop-on-trace lowercases+echoes 'unknown stop-on-trace method: xyz'; partial-evaluation 'partial-evaluation: unknown option' (no echo); output-module 'output mode not supported.' (no echo)
2026-07-17T16:44:30Z | direct --heuristic=Z --parse-only -> exit0 | GAP1: heuristic NOT validated at CLI (accepts any chars)
2026-07-17T16:45:00Z | direct enum valid/case sweep | GAP1: stop-on-trace & partial-evaluation case-INSENSITIVE {dfs,bfs,seqdfs,sorry,none}/{summary,verbose}; output-module case-SENSITIVE {spthytyped,spthy,msr,proverifequiv,proverif,deepsec}
2026-07-17T16:45:30Z | direct integer edge cases (-5,0,3.5,5abc,+5,' 5','5 ',0x10,010,5_0,overflow,tab) | GAP1: accept set = Haskell readMaybe Int (ws-trim, sign+optional ws, decimal/hex/octal, overflow wraps; reject +/./_ /trailing/empty); negatives & zero accepted (no positive-int check)
2026-07-17T16:46:00Z | direct --processors/--maude-processes/--data-dir=... | GAP1 interop: all 'Unknown flag: --<name>' in reference (confirmed absent -> safe to add as consumer extensions)
2026-07-17T16:46:30Z | direct bare vs '=' empty forms | GAP1: BARE value-flag (no '=') never errors; VALUED (incl empty '=') validates-or-errors (e.g. --bound= / --stop-on-trace= error, --bound / --stop-on-trace bare OK)
2026-07-17T16:47:00Z | direct multi-invalid precedence + repeated | GAP1: fixed validation order (arg-order independent): stop-on-trace > bound > partial-evaluation > open-chains > saturation > output-module > derivcheck-timeout > replication-bound; repeated value flag = LAST occurrence wins
2026-07-17T16:48:00Z | direct relative-path run | GAP2: 'analyzed:' shows path AS PASSED on CLI (not canonicalized) -> passthrough slot
2026-07-17T16:55:00Z | split_probe split_version --version ; split_shortV -V | GAP2: --version/-V banner -> STDOUT (534b), maude preamble -> STDERR (78b); -V byte-identical to --version on both streams; the round-1 merged version.tmpl wrongly bundled the preamble into stdout
2026-07-17T16:56:00Z | split_probe split_batch_prove --prove=nonce_secrecy | GAP2: under --prove, STDERR gains after 'Theory closed': 4 lines '[Saturating Sources] Step 1 (Max 5)' / '[Saturating Sources] Done' (x2); 'Max 5' = saturation limit; plain analyze emits none
2026-07-17T16:57:00Z | live cross-check clean-binary vs reference (bound=x/open-chains=x/stop-on-trace=XYZ/=empty/partial-eval/output-module/precedence + unknown/no-input/ambiguous/help=foo, all --parse-only) | GAP1: byte-identical stdout+stderr+exit on all
2026-07-17T16:58:00Z | live cross-check --help / interactive --help / --version / -V | both streams byte-identical after version stream fix
# ---- Round 5 (2026-07-17): summary content (verdicts / warnings+lemmas) + streaming emission ----
# Probe theories authored in probes/round5/*.spthy (own fixtures, not GPL examples). Split-stream
# captures via probes/split_probe.sh -> captures/r5_*.{out,err}.txt (copied to tests/fixtures/).
2026-07-17T22:05:00Z | split_probe r5_falsify_prove probes/round5/falsify.spthy --prove | GAP1a: FALSIFIED wording is kind-dependent: all-traces 'falsified - found trace (3 steps)', exists-trace 'falsified - no trace found (2 steps)'. Summary also gains advisory 2nd warning line under --prove (see below)
2026-07-17T22:06:00Z | split_probe r5_warn_lemma_prove probes/round5/warn_and_lemma.spthy --prove | GAP1b: single theory with warning AND lemma. Body = '  \n' + WARNING count line + '           The analysis results might be wrong!\n' (11-sp indent = width of '  WARNING: ') + '  \n' separator + '  <lemma>\n'. Lemma verified '(2 steps)'
2026-07-17T22:07:00Z | split_probe r5_warn_lemma_default probes/round5/warn_and_lemma.spthy (no --prove) | GAP1b: warning+lemma in DEFAULT analyze = WARNING count line ONLY (NO advisory line) + '  \n' separator + lemma 'analysis incomplete (1 steps)'. => advisory line is --prove-driven, not lemma-driven
2026-07-17T22:08:00Z | split_probe r5_freshpub_prove round2/fresh_public_constant.spthy --prove | GAP1a: warning + NO lemma under --prove = count line + advisory line, and NO trailing '  \n' separator (no lemma section). Confirms advisory tracks --prove even with zero lemmas
2026-07-17T22:08:30Z | split_probe r5_falsify_nomatch probes/round5/falsify.spthy --prove=nomatchxyz | GAP1a: --prove set but ZERO lemmas matched (all 'analysis incomplete') STILL emits advisory line => advisory = f(--prove), independent of proof success
2026-07-17T22:09:00Z | split_probe r5_exists_verified probes/round5/exists_verified.spthy --prove | GAP1a: VERIFIED wording uniform for both kinds: exists-trace 'verified (2 steps)', all-traces 'verified (2 steps)' (no '- trace found' suffix on verified)
2026-07-17T22:09:30Z | split_probe r5_nslpk3_prove_bound2 classic/NSLPK3.spthy --prove=nonce_secrecy --bound=2 | GAP1a: BOUNDED proof exceeding bound emits NO extra summary line -> 'analysis incomplete (6 steps)' (explored-depth step count); no warning => no advisory line
2026-07-17T22:10:00Z | split_probe r5_nolemma_default probes/round5/nolemma_clean.spthy | GAP1: well-formed, no lemmas -> summary body is JUST the opening '  \n' line (no sections)
2026-07-17T22:10:30Z | split_probe r5_nolemma_prove probes/round5/nolemma_clean.spthy --prove | GAP1a: no-warn no-lemma under --prove identical to default (advisory needs a warning to attach to)
2026-07-17T22:11:00Z | split_probe r5_multi_warn_prove classic/NSLPK3.spthy probes/round5/warn_and_lemma.spthy --prove | GAP1b: multi-theory combined summary; between-theory join = '\n' (blank line) before each 'analyzed:'; theory1 lemmas-only (verified 32/54/92/5), theory2 warning+advisory+separator+verified lemma; STDERR: preamble once + per-theory progress; NSLPK3 gets 4 '[Saturating Sources]' lines, WarnAndLemma gets none
