maude tool: 'maude'
 checking version: 3.5.1. OK.
 checking installation: OK.
[Theory p] Theory loaded
[Theory p] Theory translated
[Theory p] Derivation checks started
[Theory p] Derivation checks ended
[Theory p] Theory closed
theory p

begin

// Function signature and definition of the equational theory E

functions: fst/1, pair/2, snd/1
equations: fst(<x.1, x.2>) = x.1, snd(<x.1, x.2>) = x.2

rule (modulo E) R1:
   [ ] --> [ Foo( 'a' ) ]

  /* has exactly the trivial AC variant */

rule (modulo E) R2:
   [ ] --> [ Foo( 'a', 'b' ) ]

  /* has exactly the trivial AC variant */

/*
WARNING: the following wellformedness checks failed!

Fact arity issues
=================

Same fact is used with different arities, i.e., Fact('A','B') is different from Fact('A'). 
Check the arguments of your facts.
  

  Fact `foo':

    1. Rule `R1', arity 1
         Foo( 'a' )
    
    2. Rule `R2', arity 2
         Foo( 'a', 'b' )
  
*/

/*
Generated from:
Tamarin version 1.13.0
Maude version 3.5.1
Git revision: 0234f6a1abee25677c0accef62de0ac2883b0347 (with uncommited changes), branch: HEAD
Compiled at: 2026-07-16 18:33:16.036427196 UTC
*/

end

==============================================================================
summary of summaries:

analyzed: /home/kamilner/tamarin-cleanroom/wellformedness/round7/probes/arity_1grp.spthy

  processing time: 0.06s
  
  WARNING: 1 wellformedness check failed!

==============================================================================
