maude tool: 'maude'
 checking version: 3.5.1. OK.
 checking installation: OK.
[Theory p] Theory loaded
[Theory p] Theory translated
[Theory p] Derivation checks started
[Theory p] Derivation checks ended
[Theory p] Theory closed
theory p

begin

// Function signature and definition of the equational theory E

functions: fst/1, pair/2, snd/1
equations: fst(<x.1, x.2>) = x.1, snd(<x.1, x.2>) = x.2

rule (modulo E) R1:
   [ ] --[ A( x ) ]-> [ Out( x ) ]

  /* has exactly the trivial AC variant */

rule (modulo E) R2:
   [ ] --[ B( y ) ]-> [ Out( y ) ]

  /* has exactly the trivial AC variant */

/*
WARNING: the following wellformedness checks failed!

Unbound variables
=================

  rule `R1' has unbound variables: 
    x
  
  rule `R2' has unbound variables: 
    y

Message Derivation Checks
=========================

  The variables of the following rule(s) are not derivable from their premises, you may be performing unintended pattern matching.

Rule R1: 
Failed to derive Variable(s): x

Rule R2: 
Failed to derive Variable(s): y
*/

/*
Generated from:
Tamarin version 1.13.0
Maude version 3.5.1
Git revision: 0234f6a1abee25677c0accef62de0ac2883b0347 (with uncommited changes), branch: HEAD
Compiled at: 2026-07-16 18:33:16.036427196 UTC
*/

end

==============================================================================
summary of summaries:

analyzed: /home/kamilner/tamarin-cleanroom/wellformedness/round7/probes/deriv_2rule.spthy

  processing time: 0.07s
  
  WARNING: 3 wellformedness check failed!

==============================================================================
