maude tool: 'maude'
 checking version: 3.5.1. OK.
 checking installation: OK.
[Theory p] Theory loaded
[Theory p] Theory translated
[Theory p] Derivation checks started
[Theory p] Derivation checks ended
[Theory p] Theory closed
theory p

begin

// Function signature and definition of the equational theory E

functions: fst/1, pair/2, snd/1
equations: fst(<x.1, x.2>) = x.1, snd(<x.1, x.2>) = x.2

rule (modulo E) R:
   [ In( x ) ] --[ A( x ) ]-> [ Out( x ) ]

  /* has exactly the trivial AC variant */

lemma L1:
  all-traces "∀ $x #i. (A( $x ) @ #i) ⇒ (A( $x ) @ #i)"
/*
guarded formula characterizing all counter-examples:
"∃ $x #i. (A( $x ) @ #i) ∧ ¬(A( $x ) @ #i)"
*/
by sorry

lemma L2:
  all-traces "∀ $y #j. (A( $y ) @ #j) ⇒ (A( $y ) @ #j)"
/*
guarded formula characterizing all counter-examples:
"∃ $y #j. (A( $y ) @ #j) ∧ ¬(A( $y ) @ #j)"
*/
by sorry

/*
WARNING: the following wellformedness checks failed!

Quantifier sorts
================

  Lemma `L1' uses quantifiers with wrong sort: ("x",LSortPub)
  
  Lemma `L2' uses quantifiers with wrong sort: ("y",LSortPub)
*/

/*
Generated from:
Tamarin version 1.13.0
Maude version 3.5.1
Git revision: 0234f6a1abee25677c0accef62de0ac2883b0347 (with uncommited changes), branch: HEAD
Compiled at: 2026-07-16 18:33:16.036427196 UTC
*/

end

==============================================================================
summary of summaries:

analyzed: /home/kamilner/tamarin-cleanroom/wellformedness/round7/probes/qs_2lem.spthy

  processing time: 0.07s
  
  WARNING: 2 wellformedness check failed!
  
  L1 (all-traces): analysis incomplete (1 steps)
  L2 (all-traces): analysis incomplete (1 steps)

==============================================================================
