maude tool: 'maude'
 checking version: 3.5.1. OK.
 checking installation: OK.
[Theory p] Theory loaded
[Theory p] Theory translated
[Theory p] Derivation checks started
[Theory p] Derivation checks ended
[Theory p] Theory closed
theory p

begin

// Function signature and definition of the equational theory E

functions: fst/1, pair/2, snd/1
equations: fst(<x.1, x.2>) = x.1, snd(<x.1, x.2>) = x.2

rule (modulo E) R:
   [ K( x ), !KU( x ) ] --> [ Out( x ) ]

  /* has exactly the trivial AC variant */

/*
WARNING: the following wellformedness checks failed!

Reserved names
==============

  Rule `R' contains facts with reserved names on left-hand-side:
    K( x ), !KU( x )

Facts occur in the left-hand-side but not in any right-hand-side 
=================================================================

  1. in rule "R":  factName `K' arity: 1 multiplicity: Linear
*/

/*
Generated from:
Tamarin version 1.13.0
Maude version 3.5.1
Git revision: 0234f6a1abee25677c0accef62de0ac2883b0347 (with uncommited changes), branch: HEAD
Compiled at: 2026-07-16 18:33:16.036427196 UTC
*/

end

==============================================================================
summary of summaries:

analyzed: /home/kamilner/tamarin-cleanroom/wellformedness/round7/probes/reserved_2fact_1side.spthy

  processing time: 0.07s
  
  WARNING: 2 wellformedness check failed!

==============================================================================
