maude tool: 'maude'
 checking version: 3.5.1. OK.
 checking installation: OK.
[Theory p] Theory loaded
[Theory p] Theory translated
[Theory p] Derivation checks started
[Theory p] Derivation checks ended
[Theory p] Theory closed
theory p

begin

// Function signature and definition of the equational theory E

functions: fst/1, pair/2, snd/1
equations: fst(<x.1, x.2>) = x.1, snd(<x.1, x.2>) = x.2

rule (modulo E) R:
   [ Fr( ~x ), In( x ), Fr( ~z ), In( z ) ] --> [ Out( <x, z> ) ]

  /*
  rule (modulo AC) R:
     [ Fr( ~x ), In( x.1 ), Fr( ~z ), In( z.1 ) ] --> [ Out( <x.1, z.1> ) ]
  */

/*
WARNING: the following wellformedness checks failed!

Variable with mismatching sorts or capitalization
=================================================

Possible reasons:
1. Identifiers are case sensitive, i.e.,'x' and 'X' are considered to be different.
2. The same holds for sorts:, i.e., '$x', 'x', and '~x' are considered to be different.

  rule `R': 
    1. ~x, x
    
    2. ~z, z
*/

/*
Generated from:
Tamarin version 1.13.0
Maude version 3.5.1
Git revision: 0234f6a1abee25677c0accef62de0ac2883b0347 (with uncommited changes), branch: HEAD
Compiled at: 2026-07-16 18:33:16.036427196 UTC
*/

end

==============================================================================
summary of summaries:

analyzed: /home/kamilner/tamarin-cleanroom/wellformedness/round7/probes/sort_2grp_1rule.spthy

  processing time: 0.10s
  
  WARNING: 1 wellformedness check failed!

==============================================================================
