maude tool: 'maude'
 checking version: 3.5.1. OK.
 checking installation: OK.
[Theory p] Theory loaded
[Theory p] Theory translated
[Theory p] Derivation checks started
[Theory p] Derivation checks ended
[Theory p] Theory closed
theory p

begin

// Function signature and definition of the equational theory E

functions: fst/1, pair/2, snd/1
equations: fst(<x.1, x.2>) = x.1, snd(<x.1, x.2>) = x.2

rule (modulo E) R:
   [ Fr( ~x ) ] --> [ In( ~x ), Out( x ) ]

  /*
  rule (modulo AC) R:
     [ Fr( ~x ) ] --> [ In( ~x ), Out( x.1 ) ]
  */

/*
WARNING: the following wellformedness checks failed!

Unbound variables
=================

  rule `R' has unbound variables: 
    x

Variable with mismatching sorts or capitalization
=================================================

Possible reasons:
1. Identifiers are case sensitive, i.e.,'x' and 'X' are considered to be different.
2. The same holds for sorts:, i.e., '$x', 'x', and '~x' are considered to be different.

  rule `R': 
    1. ~x, x

Special facts
=============

  rule `R' uses disallowed facts on right-hand-side:
    In( ~x )

Message Derivation Checks
=========================

  The variables of the following rule(s) are not derivable from their premises, you may be performing unintended pattern matching.

Rule R: 
Failed to derive Variable(s): x
*/

/*
Generated from:
Tamarin version 1.13.0
Maude version 3.5.1
Git revision: 0234f6a1abee25677c0accef62de0ac2883b0347 (with uncommited changes), branch: HEAD
Compiled at: 2026-07-16 18:33:16.036427196 UTC
*/

end

==============================================================================
summary of summaries:

analyzed: /home/kamilner/tamarin-cleanroom/wellformedness/round7/probes/special_2fact_1side.spthy

  processing time: 0.07s
  
  WARNING: 4 wellformedness check failed!

==============================================================================
