# QUERIES.log — Unit G (message derivation checks) clean-room oracle interactions
# Oracle: oracle/hs_oracle.sh (wraps black-box HS tamarin-prover binary; accepts extra CLI flags)
# Each entry: purpose => observation. No forbidden path (/home/kamilner/tamarin-rs/) was read;
# only oracle scripts were EXECUTED and their captured stdout observed.

2026-07-17 | Probe --help for derivcheck flags
  `hs_oracle.sh --help | grep deriv` => `-d --derivcheck-timeout[=INT]` "Set timeout for
  message derivation checks in sec (default 5). 0 deactivates check."

2026-07-17 | Capture default-run output for all 8 oracle/examples/*.spthy
  => cav13/DH_example: "All wellformedness checks were successful." (no deriv topic).
  => 7 POIDC theories: emit topic "Message Derivation Checks" (reSign fails: m,r2,sk2;
     POIDC_CMB additionally RP_gets_idToken: pkA).

2026-07-17 | Determine report ORDER + exact block bytes (cat -A on POIDC_CMB / OIDC_CodeFlow)
  => topic order: [LHS-not-RHS facts], [Subterm Convergence Warning], [Message Derivation
     Checks] — deriv topic is LAST. Underline = 25 '=' (== len("Message Derivation Checks")).
     Per-rule header "Rule <name>: " has a TRAILING SPACE. Uniform blank-line separation.
     Count "WARNING: N wellformedness check failed!" = number of distinct failing TOPICS.

2026-07-17 | Probe theories p1..p6 (authored minimal .spthy inputs) to find the trigger
  p1 In(x)->Out(x): NO warning (bare var derivable).
  p2a In(h(<zz,aa,mm>)) / p2b In(h(zz)),In(h(aa)),In(h(mm)): warn vars "aa, mm, zz"
     -> reported ALPHABETICALLY, not source order.
  p3 Fr(~x)->Out(~x): NO warning (fresh bound by Fr is derivable).
  p4 In(<a,b>)->Out(<a,b>): NO warning (pair invertible via fst/snd).
  p6 In(skf(x)), skf private: warn "x".

2026-07-17 | Probes o1..o4 (sort semantics, rule order, no_derivcheck)
  o1 In(h(<v10,v2,v1>)): "v1, v10, v2" -> name compared LEXICOGRAPHICALLY (string).
  o2 In(h(x)),In(h($p)),In(h(~n)): "~n, x" -> $p (public) EXCLUDED; ~n before x.
  o3 rule Zebra; rule Apple: reported "Rule Zebra" then "Rule Apple" -> THEORY(source) order.
  o4 rule R [no_derivcheck] In(h(x)): NO warning -> attribute suppresses the rule.

2026-07-17 | Probes s1..s4 (sort key disambiguation, index, candidate scope, mixed)
  s1 In(h(aaa)),In(h(~zzz)): "~zzz, aaa" -> SORT-TAG dominates name (Fresh < Msg);
     name-first would give aaa first, so key is (sort, name, idx).
  s2 In(h(<x.1,x.10,x.2>)): "x.1, x.2, x.10" -> index compared NUMERICALLY.
  s3 rule Use [St(x),In(h(y))]: only "y" -> state-fact var x is derivable (not flagged);
     only intruder-supplied (In) content matters.
  s4 rule Good In(x)->Out(x); rule Bad In(h(w)): only "Rule Bad: w" -> derivable rules omitted.

2026-07-17 | dedup + diff-mode
  d1 In(h(w)),In(h(w)): "w" once -> variables de-duplicated.
  d2 --diff In(h(w)): topic still "Message Derivation Checks" (diff unchanged); phase-log
     shows saturation lines between started/ended. "Derivation Checks" (no "Message") in SPEC
     = the driver PHASE-LOG line "[Theory X] Derivation checks started/ended", not a wf topic.

2026-07-17 | Timeout / activation via --derivcheck-timeout=N (MUST use '='; `-d 1` mis-parses
  '1' as a filename => "openFile: does not exist")
  =0 on POIDC_H: NO "Message Derivation Checks" topic; Subterm still fires (count 2->1);
     phase-log lines still print. => timeout 0 fully deactivates the check.
  =1 / =5 on POIDC_H: reSign reported normally (check is fast).

2026-07-17 | Attempt to force a REAL per-rule timeout (xor AC-heavy rules)
  slow_xor 8-var In(h(a1 XOR..a8)): "Derivation checks ended" prints FAST; the hang is LATER
     precomputation, not the deriv check. slow5 with --saturation=1 --open-chains=1 completes
     and deriv check finds nothing. => The derivation check is robustly FAST; a real
     per-rule timeout cannot be practically triggered with sane inputs. Per-rule timeout OUTPUT
     text is therefore UNOBSERVED (documented residual; conservative fail-open default chosen).

# ============================ ROUND 4 (Unit G gap-closing) ============================
2026-07-17 R4 | GAP1: re-capture exact topic-block bytes (POIDC_CMB / t0 cat -A)
  Two-rule block (297 bytes, no trailing NL) = heading+underline(25 '=')+blank+intro+blank+
  "Rule reSign: \nFailed to derive Variable(s): m, r2, sk2"+blank+"Rule RP_gets_idToken: \n
  Failed to derive Variable(s): pkA". Topic blocks in report joined by one blank line ("\n\n");
  each block CARRIES its own heading => this topic must be ONE value incl. heading.

2026-07-17 R4 | GAP2: ordering discriminators (authored g2_*.spthy)
  g2_idxname  In(h(<y.1,x.2>))            => "y.1, x.2"            (idx1<idx2; NOT name-first)
  g2_case     In(h(<apple,Zebra>))        => "Zebra, apple"       (name ASCII byte order, Z<a)
  g2_nodot    In(h(<x2,x10>))             => "x10, x2"            (no-dot digits stay in NAME,
                                                                   idx0; ASCII "x10"<"x2")
  g2_mixed    In(h(<b.2,a.10,a.2,b>)),~c  => "~c, b, a.2, b.2, a.10"  (idx PRIMARY)
  g2_freshidx In(h(~a.2)),In(h(b))        => "b, ~a.2"            (idx0 b before idx2 ~a.2 =>
                                                                   idx OUTRANKS sort)
  g2_cross    In(h(<~p.3,q>)),In(h(<r.1,~s>)) => "~s, q, r.1, ~p.3" (idx,then sort fresh<msg)
  g2_strong   In(h(<z.1,a.2,~z.2,~a.1,m>)) => "m, ~a.1, z.1, ~z.2, a.2"  (idx,sort,name exact)
  => CONFIRMED order key = (idx numeric ASC, sort[Fresh<Msg<Nat], name ASCII). Prior
     (sort_rank,name,idx) key is WRONG (idx must be primary).

2026-07-17 R4 | GAP3: candidate scope
  g3_concl  [Fr(~n)]-->[Store(~n,k)]        => flags "k"  (conclusion-only var IS a candidate;
                                               also emits separate "Unbound variables" topic)
  g3_act    [Fr(~n)]--[Ev(z)]->[Out(~n)]    => flags "z"  (action-only var IS a candidate)
  g3_nullary functions: c/0; In(h(c))       => NO warning (c is a nullary-fn CONSTANT, not var)
  g3_nullary_ctrl (c undeclared) In(h(c))   => flags "c"  (undeclared lowercase = variable)
  g3_pub    In(h($p))                       => NO warning (public-sort NEVER flagged)
  g3_temporal In(h(#i))                     => PARSE ERROR (temporal/node not expressible in
                                               message term position => never a candidate)
  g3_nat    builtins natural-numbers In(h(%x)) => flags "%x" (NAT-sort CAN be flagged, '%' pfx)

2026-07-17 R4 | GAP3b: nat sort rank
  g3_nat_order  In(h(<%b,a,~c>))  => "~c, a, %b"   (idx0; sort Fresh<Msg<Nat)
  g3_nat_idx    In(h(<%n.1,~n.1,n.1>)) => "~n.1, n.1, %n.1"  (idx1,name n; Fresh<Msg<Nat)
  g3_nat_idxprim In(h(<%a.2,b>)) => "b, %a.2"      (idx0 b before nat idx2; idx primary over nat)

2026-07-17 R4 | GAP4: macro/let pre-expansion
  g4_let        let y=h(w) in In(y)           => "w"  (post-expansion; pre would be no-warn)
  g4_let_rename let y=w   in In(h(y))         => "w"  (NOT "y" => decided AFTER let-subst)
  g4_macro      macros mac(x)=h(x); In(mac(w))=> "w"  (macro expanded before check)
  g4_macro_rename wrap(a)=h(a); let y=w; In(wrap(y)) => "w" (both expansions before check)
  g4_let_twice  let y=h(w) in In(g(y))        => "w"  (let LHS var 'y' never a candidate)
  => CONFIRMED: derivability decided AFTER macro+let expansion; reported names are the
     post-expansion inner names; let-bound LHS vars are eliminated (never candidates).
