l_AF_q10	622
l_AS_q10	622
l_AF_q12	624
l_AS_q12	624
l_AF_q14	626
l_AS_q14	626
l_AF_q16	628
l_AS_q16	628
l_AF_q18	630
l_AS_q18	630
l_AF_q20	632
l_AS_q20	632
l_AF_q22	637
l_AS_q22	637
l_AF_q24	639
l_AS_q24	639
l_AF_q28	643
l_AS_q28	643
l_AF_q34	649
l_AS_q34	649
l_AF_q40	687
l_AS_q40	687
l_AF_q48	701
l_AS_q48	701
l_AF_q58	711
l_AS_q58	711
l_AF_q68	721
l_AS_q68	721
l_AF_q78	731
l_AS_q78	731
l_AF_q88	741
l_AS_q88	741
l_AF_q98	751
l_AS_q98	751
l_ALONE	604
l_WIDE_big25_14	496
l_WIDE_25_big_14	498
l_WIDE_14_25_big	498
