maude tool: 'maude'
 checking version: 3.5.1. OK.
 checking installation: OK.
[Theory counter] Theory loaded
[Theory counter] Theory translated
[Theory counter] Derivation checks started
[Theory counter] Derivation checks ended
[Theory counter] Theory closed
theory counter

begin

// Function signature and definition of the equational theory E

builtins: multiset
functions: fst/1, h/1, pair/2, sdec/2, senc/2, snd/1
equations:
    fst(<x.1, x.2>) = x.1,
    sdec(senc(x.1, x.2), x.2) = x.1,
    snd(<x.1, x.2>) = x.2

/* looping facts with injective instances: Counter/2 */

rule (modulo E) Create:
   [ Fr( ~s ) ] --[ Start( ~s ) ]-> [ Counter( ~s, '1' ) ]

  /* has exactly the trivial AC variant */

rule (modulo E) Inc:
   [ Counter( ~s, x ), In( x ) ]
  --[ Counter( ~s, x ) ]->
   [ Counter( ~s, ('1'++x) ), Out( senc(x, ~s) ) ]

  // loop breaker: [0]
  /* has exactly the trivial AC variant */

lemma counters_linear_order [reuse, use_induction]:
  all-traces
  "∀ x y #i #j s.
    ((Counter( s, x ) @ #i) ∧ (Counter( s, y ) @ #j)) ⇒
    (((∃ z. (x++z) = y) ∨ (∃ z. (y++z) = x)) ∨ (y = x))"
/*
guarded formula characterizing all counter-examples:
"∃ x y #i #j s.
  (Counter( s, x ) @ #i) ∧ (Counter( s, y ) @ #j)
 ∧
  (∀ z. ((x++z) = y) ⇒ ⊥) ∧ (∀ z. ((y++z) = x) ⇒ ⊥) ∧ (¬(y = x))"
*/
by sorry

lemma counter_start [reuse, use_induction]:
  all-traces
  "∀ #i x s.
    (Counter( s, x ) @ #i) ⇒ (∃ #j. (Start( s ) @ #j) ∧ (#j < #i))"
/*
guarded formula characterizing all counter-examples:
"∃ #i x s. (Counter( s, x ) @ #i) ∧ ∀ #j. (Start( s ) @ #j) ⇒ ¬(#j < #i)"
*/
by sorry

lemma counter_increases [reuse, use_induction]:
  all-traces
  "∀ x y #i #j s.
    ((Counter( s, x ) @ #i) ∧ (Counter( s, y ) @ #j)) ⇒
    ((#i < #j) ⇒ (∃ z. (x++z) = y))"
/*
guarded formula characterizing all counter-examples:
"∃ x y #i #j s.
  (Counter( s, x ) @ #i) ∧ (Counter( s, y ) @ #j)
 ∧
  (#i < #j) ∧ (∀ z. ((x++z) = y) ⇒ ⊥)"
*/
by sorry

lemma lesser_senc_secret [use_induction]:
  all-traces
  "∀ x y #i #j s.
    ((Counter( s, x ) @ #i) ∧ (K( senc(h(y), s) ) @ #j)) ⇒
    ((#i < #j) ∨ (∃ z. (y++z) = x))"
/*
guarded formula characterizing all counter-examples:
"∃ x y #i #j s.
  (Counter( s, x ) @ #i) ∧ (K( senc(h(y), s) ) @ #j)
 ∧
  (¬(#i < #j)) ∧ (∀ z. ((y++z) = x) ⇒ ⊥)"
*/
by sorry

/* All wellformedness checks were successful. */

/*
Generated from:
Tamarin version 1.13.0
Maude version 3.5.1
Git revision: 0234f6a1abee25677c0accef62de0ac2883b0347 (with uncommited changes), branch: HEAD
Compiled at: 2026-07-16 18:33:16.036427196 UTC
*/

end

==============================================================================
summary of summaries:

analyzed: /home/kamilner/tamarin-rs/tamarin-prover/examples/features/multiset/counter.spthy

  processing time: 0.11s
  
  counters_linear_order (all-traces): analysis incomplete (1 steps)
  counter_start (all-traces): analysis incomplete (1 steps)
  counter_increases (all-traces): analysis incomplete (1 steps)
  lesser_senc_secret (all-traces): analysis incomplete (1 steps)

==============================================================================
