maude tool: 'maude'
 checking version: 3.5.1. OK.
 checking installation: OK.
[Theory YubikeyMultisets] Theory loaded
[Theory YubikeyMultisets] Theory translated
[Theory YubikeyMultisets] Derivation checks started
[Theory YubikeyMultisets] Derivation checks ended
[Theory YubikeyMultisets] Theory closed
theory YubikeyMultisets

begin

// Function signature and definition of the equational theory E

builtins: multiset
functions: fst/1, pair/2, sdec/2, senc/2, snd/1
equations:
    fst(<x.1, x.2>) = x.1,
    sdec(senc(x.1, x.2), x.2) = x.1,
    snd(<x.1, x.2>) = x.2

/* looping facts with injective instances: Server/3, Y_counter/2 */

section{* The Yubikey-Protocol *}

rule (modulo E) BuyANewYubikey:
   [ Fr( ~k ), Fr( ~pid ), Fr( ~sid ) ]
  --[ Protocol( ), Init( ~pid, ~k ), ExtendedInit( ~pid, ~sid, ~k ) ]->
   [
   !Y( ~pid, ~sid ), Y_counter( ~pid, '1' ), Server( ~pid, ~sid, '1' ),
   !SharedKey( ~pid, ~k ), Out( ~pid )
   ]

  /* has exactly the trivial AC variant */

rule (modulo E) Yubikey_Plugin:
   [ Y_counter( pid, sc ), In( sc ) ]
  --[ Yubi( pid, ('1'++sc) ) ]->
   [ Y_counter( pid, ('1'++sc) ) ]

  // loop breaker: [0]
  /* has exactly the trivial AC variant */

rule (modulo E) Yubikey_PressButton:
   [
   !Y( pid, sid ), Y_counter( pid, tc ), !SharedKey( pid, k ), In( tc ),
   Fr( ~npr ), Fr( ~nonce )
   ]
  --[
  YubiPress( pid, tc ), YubiOTP( pid, senc(<sid, tc, ~npr>, k) ),
  YubiSid( pid, sid, k )
  ]->
   [
   Y_counter( pid, ('1'++tc) ),
   Out( <pid, ~nonce, senc(<sid, tc, ~npr>, k)> )
   ]

  // loop breaker: [1]
  /* has exactly the trivial AC variant */

rule (modulo E) Server_ReceiveOTP_NewSession:
   [
   Server( pid, sid, otc ), In( <pid, nonce, senc(<sid, tc, ~pr>, k)> ),
   !SharedKey( pid, k ), In( otc )
   ]
  --[
  Login( pid, sid, tc, senc(<sid, tc, ~pr>, k) ),
  LoginCounter( pid, otc, tc ), Smaller( otc, tc )
  ]->
   [ Server( pid, sid, tc ) ]

  // loop breaker: [0]
  /* has exactly the trivial AC variant */

restriction smaller:
  "∀ #i a b. (Smaller( a, b ) @ #i) ⇒ (∃ z. (a++z) = b)"

  /*
  expanded formula:
  "∀ #i a b. (Smaller( a, b ) @ #i) ⇒ (∃ z. (a++z) = b)"
  */

lemma transitivity:
  all-traces
  "∀ #t1 #t2 a b c.
    ((Smaller( a, b ) @ #t1) ∧ (Smaller( b, c ) @ #t2)) ⇒ (∃ z. (a++z) = c)"
/*
guarded formula characterizing all counter-examples:
"∃ #t1 #t2 a b c.
  (Smaller( a, b ) @ #t1) ∧ (Smaller( b, c ) @ #t2)
 ∧
  ∀ z. ((a++z) = c) ⇒ ⊥"
*/
by sorry

lemma Login_reachable:
  exists-trace "∃ #i pid sid x otp1. Login( pid, sid, x, otp1 ) @ #i"
/*
guarded formula characterizing all satisfying traces:
"∃ #i pid sid x otp1. (Login( pid, sid, x, otp1 ) @ #i)"
*/
by sorry

lemma slightly_weaker_invariant [reuse, use_induction]:
  all-traces
  "∀ pid otc1 tc1 otc2 tc2 #t1 #t2.
    ((LoginCounter( pid, otc1, tc1 ) @ #t1) ∧
     (LoginCounter( pid, otc2, tc2 ) @ #t2)) ⇒
    ((((#t1 < #t2) ∧ (∃ z. (tc1++z) = tc2)) ∨ (#t2 < #t1)) ∨ (#t1 = #t2))"
/*
guarded formula characterizing all counter-examples:
"∃ pid otc1 tc1 otc2 tc2 #t1 #t2.
  (LoginCounter( pid, otc1, tc1 ) @ #t1) ∧
  (LoginCounter( pid, otc2, tc2 ) @ #t2)
 ∧
  (((¬(#t1 < #t2)) ∨ (∀ z. ((tc1++z) = tc2) ⇒ ⊥))) ∧
  (¬(#t2 < #t1)) ∧
  (¬(#t1 = #t2))"
*/
by sorry

lemma no_replay:
  all-traces
  "¬(∃ #i #j pid sid x otp1 otp2.
      ((Login( pid, sid, x, otp1 ) @ #i) ∧ (Login( pid, sid, x, otp2 ) @ #j)) ∧
      (¬(#i = #j)))"
/*
guarded formula characterizing all counter-examples:
"∃ #i #j pid sid x otp1 otp2.
  (Login( pid, sid, x, otp1 ) @ #i) ∧ (Login( pid, sid, x, otp2 ) @ #j)
 ∧
  ¬(#i = #j)"
*/
by sorry

lemma injective_correspondance:
  all-traces
  "∀ pid sid x otp #t2.
    (Login( pid, sid, x, otp ) @ #t2) ⇒
    (∃ #t1.
      ((YubiPress( pid, x ) @ #t1) ∧ (#t1 < #t2)) ∧
      (∀ otp2 #t3. (Login( pid, sid, x, otp2 ) @ #t3) ⇒ (#t3 = #t2)))"
/*
guarded formula characterizing all counter-examples:
"∃ pid sid x otp #t2.
  (Login( pid, sid, x, otp ) @ #t2)
 ∧
  ∀ #t1.
   (YubiPress( pid, x ) @ #t1)
  ⇒
   ((¬(#t1 < #t2)) ∨
    (∃ otp2 #t3. (Login( pid, sid, x, otp2 ) @ #t3) ∧ ¬(#t3 = #t2)))"
*/
by sorry

lemma Login_invalidates_smaller_counters:
  all-traces
  "∀ pid otc1 tc1 otc2 tc2 #t1 #t2 #t3.
    (((LoginCounter( pid, otc1, tc1 ) @ #t1) ∧
      (LoginCounter( pid, otc2, tc2 ) @ #t2)) ∧
     (Smaller( tc1, tc2 ) @ #t3)) ⇒
    (#t1 < #t2)"
/*
guarded formula characterizing all counter-examples:
"∃ pid otc1 tc1 otc2 tc2 #t1 #t2 #t3.
  (LoginCounter( pid, otc1, tc1 ) @ #t1) ∧
  (LoginCounter( pid, otc2, tc2 ) @ #t2) ∧
  (Smaller( tc1, tc2 ) @ #t3)
 ∧
  ¬(#t1 < #t2)"
*/
by sorry

/* All wellformedness checks were successful. */

/*
Generated from:
Tamarin version 1.13.0
Maude version 3.5.1
Git revision: 0234f6a1abee25677c0accef62de0ac2883b0347 (with uncommited changes), branch: HEAD
Compiled at: 2026-07-16 18:33:16.036427196 UTC
*/

end

==============================================================================
summary of summaries:

analyzed: /home/kamilner/tamarin-rs/tamarin-prover/examples/related_work/YubiSecure_KS_STM12/Yubikey_multiset.spthy

  processing time: 0.53s
  
  transitivity (all-traces): analysis incomplete (1 steps)
  Login_reachable (exists-trace): analysis incomplete (1 steps)
  slightly_weaker_invariant (all-traces): analysis incomplete (1 steps)
  no_replay (all-traces): analysis incomplete (1 steps)
  injective_correspondance (all-traces): analysis incomplete (1 steps)
  Login_invalidates_smaller_counters (all-traces): analysis incomplete (1 steps)

==============================================================================
