maude tool: 'maude'
 checking version: 3.5.1. OK.
 checking installation: OK.
[Theory TestPredicate] Theory loaded
[Theory TestPredicate] Theory translated
[Theory TestPredicate] Derivation checks started
[Theory TestPredicate] Derivation checks ended
[Theory TestPredicate] Theory closed
theory TestPredicate

begin

// Function signature and definition of the equational theory E

functions: fst/1, pair/2, snd/1
equations: fst(<x.1, x.2>) = x.1, snd(<x.1, x.2>) = x.2

rule (modulo E) ActionRule:
   [ ] --[ Action( 'hi' ) ]-> [ ]

  /* has exactly the trivial AC variant */

predicate: Exists( #time )<=>∃ val. Action( val ) @ #time

predicate: ExistsVal( val )<=>∃ #time. Action( val ) @ #time

lemma hi:
  exists-trace "∃ #t val. Action( val ) @ #t"
/*
guarded formula characterizing all satisfying traces:
"∃ #t val. (Action( val ) @ #t)"
*/
by sorry

lemma ho:
  exists-trace "∃ a #time. Action( a ) @ #time"
/*
guarded formula characterizing all satisfying traces:
"∃ a #time. (Action( a ) @ #time)"
*/
by sorry

/* All wellformedness checks were successful. */

/*
Generated from:
Tamarin version 1.13.0
Maude version 3.5.1
Git revision: 0234f6a1abee25677c0accef62de0ac2883b0347 (with uncommited changes), branch: HEAD
Compiled at: 2026-07-16 18:33:16.036427196 UTC
*/

end

==============================================================================
summary of summaries:

analyzed: /home/kamilner/tamarin-rs/tamarin-prover/examples/sapic/fast/feature-predicates/timepoints.spthy

  processing time: 0.07s
  
  hi (exists-trace): analysis incomplete (1 steps)
  ho (exists-trace): analysis incomplete (1 steps)

==============================================================================
